#
# A fatal error has been detected by the Java Runtime Environment:
#
#  EXCEPTION_INVALID_HANDLE (0xc0000008) at pc=0x00000000771f8078, pid=7176, tid=0x0000000000001fc0
#
# JRE version: Java(TM) SE Runtime Environment (8.0_121-b13) (build 1.8.0_121-b13)
# Java VM: Java HotSpot(TM) 64-Bit Server VM (25.121-b13 mixed mode windows-amd64 compressed oops)
# Problematic frame:
# C  [ntdll.dll+0xc8078]
#
# Failed to write core dump. Minidumps are not enabled by default on client versions of Windows
#
# If you would like to submit a bug report, please visit:
#   http://bugreport.java.com/bugreport/crash.jsp
# The crash happened outside the Java Virtual Machine in native code.
# See problematic frame for where to report the bug.
#

---------------  T H R E A D  ---------------

Current thread (0x0000000056a46000):  JavaThread "Thread-11" [_thread_in_native, id=8128, stack(0x0000000058040000,0x0000000058140000)]

siginfo: ExceptionCode=0xc0000008

Registers:
RAX=0x00000000c0000008, RBX=0x00000000c0000008, RCX=0x000000005813e090, RDX=0x0000000000000000
RSP=0x000000005813dfd0, RBP=0x0000000000000000, RSI=0x00000000003dfba0, RDI=0x0000000077262490
R8 =0x000000005813e568, R9 =0x0000000000000000, R10=0x0000000000000000, R11=0x0000000000000246
R12=0x0000000000000000, R13=0x00000000547baee0, R14=0x000007fffff84000, R15=0x0000000000000000
RIP=0x00000000771f8078, EFLAGS=0x0000000000000202

Top of Stack: (sp=0x000000005813dfd0)
0x000000005813dfd0:   000000005813dff0 000000005813e090
0x000000005813dfe0:   0000000000000001 0000000000000000
0x000000005813dff0:   00000001c0000008 0000000000000000
0x000000005813e000:   00000000771f8078 0000000000000000
0x000000005813e010:   00000000543de26c 000000005813e070
0x000000005813e020:   00000000543dee58 0000000000000000
0x000000005813e030:   00000000543de278 0000000000000000
0x000000005813e040:   000000005813e058 000000005813e0b8
0x000000005813e050:   00000000024f8331 0000000000000052
0x000000005813e060:   00000000ec48c118 0000000000000052
0x000000005813e070:   00000000ec446080 000000005813e078
0x000000005813e080:   00000000543e2592 000000005813e120
0x000000005813e090:   00000000543e59f0 0000000002507968
0x000000005813e0a0:   00008667f0b44204 00000000738cc1e5
0x000000005813e0b0:   000000005813e210 00000000543a48d8
0x000000005813e0c0:   00001fa00010000f 0053002b002b0033 

Instructions: (pc=0x00000000771f8078)
0x00000000771f8058:   90 90 90 90 90 90 90 90 ff f3 48 81 ec 90 05 00
0x00000000771f8068:   00 8b d9 48 8d 8c 24 c0 00 00 00 e8 f8 31 f8 ff
0x00000000771f8078:   48 8b 84 24 b8 01 00 00 33 d2 48 89 54 24 28 89
0x00000000771f8088:   54 24 38 89 5c 24 20 48 89 44 24 30 c7 44 24 24 


Register to memory mapping:

RAX=0x00000000c0000008 is an unknown value
RBX=0x00000000c0000008 is an unknown value
RCX=0x000000005813e090 is pointing into the stack for thread: 0x0000000056a46000
RDX=0x0000000000000000 is an unknown value
RSP=0x000000005813dfd0 is pointing into the stack for thread: 0x0000000056a46000
RBP=0x0000000000000000 is an unknown value
RSI=0x00000000003dfba0 is an unknown value
RDI=0x0000000077262490 is an unknown value
R8 =0x000000005813e568 is pointing into the stack for thread: 0x0000000056a46000
R9 =0x0000000000000000 is an unknown value
R10=0x0000000000000000 is an unknown value
R11=0x0000000000000246 is an unknown value
R12=0x0000000000000000 is an unknown value
R13={method} {0x00000000547baee8} 'reset' '(J)I' in 'org/sqlite/core/NativeDB'
R14=0x000007fffff84000 is an unknown value
R15=0x0000000000000000 is an unknown value


Stack: [0x0000000058040000,0x0000000058140000],  sp=0x000000005813dfd0,  free space=1015k
Native frames: (J=compiled Java code, j=interpreted, Vv=VM code, C=native code)

Java frames: (J=compiled Java code, j=interpreted, Vv=VM code)
j  org.sqlite.core.NativeDB.reset(J)I+0
j  org.sqlite.core.CoreResultSet.close()V+81
j  org.sqlite.core.CoreStatement.internalClose()V+34
j  org.sqlite.jdbc3.JDBC3Statement.executeQuery(Ljava/lang/String;)Ljava/sql/ResultSet;+1
j  es.deusto.grupo3.LNegocio.GestorCoche.getVehiculos(Ljava/sql/Statement;)Ljava/util/ArrayList;+25
j  es.deusto.grupo3.RendimientoTest.getVehiculos()V+7
v  ~StubRoutines::call_stub
j  sun.reflect.NativeMethodAccessorImpl.invoke0(Ljava/lang/reflect/Method;Ljava/lang/Object;[Ljava/lang/Object;)Ljava/lang/Object;+0
j  sun.reflect.NativeMethodAccessorImpl.invoke(Ljava/lang/Object;[Ljava/lang/Object;)Ljava/lang/Object;+100
j  sun.reflect.DelegatingMethodAccessorImpl.invoke(Ljava/lang/Object;[Ljava/lang/Object;)Ljava/lang/Object;+6
j  java.lang.reflect.Method.invoke(Ljava/lang/Object;[Ljava/lang/Object;)Ljava/lang/Object;+56
j  org.junit.runners.model.FrameworkMethod$1.runReflectiveCall()Ljava/lang/Object;+15
j  org.junit.internal.runners.model.ReflectiveCallable.run()Ljava/lang/Object;+1
j  org.junit.runners.model.FrameworkMethod.invokeExplosively(Ljava/lang/Object;[Ljava/lang/Object;)Ljava/lang/Object;+10
j  org.junit.internal.runners.statements.InvokeMethod.evaluate()V+12
j  org.databene.contiperf.junit.JUnitInvoker.invoke([Ljava/lang/Object;)Ljava/lang/Object;+4
j  org.databene.contiperf.util.InvokerProxy.invoke([Ljava/lang/Object;)Ljava/lang/Object;+5
j  org.databene.contiperf.PerformanceTracker.invoke([Ljava/lang/Object;)Ljava/lang/Object;+17
j  org.databene.contiperf.TimedRunner.run()V+24
j  java.lang.Thread.run()V+11
v  ~StubRoutines::call_stub

---------------  P R O C E S S  ---------------

Java Threads: ( => current thread )
  0x0000000056a4c000 JavaThread "Thread-19" [_thread_blocked, id=2424, stack(0x0000000058c90000,0x0000000058d90000)]
  0x0000000056a4b000 JavaThread "Thread-18" [_thread_blocked, id=4328, stack(0x00000000586e0000,0x00000000587e0000)]
  0x0000000056a4a800 JavaThread "Thread-17" [_thread_blocked, id=3396, stack(0x00000000589f0000,0x0000000058af0000)]
  0x0000000056a49800 JavaThread "Thread-16" [_thread_blocked, id=4380, stack(0x0000000058800000,0x0000000058900000)]
  0x0000000056a49000 JavaThread "Thread-15" [_thread_blocked, id=6956, stack(0x0000000058280000,0x0000000058380000)]
  0x0000000056a48000 JavaThread "Thread-14" [_thread_blocked, id=7832, stack(0x00000000585c0000,0x00000000586c0000)]
  0x0000000056a47800 JavaThread "Thread-13" [_thread_blocked, id=7716, stack(0x00000000583a0000,0x00000000584a0000)]
  0x0000000056a46800 JavaThread "Thread-12" [_thread_blocked, id=1772, stack(0x0000000058150000,0x0000000058250000)]
=>0x0000000056a46000 JavaThread "Thread-11" [_thread_in_native, id=8128, stack(0x0000000058040000,0x0000000058140000)]
  0x0000000056a45000 JavaThread "Thread-10" [_thread_blocked, id=4824, stack(0x0000000057f30000,0x0000000058030000)]
  0x0000000056953800 JavaThread "Thread-9" [_thread_blocked, id=4692, stack(0x0000000057d20000,0x0000000057e20000)]
  0x0000000056951000 JavaThread "Thread-8" [_thread_blocked, id=3156, stack(0x0000000057bf0000,0x0000000057cf0000)]
  0x000000005694c000 JavaThread "Thread-7" [_thread_blocked, id=6940, stack(0x0000000057ae0000,0x0000000057be0000)]
  0x000000005694b800 JavaThread "Thread-6" [_thread_blocked, id=5512, stack(0x0000000057030000,0x0000000057130000)]
  0x0000000056948800 JavaThread "Thread-5" [_thread_blocked, id=6120, stack(0x0000000057950000,0x0000000057a50000)]
  0x0000000056946000 JavaThread "Thread-4" [_thread_blocked, id=1368, stack(0x0000000057750000,0x0000000057850000)]
  0x000000005696f800 JavaThread "Thread-3" [_thread_blocked, id=4248, stack(0x0000000057850000,0x0000000057950000)]
  0x000000005696f000 JavaThread "Thread-2" [_thread_blocked, id=6664, stack(0x0000000057650000,0x0000000057750000)]
  0x000000005696e000 JavaThread "Thread-1" [_thread_blocked, id=4544, stack(0x00000000574b0000,0x00000000575b0000)]
  0x000000005696d800 JavaThread "Thread-0" [_thread_blocked, id=6180, stack(0x0000000057310000,0x0000000057410000)]
  0x000000005614c000 JavaThread "ReaderThread" [_thread_in_native, id=7764, stack(0x0000000056720000,0x0000000056820000)]
  0x0000000054c9f000 JavaThread "Service Thread" daemon [_thread_blocked, id=7248, stack(0x00000000565a0000,0x00000000566a0000)]
  0x0000000054c72000 JavaThread "C1 CompilerThread1" daemon [_thread_blocked, id=5624, stack(0x0000000055f20000,0x0000000056020000)]
  0x0000000054c6a800 JavaThread "C2 CompilerThread0" daemon [_thread_blocked, id=5600, stack(0x0000000055c80000,0x0000000055d80000)]
  0x0000000054c69000 JavaThread "Attach Listener" daemon [_thread_blocked, id=7044, stack(0x0000000055e00000,0x0000000055f00000)]
  0x0000000054c67800 JavaThread "Signal Dispatcher" daemon [_thread_blocked, id=4512, stack(0x0000000055b60000,0x0000000055c60000)]
  0x0000000054c4c800 JavaThread "Finalizer" daemon [_thread_blocked, id=2040, stack(0x0000000055a40000,0x0000000055b40000)]
  0x0000000054c05800 JavaThread "Reference Handler" daemon [_thread_blocked, id=4268, stack(0x0000000055920000,0x0000000055a20000)]
  0x0000000001d8e800 JavaThread "main" [_thread_blocked, id=6544, stack(0x0000000002120000,0x0000000002220000)]

Other Threads:
  0x0000000054bfb800 VMThread [stack: 0x00000000557c0000,0x00000000558c0000] [id=7072]
  0x0000000056086000 WatcherThread [stack: 0x0000000056480000,0x0000000056580000] [id=7532]

VM state:not at safepoint (normal execution)

VM Mutex/Monitor currently owned by a thread: None

Heap:
 PSYoungGen      total 18944K, used 5307K [0x00000000eb400000, 0x00000000ec900000, 0x0000000100000000)
  eden space 16384K, 18% used [0x00000000eb400000,0x00000000eb6e16e8,0x00000000ec400000)
  from space 2560K, 92% used [0x00000000ec400000,0x00000000ec64d648,0x00000000ec680000)
  to   space 2560K, 0% used [0x00000000ec680000,0x00000000ec680000,0x00000000ec900000)
 ParOldGen       total 44032K, used 8K [0x00000000c1c00000, 0x00000000c4700000, 0x00000000eb400000)
  object space 44032K, 0% used [0x00000000c1c00000,0x00000000c1c02000,0x00000000c4700000)
 Metaspace       used 7204K, capacity 7360K, committed 7552K, reserved 1056768K
  class space    used 854K, capacity 892K, committed 896K, reserved 1048576K

Card table byte_map: [0x00000000118b0000,0x0000000011ab0000] byte_map_base: 0x00000000112a2000

Marking Bits: (ParMarkBitMap*) 0x000000006824b6d0
 Begin Bits: [0x0000000012180000, 0x0000000013110000)
 End Bits:   [0x0000000013110000, 0x00000000140a0000)

Polling page: 0x0000000000300000

CodeCache: size=245760Kb used=2304Kb max_used=2304Kb free=243456Kb
 bounds [0x00000000024f0000, 0x0000000002760000, 0x00000000114f0000]
 total_blobs=850 nmethods=528 adapters=236
 compilation: enabled

Compilation events (10 events):
Event: 1.872 Thread 0x0000000054c72000  526       3       java.io.PrintStream::ensureOpen (18 bytes)
Event: 1.872 Thread 0x0000000054c72000 nmethod 526 0x000000000272c550 code [0x000000000272c6c0, 0x000000000272c908]
Event: 1.872 Thread 0x0000000054c72000  527  s    3       java.io.BufferedOutputStream::flush (12 bytes)
Event: 1.873 Thread 0x0000000054c72000 nmethod 527 0x000000000272ed50 code [0x000000000272eee0, 0x000000000272f3b8]
Event: 1.873 Thread 0x0000000054c72000  528       3       java.io.BufferedOutputStream::flushBuffer (29 bytes)
Event: 1.873 Thread 0x0000000054c72000 nmethod 528 0x00000000027302d0 code [0x0000000002730440, 0x00000000027306a8]
Event: 1.873 Thread 0x0000000054c72000  524       3       java.io.BufferedWriter::min (9 bytes)
Event: 1.873 Thread 0x0000000054c72000 nmethod 524 0x0000000002730750 code [0x00000000027308a0, 0x0000000002730a30]
Event: 1.873 Thread 0x0000000054c72000  525   !   3       java.io.BufferedWriter::flushBuffer (53 bytes)
Event: 1.874 Thread 0x0000000054c72000 nmethod 525 0x0000000002730a90 code [0x0000000002730c40, 0x0000000002731218]

GC Heap History (2 events):
Event: 1.825 GC heap before
{Heap before GC invocations=1 (full 0):
 PSYoungGen      total 18944K, used 16384K [0x00000000eb400000, 0x00000000ec900000, 0x0000000100000000)
  eden space 16384K, 100% used [0x00000000eb400000,0x00000000ec400000,0x00000000ec400000)
  from space 2560K, 0% used [0x00000000ec680000,0x00000000ec680000,0x00000000ec900000)
  to   space 2560K, 0% used [0x00000000ec400000,0x00000000ec400000,0x00000000ec680000)
 ParOldGen       total 44032K, used 0K [0x00000000c1c00000, 0x00000000c4700000, 0x00000000eb400000)
  object space 44032K, 0% used [0x00000000c1c00000,0x00000000c1c00000,0x00000000c4700000)
 Metaspace       used 7057K, capacity 7248K, committed 7296K, reserved 1056768K
  class space    used 839K, capacity 884K, committed 896K, reserved 1048576K
Event: 1.832 GC heap after
Heap after GC invocations=1 (full 0):
 PSYoungGen      total 18944K, used 2357K [0x00000000eb400000, 0x00000000ec900000, 0x0000000100000000)
  eden space 16384K, 0% used [0x00000000eb400000,0x00000000eb400000,0x00000000ec400000)
  from space 2560K, 92% used [0x00000000ec400000,0x00000000ec64d648,0x00000000ec680000)
  to   space 2560K, 0% used [0x00000000ec680000,0x00000000ec680000,0x00000000ec900000)
 ParOldGen       total 44032K, used 8K [0x00000000c1c00000, 0x00000000c4700000, 0x00000000eb400000)
  object space 44032K, 0% used [0x00000000c1c00000,0x00000000c1c02000,0x00000000c4700000)
 Metaspace       used 7057K, capacity 7248K, committed 7296K, reserved 1056768K
  class space    used 839K, capacity 884K, committed 896K, reserved 1048576K
}

Deoptimization events (7 events):
Event: 0.605 Thread 0x0000000001d8e800 Uncommon trap: reason=unstable_if action=reinterpret pc=0x000000000264b9f8 method=java.lang.String.indexOf([CII[CIII)I @ 123
Event: 0.605 Thread 0x0000000001d8e800 Uncommon trap: reason=unstable_if action=reinterpret pc=0x0000000002630454 method=java.lang.String.indexOf([CII[CIII)I @ 123
Event: 0.959 Thread 0x0000000001d8e800 Uncommon trap: reason=unstable_if action=reinterpret pc=0x00000000026a6b2c method=java.lang.AbstractStringBuilder.append(Ljava/lang/String;)Ljava/lang/AbstractStringBuilder; @ 1
Event: 0.972 Thread 0x0000000001d8e800 Uncommon trap: reason=unstable_if action=reinterpret pc=0x00000000026b8ef4 method=java.lang.AbstractStringBuilder.append(Ljava/lang/String;)Ljava/lang/AbstractStringBuilder; @ 1
Event: 1.064 Thread 0x0000000001d8e800 Uncommon trap: reason=unstable_if action=reinterpret pc=0x00000000026a3308 method=java.lang.String.indexOf([CII[CIII)I @ 3
Event: 1.618 Thread 0x0000000001d8e800 Uncommon trap: reason=unstable_if action=reinterpret pc=0x00000000026a1290 method=sun.nio.cs.UTF_8$Encoder.encode([CII[B)I @ 33
Event: 1.779 Thread 0x0000000001d8e800 Uncommon trap: reason=unstable_if action=reinterpret pc=0x00000000027120c8 method=org.sqlite.SQLiteJDBCLoader.contentsEquals(Ljava/io/InputStream;Ljava/io/InputStream;)Z @ 39

Internal exceptions (10 events):
Event: 0.920 Thread 0x0000000001d8e800 Exception <a 'java/lang/ClassNotFoundException': org/apache/log4j/RollingFileAppenderBeanInfo> (0x00000000ebab0778) thrown at [C:\re\workspace\8-2-build-windows-amd64-cygwin\jdk8u121\8372\hotspot\src\share\vm\classfile\systemDictionary.cpp, line 210]
Event: 0.921 Thread 0x0000000001d8e800 Exception <a 'java/lang/ClassNotFoundException': org/apache/log4j/FileAppenderBeanInfo> (0x00000000ebab9f80) thrown at [C:\re\workspace\8-2-build-windows-amd64-cygwin\jdk8u121\8372\hotspot\src\share\vm\classfile\systemDictionary.cpp, line 210]
Event: 0.923 Thread 0x0000000001d8e800 Exception <a 'java/lang/ClassNotFoundException': org/apache/log4j/WriterAppenderBeanInfo> (0x00000000ebac3988) thrown at [C:\re\workspace\8-2-build-windows-amd64-cygwin\jdk8u121\8372\hotspot\src\share\vm\classfile\systemDictionary.cpp, line 210]
Event: 0.924 Thread 0x0000000001d8e800 Exception <a 'java/lang/ClassNotFoundException': org/apache/log4j/AppenderSkeletonBeanInfo> (0x00000000ebacd560) thrown at [C:\re\workspace\8-2-build-windows-amd64-cygwin\jdk8u121\8372\hotspot\src\share\vm\classfile\systemDictionary.cpp, line 210]
Event: 0.926 Thread 0x0000000001d8e800 Exception <a 'java/lang/ClassNotFoundException': org/apache/log4j/AppenderSkeletonCustomizer> (0x00000000ebad73d0) thrown at [C:\re\workspace\8-2-build-windows-amd64-cygwin\jdk8u121\8372\hotspot\src\share\vm\classfile\systemDictionary.cpp, line 210]
Event: 0.933 Thread 0x0000000001d8e800 Exception <a 'java/lang/ClassNotFoundException': org/apache/log4j/WriterAppenderCustomizer> (0x00000000ebaf4768) thrown at [C:\re\workspace\8-2-build-windows-amd64-cygwin\jdk8u121\8372\hotspot\src\share\vm\classfile\systemDictionary.cpp, line 210]
Event: 0.941 Thread 0x0000000001d8e800 Exception <a 'java/lang/ClassNotFoundException': org/apache/log4j/FileAppenderCustomizer> (0x00000000ebb0a7f0) thrown at [C:\re\workspace\8-2-build-windows-amd64-cygwin\jdk8u121\8372\hotspot\src\share\vm\classfile\systemDictionary.cpp, line 210]
Event: 0.948 Thread 0x0000000001d8e800 Exception <a 'java/lang/ClassNotFoundException': org/apache/log4j/RollingFileAppenderCustomizer> (0x00000000ebb212d0) thrown at [C:\re\workspace\8-2-build-windows-amd64-cygwin\jdk8u121\8372\hotspot\src\share\vm\classfile\systemDictionary.cpp, line 210]
Event: 0.959 Thread 0x0000000001d8e800 Implicit null exception at 0x00000000026a6786 to 0x00000000026a6b15
Event: 0.972 Thread 0x0000000001d8e800 Implicit null exception at 0x00000000026b8b46 to 0x00000000026b8edd

Events (10 events):
Event: 1.846 loading class sun/reflect/Label
Event: 1.846 loading class sun/reflect/Label done
Event: 1.846 loading class sun/reflect/Label$PatchInfo
Event: 1.846 loading class sun/reflect/Label$PatchInfo done
Event: 1.847 loading class sun/reflect/MethodAccessorGenerator$1
Event: 1.847 loading class sun/reflect/MethodAccessorGenerator$1 done
Event: 1.847 loading class sun/reflect/ClassDefiner
Event: 1.847 loading class sun/reflect/ClassDefiner done
Event: 1.847 loading class sun/reflect/ClassDefiner$1
Event: 1.847 loading class sun/reflect/ClassDefiner$1 done


Dynamic libraries:
0x000000013f190000 - 0x000000013f1c7000 	C:\Program Files\Java\jdk1.8.0_121\bin\javaw.exe
0x0000000077130000 - 0x00000000772da000 	C:\Windows\SYSTEM32\ntdll.dll
0x0000000077010000 - 0x000000007712f000 	C:\Windows\system32\kernel32.dll
0x000007fefce40000 - 0x000007fefceaa000 	C:\Windows\system32\KERNELBASE.dll
0x000007fefde60000 - 0x000007fefdf3b000 	C:\Windows\system32\ADVAPI32.dll
0x000007fefe220000 - 0x000007fefe2bf000 	C:\Windows\system32\msvcrt.dll
0x000007feff420000 - 0x000007feff43f000 	C:\Windows\SYSTEM32\sechost.dll
0x000007fefdbc0000 - 0x000007fefdced000 	C:\Windows\system32\RPCRT4.dll
0x0000000076f10000 - 0x000000007700a000 	C:\Windows\system32\USER32.dll
0x000007fefd4b0000 - 0x000007fefd517000 	C:\Windows\system32\GDI32.dll
0x000007fefd7d0000 - 0x000007fefd7de000 	C:\Windows\system32\LPK.dll
0x000007fefdd90000 - 0x000007fefde5b000 	C:\Windows\system32\USP10.dll
0x000007fefb870000 - 0x000007fefba64000 	C:\Windows\WinSxS\amd64_microsoft.windows.common-controls_6595b64144ccf1df_6.0.7601.18837_none_fa3b1e3d17594757\COMCTL32.dll
0x000007feff3a0000 - 0x000007feff411000 	C:\Windows\system32\SHLWAPI.dll
0x000007fefdb90000 - 0x000007fefdbbe000 	C:\Windows\system32\IMM32.DLL
0x000007fefd520000 - 0x000007fefd629000 	C:\Windows\system32\MSCTF.dll
0x0000000067950000 - 0x0000000067a22000 	C:\Program Files\Java\jdk1.8.0_121\jre\bin\msvcr100.dll
0x0000000067a30000 - 0x00000000682cb000 	C:\Program Files\Java\jdk1.8.0_121\jre\bin\server\jvm.dll
0x000007fef9100000 - 0x000007fef9109000 	C:\Windows\system32\WSOCK32.dll
0x000007fefe320000 - 0x000007fefe36d000 	C:\Windows\system32\WS2_32.dll
0x000007fefd7c0000 - 0x000007fefd7c8000 	C:\Windows\system32\NSI.dll
0x000007fef8ce0000 - 0x000007fef8d1b000 	C:\Windows\system32\WINMM.dll
0x000007fefbf00000 - 0x000007fefbf0c000 	C:\Windows\system32\VERSION.dll
0x0000000077300000 - 0x0000000077307000 	C:\Windows\system32\PSAPI.DLL
0x0000000073980000 - 0x000000007398f000 	C:\Program Files\Java\jdk1.8.0_121\jre\bin\verify.dll
0x00000000738c0000 - 0x00000000738e9000 	C:\Program Files\Java\jdk1.8.0_121\jre\bin\java.dll
0x00000000738a0000 - 0x00000000738b6000 	C:\Program Files\Java\jdk1.8.0_121\jre\bin\zip.dll
0x000007fefe550000 - 0x000007feff2da000 	C:\Windows\system32\SHELL32.dll
0x000007fefdf40000 - 0x000007fefe13c000 	C:\Windows\system32\ole32.dll
0x000007fefce30000 - 0x000007fefce3f000 	C:\Windows\system32\profapi.dll
0x0000000073880000 - 0x000000007389a000 	C:\Program Files\Java\jdk1.8.0_121\jre\bin\net.dll
0x000007fefc5b0000 - 0x000007fefc605000 	C:\Windows\system32\mswsock.dll
0x000007fefc5a0000 - 0x000007fefc5a7000 	C:\Windows\System32\wship6.dll
0x000007fefc610000 - 0x000007fefc628000 	C:\Windows\system32\CRYPTSP.dll
0x000007fefc310000 - 0x000007fefc357000 	C:\Windows\system32\rsaenh.dll
0x000007fefcfb0000 - 0x000007fefcfce000 	C:\Windows\system32\USERENV.dll
0x000007fefccc0000 - 0x000007fefcccf000 	C:\Windows\system32\CRYPTBASE.dll
0x000007fefa540000 - 0x000007fefa567000 	C:\Windows\system32\IPHLPAPI.DLL
0x000007fefa530000 - 0x000007fefa53b000 	C:\Windows\system32\WINNSI.DLL
0x000007fefa340000 - 0x000007fefa358000 	C:\Windows\system32\dhcpcsvc.DLL
0x000007fefa220000 - 0x000007fefa231000 	C:\Windows\system32\dhcpcsvc6.DLL
0x0000000073950000 - 0x0000000073961000 	C:\Program Files\Java\jdk1.8.0_121\jre\bin\nio.dll
0x000000006d580000 - 0x000000006d63d000 	C:\Users\ALUMNO\AppData\Local\Temp\sqlite-3.8.11.2-0d71f15f-e07d-4b49-bc4d-cd87eac587cd-sqlitejdbc.dll
0x000007fef6c80000 - 0x000007fef6da5000 	C:\Windows\system32\dbghelp.dll

VM Arguments:
jvm_args: -ea -Dfile.encoding=UTF-8 
java_command: org.eclipse.jdt.internal.junit.runner.RemoteTestRunner -version 3 -port 50833 -testLoaderClass org.eclipse.jdt.internal.junit4.runner.JUnit4TestLoader -loaderpluginname org.eclipse.jdt.junit4.runtime -classNames es.deusto.grupo3.RendimientoTest
java_class_path (initial): C:\Users\ALUMNO\workspace\grupo3_PSC_1819\target\test-classes;C:\Users\ALUMNO\workspace\grupo3_PSC_1819\target\classes;C:\Users\ALUMNO\.m2\repository\org\xerial\sqlite-jdbc\3.8.11.2\sqlite-jdbc-3.8.11.2.jar;C:\Users\ALUMNO\.m2\repository\net\java\dev\swing-layout\swing-layout\1.0.2\swing-layout-1.0.2.jar;C:\Users\ALUMNO\.m2\repository\junit\junit\4.11\junit-4.11.jar;C:\Users\ALUMNO\.m2\repository\org\hamcrest\hamcrest-core\1.3\hamcrest-core-1.3.jar;C:\Users\ALUMNO\.m2\repository\log4j\log4j\1.2.17\log4j-1.2.17.jar;C:\Users\ALUMNO\.m2\repository\org\mockito\mockito-core\2.10.0\mockito-core-2.10.0.jar;C:\Users\ALUMNO\.m2\repository\net\bytebuddy\byte-buddy\1.7.4\byte-buddy-1.7.4.jar;C:\Users\ALUMNO\.m2\repository\net\bytebuddy\byte-buddy-agent\1.7.4\byte-buddy-agent-1.7.4.jar;C:\Users\ALUMNO\.m2\repository\org\objenesis\objenesis\2.6\objenesis-2.6.jar;C:\Users\ALUMNO\.m2\repository\org\databene\contiperf\2.0.0\contiperf-2.0.0.jar;/C:/Users/ALUMNO/eclipse/java-neon/eclipse/configuration/org.eclipse.osgi/214/0/.cp/;/C:/Users/ALUMNO/eclipse/java-neon/eclipse/configuration/org.eclipse.osgi/213/0/.cp/
Launcher Type: SUN_STANDARD

Environment Variables:
JAVA_HOME=C:\Program Files\Java\jdk1.8.0_121
PATH=C:/Program Files/Java/jdk1.8.0_121/bin/../jre/bin/server;C:/Program Files/Java/jdk1.8.0_121/bin/../jre/bin;C:/Program Files/Java/jdk1.8.0_121/bin/../jre/lib/amd64;C:\Program Files (x86)\Intel\TXE Components\TCS\;C:\Program Files\Intel\TXE Components\TCS\;C:\Windows\system32;C:\Windows;C:\Windows\System32\Wbem;C:\Windows\System32\WindowsPowerShell\v1.0\;C:\Program Files (x86)\QuickTime\QTSystem\;C:\Program Files\Java\jdk1.8.0_121\bin;C:\apache-ant-1.10.1\bin;C:\mysql-5.7.17-winx64\mysql-5.7.17-winx64\bin;C:\Program Files\Git\cmd;C:\Program Files (x86)\Skype\Phone\;C:\Program Files (x86)\Windows Live\Shared;C:\Users\ALUMNO\apache-maven-3.5.4-bin\apache-maven-3.5.4\bin;C:\Program Files\doxygen\bin;C:\Program Files\gs\gs9.25\bin;C:\Users\ALUMNO\AppData\Local\Programs\MiKTeX 2.9\miktex\bin;C:\Program Files (x86)\Graphviz2.38\bin;C:\Users\ALUMNO\AppData\Local\Programs\MiKTeX 2.9\miktex\bin\x64\;C:\Users\ALUMNO\Desktop;
USERNAME=ALUMNO
OS=Windows_NT
PROCESSOR_IDENTIFIER=Intel64 Family 6 Model 55 Stepping 8, GenuineIntel



---------------  S Y S T E M  ---------------

OS: Windows 7 , 64 bit Build 7601 (6.1.7601.23915)

CPU:total 3 (4 cores per cpu, 1 threads per core) family 6 model 55 stepping 8, cmov, cx8, fxsr, mmx, sse, sse2, sse3, ssse3, sse4.1, sse4.2, popcnt, clmul, erms, 3dnowpref, tsc, tscinvbit

Memory: 4k page, physical 4073180k(1592764k free), swap 8144500k(5195428k free)

vm_info: Java HotSpot(TM) 64-Bit Server VM (25.121-b13) for windows-amd64 JRE (1.8.0_121-b13), built on Dec 12 2016 18:21:36 by "java_re" with MS VC++ 10.0 (VS2010)

time: Tue Nov 27 16:48:13 2018
elapsed time: 1 seconds (0d 0h 0m 1s)

