#
# A fatal error has been detected by the Java Runtime Environment:
#
#  EXCEPTION_ACCESS_VIOLATION (0xc0000005) at pc=0x000000007717da56, pid=7544, tid=0x0000000000001bb0
#
# JRE version: Java(TM) SE Runtime Environment (8.0_121-b13) (build 1.8.0_121-b13)
# Java VM: Java HotSpot(TM) 64-Bit Server VM (25.121-b13 mixed mode windows-amd64 compressed oops)
# Problematic frame:
# C  [ntdll.dll+0x4da56]
#
# Failed to write core dump. Minidumps are not enabled by default on client versions of Windows
#
# If you would like to submit a bug report, please visit:
#   http://bugreport.java.com/bugreport/crash.jsp
# The crash happened outside the Java Virtual Machine in native code.
# See problematic frame for where to report the bug.
#

---------------  T H R E A D  ---------------

Current thread (0x0000000056ccd800):  JavaThread "Thread-9" [_thread_in_native, id=7088, stack(0x00000000584d0000,0x00000000585d0000)]

siginfo: ExceptionCode=0xc0000005, reading address 0xffffffffffffffff

Registers:
RAX=0x000000007717da50, RBX=0x0000000000331cd8, RCX=0x0055004c0041005c, RDX=0x00000000585ce040
RSP=0x00000000585cdf00, RBP=0x00000000585ce010, RSI=0x00000000000efe60, RDI=0x00000000025f8331
R8 =0x0000000000331cd8, R9 =0x0000000056cc4fd0, R10=0x000000000260845f, R11=0x0000000067c5b820
R12=0x0000000000000000, R13=0x00000000547caee0, R14=0x00000000585ce040, R15=0x0000000056ccd800
RIP=0x000000007717da56, EFLAGS=0x0000000000010206

Top of Stack: (sp=0x00000000585cdf00)
0x00000000585cdf00:   00000000585cdfc0 00000000585ce010
0x00000000585cdf10:   00000000585ce010 0000000056ccd800
0x00000000585cdf20:   0000000000331cd8 000000006d5dd986
0x00000000585cdf30:   0000000056cc8b38 0000000056ccd800
0x00000000585cdf40:   0000000010000020 00000000548a76b1
0x00000000585cdf50:   0000000056cc4f50 0000000067ae7081
0x00000000585cdf60:   00000000585ce448 00000000547caee0
0x00000000585cdf70:   0000000010000020 000000000260848b
0x00000000585cdf80:   00000000025f8331 0000000002608225
0x00000000585cdf90:   0000000056ccd800 00000000547caee0
0x00000000585cdfa0:   0000000056ccd800 00000000547caee0
0x00000000585cdfb0:   0000000010000020 00000000026081ed
0x00000000585cdfc0:   0000000000000003 00000000ec408218
0x00000000585cdfd0:   00000000585cdfc0 00000000547caee0
0x00000000585cdfe0:   00000000585ce040 000000005480ba58
0x00000000585cdff0:   0000000000000000 00000000547caee0 

Instructions: (pc=0x000000007717da56)
0x000000007717da36:   5c 24 30 48 8b 7c 24 20 33 c0 48 83 c4 28 c3 90
0x000000007717da46:   90 90 90 90 90 90 90 90 90 90 ff f3 48 83 ec 20
0x000000007717da56:   f0 0f ba 71 08 00 48 8b d9 0f 83 f9 b1 ff ff 65
0x000000007717da66:   48 8b 04 25 30 00 00 00 48 8b 48 48 c7 43 0c 01 


Register to memory mapping:

RAX=0x000000007717da50 is an unknown value
RBX=0x0000000000331cd8 is an unknown value
RCX=0x0055004c0041005c is an unknown value
RDX=0x00000000585ce040 is pointing into the stack for thread: 0x0000000056ccd800
RSP=0x00000000585cdf00 is pointing into the stack for thread: 0x0000000056ccd800
RBP=0x00000000585ce010 is pointing into the stack for thread: 0x0000000056ccd800
RSI=0x00000000000efe60 is an unknown value
RDI=0x00000000025f8331 is at code_begin+2289 in an Interpreter codelet
invoke return entry points  [0x00000000025f7a40, 0x00000000025f8420]  2528 bytes
R8 =0x0000000000331cd8 is an unknown value
R9 =0x0000000056cc4fd0 is an unknown value
R10=0x000000000260845f is at code_begin+1215 in an Interpreter codelet
method entry point (kind = native_synchronized)  [0x0000000002607fa0, 0x0000000002608a60]  2752 bytes
R11=0x0000000067c5b820 is an unknown value
R12=0x0000000000000000 is an unknown value
R13={method} {0x00000000547caee8} 'reset' '(J)I' in 'org/sqlite/core/NativeDB'
R14=0x00000000585ce040 is pointing into the stack for thread: 0x0000000056ccd800
R15=0x0000000056ccd800 is a thread


Stack: [0x00000000584d0000,0x00000000585d0000],  sp=0x00000000585cdf00,  free space=1015k
Native frames: (J=compiled Java code, j=interpreted, Vv=VM code, C=native code)
C  [ntdll.dll+0x4da56]
C  [sqlite-3.8.11.2-80208735-4884-4fbe-937b-5845de448974-sqlitejdbc.dll+0x5d986]
C  0x000000000260848b

Java frames: (J=compiled Java code, j=interpreted, Vv=VM code)
j  org.sqlite.core.NativeDB.reset(J)I+0
j  org.sqlite.core.CoreResultSet.close()V+81
j  org.sqlite.core.CoreStatement.internalClose()V+34
j  org.sqlite.jdbc3.JDBC3Statement.executeQuery(Ljava/lang/String;)Ljava/sql/ResultSet;+1
j  es.deusto.grupo3.LNegocio.GestorCoche.getVehiculos(Ljava/sql/Statement;)Ljava/util/ArrayList;+21
j  es.deusto.grupo3.RendimientoTest.getVehiculos()V+7
v  ~StubRoutines::call_stub
j  sun.reflect.NativeMethodAccessorImpl.invoke0(Ljava/lang/reflect/Method;Ljava/lang/Object;[Ljava/lang/Object;)Ljava/lang/Object;+0
j  sun.reflect.NativeMethodAccessorImpl.invoke(Ljava/lang/Object;[Ljava/lang/Object;)Ljava/lang/Object;+100
j  sun.reflect.DelegatingMethodAccessorImpl.invoke(Ljava/lang/Object;[Ljava/lang/Object;)Ljava/lang/Object;+6
j  java.lang.reflect.Method.invoke(Ljava/lang/Object;[Ljava/lang/Object;)Ljava/lang/Object;+56
j  org.junit.runners.model.FrameworkMethod$1.runReflectiveCall()Ljava/lang/Object;+15
j  org.junit.internal.runners.model.ReflectiveCallable.run()Ljava/lang/Object;+1
j  org.junit.runners.model.FrameworkMethod.invokeExplosively(Ljava/lang/Object;[Ljava/lang/Object;)Ljava/lang/Object;+10
j  org.junit.internal.runners.statements.InvokeMethod.evaluate()V+12
j  org.databene.contiperf.junit.JUnitInvoker.invoke([Ljava/lang/Object;)Ljava/lang/Object;+4
j  org.databene.contiperf.util.InvokerProxy.invoke([Ljava/lang/Object;)Ljava/lang/Object;+5
j  org.databene.contiperf.PerformanceTracker.invoke([Ljava/lang/Object;)Ljava/lang/Object;+17
j  org.databene.contiperf.TimedRunner.run()V+24
j  java.lang.Thread.run()V+11
v  ~StubRoutines::call_stub

---------------  P R O C E S S  ---------------

Java Threads: ( => current thread )
  0x0000000056c47000 JavaThread "Thread-19" [_thread_blocked, id=7536, stack(0x0000000059130000,0x0000000059230000)]
  0x0000000056c46800 JavaThread "Thread-18" [_thread_blocked, id=7432, stack(0x0000000058ed0000,0x0000000058fd0000)]
  0x0000000056c45800 JavaThread "Thread-17" [_thread_blocked, id=6628, stack(0x0000000058d50000,0x0000000058e50000)]
  0x0000000056c45000 JavaThread "Thread-16" [_thread_blocked, id=5664, stack(0x0000000058bd0000,0x0000000058cd0000)]
  0x0000000056c44000 JavaThread "Thread-15" [_thread_blocked, id=6936, stack(0x0000000058a70000,0x0000000058b70000)]
  0x0000000056c43800 JavaThread "Thread-14" [_thread_blocked, id=6104, stack(0x0000000057e20000,0x0000000057f20000)]
  0x0000000056c42800 JavaThread "Thread-13" [_thread_blocked, id=7552, stack(0x0000000058890000,0x0000000058990000)]
  0x0000000056c42000 JavaThread "Thread-12" [_thread_blocked, id=5332, stack(0x0000000058640000,0x0000000058740000)]
  0x0000000056c41000 JavaThread "Thread-11" [_thread_blocked, id=5016, stack(0x0000000057a70000,0x0000000057b70000)]
  0x0000000056c40800 JavaThread "Thread-10" [_thread_blocked, id=4048, stack(0x00000000581e0000,0x00000000582e0000)]
=>0x0000000056ccd800 JavaThread "Thread-9" [_thread_in_native, id=7088, stack(0x00000000584d0000,0x00000000585d0000)]
  0x0000000056cc8000 JavaThread "Thread-8" [_thread_blocked, id=2632, stack(0x00000000582e0000,0x00000000583e0000)]
  0x0000000056cc7800 JavaThread "Thread-7" [_thread_blocked, id=7472, stack(0x00000000580b0000,0x00000000581b0000)]
  0x0000000056cc6000 JavaThread "Thread-5" [_thread_blocked, id=6772, stack(0x0000000057d20000,0x0000000057e20000)]
  0x0000000056cf1800 JavaThread "Thread-4" [_thread_blocked, id=3016, stack(0x0000000057700000,0x0000000057800000)]
  0x0000000056cef000 JavaThread "Thread-3" [_thread_blocked, id=7744, stack(0x0000000057b80000,0x0000000057c80000)]
  0x0000000056cee000 JavaThread "Thread-2" [_thread_blocked, id=4412, stack(0x0000000057970000,0x0000000057a70000)]
  0x0000000056ced800 JavaThread "Thread-1" [_thread_blocked, id=5456, stack(0x0000000057820000,0x0000000057920000)]
  0x0000000056cec800 JavaThread "Thread-0" [_thread_blocked, id=4588, stack(0x00000000575a0000,0x00000000576a0000)]
  0x000000005645e800 JavaThread "ReaderThread" [_thread_in_native, id=6536, stack(0x0000000056ad0000,0x0000000056bd0000)]
  0x0000000054c9f800 JavaThread "Service Thread" daemon [_thread_blocked, id=2920, stack(0x0000000055fb0000,0x00000000560b0000)]
  0x0000000054c70800 JavaThread "C1 CompilerThread1" daemon [_thread_blocked, id=7140, stack(0x0000000056240000,0x0000000056340000)]
  0x0000000054c69000 JavaThread "C2 CompilerThread0" daemon [_thread_blocked, id=5544, stack(0x00000000560d0000,0x00000000561d0000)]
  0x0000000054c67000 JavaThread "Attach Listener" daemon [_thread_blocked, id=6852, stack(0x0000000055ea0000,0x0000000055fa0000)]
  0x0000000054c65800 JavaThread "Signal Dispatcher" daemon [_thread_blocked, id=3692, stack(0x0000000055d50000,0x0000000055e50000)]
  0x0000000054c4c800 JavaThread "Finalizer" daemon [_thread_blocked, id=3852, stack(0x0000000055980000,0x0000000055a80000)]
  0x0000000054c05000 JavaThread "Reference Handler" daemon [_thread_blocked, id=4180, stack(0x0000000055b40000,0x0000000055c40000)]
  0x000000000200e800 JavaThread "main" [_thread_blocked, id=6892, stack(0x0000000002220000,0x0000000002320000)]

Other Threads:
  0x0000000054bfb800 VMThread [stack: 0x0000000055870000,0x0000000055970000] [id=7996]
  0x000000005639a000 WatcherThread [stack: 0x0000000056830000,0x0000000056930000] [id=4784]

VM state:not at safepoint (normal execution)

VM Mutex/Monitor currently owned by a thread: None

Heap:
 PSYoungGen      total 18944K, used 5929K [0x00000000eb400000, 0x00000000ec900000, 0x0000000100000000)
  eden space 16384K, 22% used [0x00000000eb400000,0x00000000eb785618,0x00000000ec400000)
  from space 2560K, 90% used [0x00000000ec400000,0x00000000ec644ea0,0x00000000ec680000)
  to   space 2560K, 0% used [0x00000000ec680000,0x00000000ec680000,0x00000000ec900000)
 ParOldGen       total 44032K, used 8K [0x00000000c1c00000, 0x00000000c4700000, 0x00000000eb400000)
  object space 44032K, 0% used [0x00000000c1c00000,0x00000000c1c02000,0x00000000c4700000)
 Metaspace       used 7225K, capacity 7372K, committed 7552K, reserved 1056768K
  class space    used 854K, capacity 894K, committed 896K, reserved 1048576K

Card table byte_map: [0x00000000119b0000,0x0000000011bb0000] byte_map_base: 0x00000000113a2000

Marking Bits: (ParMarkBitMap*) 0x000000006824b6d0
 Begin Bits: [0x0000000012180000, 0x0000000013110000)
 End Bits:   [0x0000000013110000, 0x00000000140a0000)

Polling page: 0x0000000000110000

CodeCache: size=245760Kb used=2367Kb max_used=2367Kb free=243392Kb
 bounds [0x00000000025f0000, 0x0000000002860000, 0x00000000115f0000]
 total_blobs=881 nmethods=559 adapters=236
 compilation: enabled

Compilation events (10 events):
Event: 1.775 Thread 0x0000000054c70800 nmethod 528 0x0000000002833a50 code [0x0000000002833ba0, 0x0000000002833cf0]
Event: 1.775 Thread 0x0000000054c70800  529       3       java.util.ArrayList::<init> (12 bytes)
Event: 1.776 Thread 0x0000000054c70800 nmethod 529 0x0000000002833550 code [0x00000000028336c0, 0x0000000002833950]
Event: 1.776 Thread 0x0000000054c70800  530       3       java.io.FileOutputStream::write (12 bytes)
Event: 1.776 Thread 0x0000000054c70800 nmethod 530 0x0000000002832e50 code [0x0000000002832fc0, 0x0000000002833148]
Event: 1.776 Thread 0x0000000054c70800  532       3       sun.reflect.ClassFileAssembler::setStack (25 bytes)
Event: 1.777 Thread 0x0000000054c70800 nmethod 532 0x0000000002832b10 code [0x0000000002832c60, 0x0000000002832df0]
Event: 1.777 Thread 0x0000000054c70800  533       3       sun.reflect.AccessorGenerator::sub (5 bytes)
Event: 1.777 Thread 0x0000000054c70800 nmethod 533 0x0000000002832750 code [0x00000000028328a0, 0x00000000028329f0]
Event: 1.778 Thread 0x0000000054c70800  534   !   3       java.io.BufferedWriter::write (117 bytes)

GC Heap History (2 events):
Event: 1.743 GC heap before
{Heap before GC invocations=1 (full 0):
 PSYoungGen      total 18944K, used 16384K [0x00000000eb400000, 0x00000000ec900000, 0x0000000100000000)
  eden space 16384K, 100% used [0x00000000eb400000,0x00000000ec400000,0x00000000ec400000)
  from space 2560K, 0% used [0x00000000ec680000,0x00000000ec680000,0x00000000ec900000)
  to   space 2560K, 0% used [0x00000000ec400000,0x00000000ec400000,0x00000000ec680000)
 ParOldGen       total 44032K, used 0K [0x00000000c1c00000, 0x00000000c4700000, 0x00000000eb400000)
  object space 44032K, 0% used [0x00000000c1c00000,0x00000000c1c00000,0x00000000c4700000)
 Metaspace       used 7075K, capacity 7248K, committed 7296K, reserved 1056768K
  class space    used 839K, capacity 884K, committed 896K, reserved 1048576K
Event: 1.750 GC heap after
Heap after GC invocations=1 (full 0):
 PSYoungGen      total 18944K, used 2323K [0x00000000eb400000, 0x00000000ec900000, 0x0000000100000000)
  eden space 16384K, 0% used [0x00000000eb400000,0x00000000eb400000,0x00000000ec400000)
  from space 2560K, 90% used [0x00000000ec400000,0x00000000ec644ea0,0x00000000ec680000)
  to   space 2560K, 0% used [0x00000000ec680000,0x00000000ec680000,0x00000000ec900000)
 ParOldGen       total 44032K, used 8K [0x00000000c1c00000, 0x00000000c4700000, 0x00000000eb400000)
  object space 44032K, 0% used [0x00000000c1c00000,0x00000000c1c02000,0x00000000c4700000)
 Metaspace       used 7075K, capacity 7248K, committed 7296K, reserved 1056768K
  class space    used 839K, capacity 884K, committed 896K, reserved 1048576K
}

Deoptimization events (7 events):
Event: 0.561 Thread 0x000000000200e800 Uncommon trap: reason=unstable_if action=reinterpret pc=0x0000000002739a78 method=java.lang.String.indexOf([CII[CIII)I @ 123
Event: 0.561 Thread 0x000000000200e800 Uncommon trap: reason=unstable_if action=reinterpret pc=0x0000000002731a94 method=java.lang.String.indexOf([CII[CIII)I @ 123
Event: 0.844 Thread 0x000000000200e800 Uncommon trap: reason=unstable_if action=reinterpret pc=0x00000000027adeb4 method=java.lang.AbstractStringBuilder.append(Ljava/lang/String;)Ljava/lang/AbstractStringBuilder; @ 1
Event: 0.856 Thread 0x000000000200e800 Uncommon trap: reason=unstable_if action=reinterpret pc=0x00000000027c20f4 method=java.lang.AbstractStringBuilder.append(Ljava/lang/String;)Ljava/lang/AbstractStringBuilder; @ 1
Event: 0.949 Thread 0x000000000200e800 Uncommon trap: reason=unstable_if action=reinterpret pc=0x00000000027a98c8 method=java.lang.String.indexOf([CII[CIII)I @ 3
Event: 1.522 Thread 0x000000000200e800 Uncommon trap: reason=unstable_if action=reinterpret pc=0x00000000027a2ad0 method=sun.nio.cs.UTF_8$Encoder.encode([CII[B)I @ 33
Event: 1.684 Thread 0x000000000200e800 Uncommon trap: reason=unstable_if action=reinterpret pc=0x0000000002815688 method=org.sqlite.SQLiteJDBCLoader.contentsEquals(Ljava/io/InputStream;Ljava/io/InputStream;)Z @ 39

Internal exceptions (10 events):
Event: 0.816 Thread 0x000000000200e800 Exception <a 'java/lang/ClassNotFoundException': org/apache/log4j/FileAppenderBeanInfo> (0x00000000ebab9f98) thrown at [C:\re\workspace\8-2-build-windows-amd64-cygwin\jdk8u121\8372\hotspot\src\share\vm\classfile\systemDictionary.cpp, line 210]
Event: 0.817 Thread 0x000000000200e800 Exception <a 'java/lang/ClassNotFoundException': org/apache/log4j/WriterAppenderBeanInfo> (0x00000000ebac39a0) thrown at [C:\re\workspace\8-2-build-windows-amd64-cygwin\jdk8u121\8372\hotspot\src\share\vm\classfile\systemDictionary.cpp, line 210]
Event: 0.818 Thread 0x000000000200e800 Exception <a 'java/lang/ClassNotFoundException': org/apache/log4j/AppenderSkeletonBeanInfo> (0x00000000ebacd578) thrown at [C:\re\workspace\8-2-build-windows-amd64-cygwin\jdk8u121\8372\hotspot\src\share\vm\classfile\systemDictionary.cpp, line 210]
Event: 0.819 Thread 0x000000000200e800 Exception <a 'java/lang/ClassNotFoundException': org/apache/log4j/AppenderSkeletonCustomizer> (0x00000000ebad73e8) thrown at [C:\re\workspace\8-2-build-windows-amd64-cygwin\jdk8u121\8372\hotspot\src\share\vm\classfile\systemDictionary.cpp, line 210]
Event: 0.825 Thread 0x000000000200e800 Exception <a 'java/lang/ClassNotFoundException': org/apache/log4j/WriterAppenderCustomizer> (0x00000000ebaf4780) thrown at [C:\re\workspace\8-2-build-windows-amd64-cygwin\jdk8u121\8372\hotspot\src\share\vm\classfile\systemDictionary.cpp, line 210]
Event: 0.829 Thread 0x000000000200e800 Exception <a 'java/lang/ClassNotFoundException': org/apache/log4j/FileAppenderCustomizer> (0x00000000ebb0a808) thrown at [C:\re\workspace\8-2-build-windows-amd64-cygwin\jdk8u121\8372\hotspot\src\share\vm\classfile\systemDictionary.cpp, line 210]
Event: 0.833 Thread 0x000000000200e800 Exception <a 'java/lang/ClassNotFoundException': org/apache/log4j/RollingFileAppenderCustomizer> (0x00000000ebb212e8) thrown at [C:\re\workspace\8-2-build-windows-amd64-cygwin\jdk8u121\8372\hotspot\src\share\vm\classfile\systemDictionary.cpp, line 210]
Event: 0.844 Thread 0x000000000200e800 Implicit null exception at 0x00000000027adb06 to 0x00000000027ade9d
Event: 0.856 Thread 0x000000000200e800 Implicit null exception at 0x00000000027c1d46 to 0x00000000027c20dd
Event: 1.774 Thread 0x0000000056cc6800 Exception <a 'java/lang/reflect/InvocationTargetException'> (0x00000000eb68fb00) thrown at [C:\re\workspace\8-2-build-windows-amd64-cygwin\jdk8u121\8372\hotspot\src\share\vm\runtime\reflection.cpp, line 1092]

Events (10 events):
Event: 1.760 loading class sun/reflect/Label done
Event: 1.761 loading class sun/reflect/Label$PatchInfo
Event: 1.761 loading class sun/reflect/Label$PatchInfo done
Event: 1.761 loading class sun/reflect/MethodAccessorGenerator$1
Event: 1.761 loading class sun/reflect/MethodAccessorGenerator$1 done
Event: 1.761 loading class sun/reflect/ClassDefiner
Event: 1.761 loading class sun/reflect/ClassDefiner done
Event: 1.761 loading class sun/reflect/ClassDefiner$1
Event: 1.762 loading class sun/reflect/ClassDefiner$1 done
Event: 1.775 Thread 0x0000000056cc6800 Thread exited: 0x0000000056cc6800


Dynamic libraries:
0x000000013f6e0000 - 0x000000013f717000 	C:\Program Files\Java\jdk1.8.0_121\bin\javaw.exe
0x0000000077130000 - 0x00000000772da000 	C:\Windows\SYSTEM32\ntdll.dll
0x0000000077010000 - 0x000000007712f000 	C:\Windows\system32\kernel32.dll
0x000007fefce40000 - 0x000007fefceaa000 	C:\Windows\system32\KERNELBASE.dll
0x000007fefde60000 - 0x000007fefdf3b000 	C:\Windows\system32\ADVAPI32.dll
0x000007fefe220000 - 0x000007fefe2bf000 	C:\Windows\system32\msvcrt.dll
0x000007feff420000 - 0x000007feff43f000 	C:\Windows\SYSTEM32\sechost.dll
0x000007fefdbc0000 - 0x000007fefdced000 	C:\Windows\system32\RPCRT4.dll
0x0000000076f10000 - 0x000000007700a000 	C:\Windows\system32\USER32.dll
0x000007fefd4b0000 - 0x000007fefd517000 	C:\Windows\system32\GDI32.dll
0x000007fefd7d0000 - 0x000007fefd7de000 	C:\Windows\system32\LPK.dll
0x000007fefdd90000 - 0x000007fefde5b000 	C:\Windows\system32\USP10.dll
0x000007fefb870000 - 0x000007fefba64000 	C:\Windows\WinSxS\amd64_microsoft.windows.common-controls_6595b64144ccf1df_6.0.7601.18837_none_fa3b1e3d17594757\COMCTL32.dll
0x000007feff3a0000 - 0x000007feff411000 	C:\Windows\system32\SHLWAPI.dll
0x000007fefdb90000 - 0x000007fefdbbe000 	C:\Windows\system32\IMM32.DLL
0x000007fefd520000 - 0x000007fefd629000 	C:\Windows\system32\MSCTF.dll
0x0000000067870000 - 0x0000000067942000 	C:\Program Files\Java\jdk1.8.0_121\jre\bin\msvcr100.dll
0x0000000067a30000 - 0x00000000682cb000 	C:\Program Files\Java\jdk1.8.0_121\jre\bin\server\jvm.dll
0x000007fef9100000 - 0x000007fef9109000 	C:\Windows\system32\WSOCK32.dll
0x000007fefe320000 - 0x000007fefe36d000 	C:\Windows\system32\WS2_32.dll
0x000007fefd7c0000 - 0x000007fefd7c8000 	C:\Windows\system32\NSI.dll
0x000007fef8ce0000 - 0x000007fef8d1b000 	C:\Windows\system32\WINMM.dll
0x000007fefbf00000 - 0x000007fefbf0c000 	C:\Windows\system32\VERSION.dll
0x0000000077300000 - 0x0000000077307000 	C:\Windows\system32\PSAPI.DLL
0x0000000073980000 - 0x000000007398f000 	C:\Program Files\Java\jdk1.8.0_121\jre\bin\verify.dll
0x00000000738c0000 - 0x00000000738e9000 	C:\Program Files\Java\jdk1.8.0_121\jre\bin\java.dll
0x00000000738a0000 - 0x00000000738b6000 	C:\Program Files\Java\jdk1.8.0_121\jre\bin\zip.dll
0x000007fefe550000 - 0x000007feff2da000 	C:\Windows\system32\SHELL32.dll
0x000007fefdf40000 - 0x000007fefe13c000 	C:\Windows\system32\ole32.dll
0x000007fefce30000 - 0x000007fefce3f000 	C:\Windows\system32\profapi.dll
0x0000000073880000 - 0x000000007389a000 	C:\Program Files\Java\jdk1.8.0_121\jre\bin\net.dll
0x000007fefc5b0000 - 0x000007fefc605000 	C:\Windows\system32\mswsock.dll
0x000007fefc5a0000 - 0x000007fefc5a7000 	C:\Windows\System32\wship6.dll
0x000007fefc610000 - 0x000007fefc628000 	C:\Windows\system32\CRYPTSP.dll
0x000007fefc310000 - 0x000007fefc357000 	C:\Windows\system32\rsaenh.dll
0x000007fefcfb0000 - 0x000007fefcfce000 	C:\Windows\system32\USERENV.dll
0x000007fefccc0000 - 0x000007fefcccf000 	C:\Windows\system32\CRYPTBASE.dll
0x000007fefa540000 - 0x000007fefa567000 	C:\Windows\system32\IPHLPAPI.DLL
0x000007fefa530000 - 0x000007fefa53b000 	C:\Windows\system32\WINNSI.DLL
0x000007fefa340000 - 0x000007fefa358000 	C:\Windows\system32\dhcpcsvc.DLL
0x000007fefa220000 - 0x000007fefa231000 	C:\Windows\system32\dhcpcsvc6.DLL
0x0000000073950000 - 0x0000000073961000 	C:\Program Files\Java\jdk1.8.0_121\jre\bin\nio.dll
0x000000006d580000 - 0x000000006d63d000 	C:\Users\ALUMNO\AppData\Local\Temp\sqlite-3.8.11.2-80208735-4884-4fbe-937b-5845de448974-sqlitejdbc.dll
0x000007fef6c80000 - 0x000007fef6da5000 	C:\Windows\system32\dbghelp.dll

VM Arguments:
jvm_args: -ea -Dfile.encoding=UTF-8 
java_command: org.eclipse.jdt.internal.junit.runner.RemoteTestRunner -version 3 -port 50886 -testLoaderClass org.eclipse.jdt.internal.junit4.runner.JUnit4TestLoader -loaderpluginname org.eclipse.jdt.junit4.runtime -classNames es.deusto.grupo3.RendimientoTest
java_class_path (initial): C:\Users\ALUMNO\workspace\grupo3_PSC_1819\target\test-classes;C:\Users\ALUMNO\workspace\grupo3_PSC_1819\target\classes;C:\Users\ALUMNO\.m2\repository\org\xerial\sqlite-jdbc\3.8.11.2\sqlite-jdbc-3.8.11.2.jar;C:\Users\ALUMNO\.m2\repository\net\java\dev\swing-layout\swing-layout\1.0.2\swing-layout-1.0.2.jar;C:\Users\ALUMNO\.m2\repository\junit\junit\4.11\junit-4.11.jar;C:\Users\ALUMNO\.m2\repository\org\hamcrest\hamcrest-core\1.3\hamcrest-core-1.3.jar;C:\Users\ALUMNO\.m2\repository\log4j\log4j\1.2.17\log4j-1.2.17.jar;C:\Users\ALUMNO\.m2\repository\org\mockito\mockito-core\2.10.0\mockito-core-2.10.0.jar;C:\Users\ALUMNO\.m2\repository\net\bytebuddy\byte-buddy\1.7.4\byte-buddy-1.7.4.jar;C:\Users\ALUMNO\.m2\repository\net\bytebuddy\byte-buddy-agent\1.7.4\byte-buddy-agent-1.7.4.jar;C:\Users\ALUMNO\.m2\repository\org\objenesis\objenesis\2.6\objenesis-2.6.jar;C:\Users\ALUMNO\.m2\repository\org\databene\contiperf\2.0.0\contiperf-2.0.0.jar;/C:/Users/ALUMNO/eclipse/java-neon/eclipse/configuration/org.eclipse.osgi/214/0/.cp/;/C:/Users/ALUMNO/eclipse/java-neon/eclipse/configuration/org.eclipse.osgi/213/0/.cp/
Launcher Type: SUN_STANDARD

Environment Variables:
JAVA_HOME=C:\Program Files\Java\jdk1.8.0_121
PATH=C:/Program Files/Java/jdk1.8.0_121/bin/../jre/bin/server;C:/Program Files/Java/jdk1.8.0_121/bin/../jre/bin;C:/Program Files/Java/jdk1.8.0_121/bin/../jre/lib/amd64;C:\Program Files (x86)\Intel\TXE Components\TCS\;C:\Program Files\Intel\TXE Components\TCS\;C:\Windows\system32;C:\Windows;C:\Windows\System32\Wbem;C:\Windows\System32\WindowsPowerShell\v1.0\;C:\Program Files (x86)\QuickTime\QTSystem\;C:\Program Files\Java\jdk1.8.0_121\bin;C:\apache-ant-1.10.1\bin;C:\mysql-5.7.17-winx64\mysql-5.7.17-winx64\bin;C:\Program Files\Git\cmd;C:\Program Files (x86)\Skype\Phone\;C:\Program Files (x86)\Windows Live\Shared;C:\Users\ALUMNO\apache-maven-3.5.4-bin\apache-maven-3.5.4\bin;C:\Program Files\doxygen\bin;C:\Program Files\gs\gs9.25\bin;C:\Users\ALUMNO\AppData\Local\Programs\MiKTeX 2.9\miktex\bin;C:\Program Files (x86)\Graphviz2.38\bin;C:\Users\ALUMNO\AppData\Local\Programs\MiKTeX 2.9\miktex\bin\x64\;C:\Users\ALUMNO\Desktop;
USERNAME=ALUMNO
OS=Windows_NT
PROCESSOR_IDENTIFIER=Intel64 Family 6 Model 55 Stepping 8, GenuineIntel



---------------  S Y S T E M  ---------------

OS: Windows 7 , 64 bit Build 7601 (6.1.7601.23915)

CPU:total 3 (4 cores per cpu, 1 threads per core) family 6 model 55 stepping 8, cmov, cx8, fxsr, mmx, sse, sse2, sse3, ssse3, sse4.1, sse4.2, popcnt, clmul, erms, 3dnowpref, tsc, tscinvbit

Memory: 4k page, physical 4073180k(1582976k free), swap 8144500k(5154016k free)

vm_info: Java HotSpot(TM) 64-Bit Server VM (25.121-b13) for windows-amd64 JRE (1.8.0_121-b13), built on Dec 12 2016 18:21:36 by "java_re" with MS VC++ 10.0 (VS2010)

time: Tue Nov 27 17:49:56 2018
elapsed time: 1 seconds (0d 0h 0m 1s)

