#
# A fatal error has been detected by the Java Runtime Environment:
#
#  EXCEPTION_ACCESS_VIOLATION (0xc0000005) at pc=0x000000007717da56, pid=4080, tid=0x0000000000000a2c
#
# JRE version: Java(TM) SE Runtime Environment (8.0_121-b13) (build 1.8.0_121-b13)
# Java VM: Java HotSpot(TM) 64-Bit Server VM (25.121-b13 mixed mode windows-amd64 compressed oops)
# Problematic frame:
# C  [ntdll.dll+0x4da56]
#
# Failed to write core dump. Minidumps are not enabled by default on client versions of Windows
#
# If you would like to submit a bug report, please visit:
#   http://bugreport.java.com/bugreport/crash.jsp
# The crash happened outside the Java Virtual Machine in native code.
# See problematic frame for where to report the bug.
#

---------------  T H R E A D  ---------------

Current thread (0x0000000056250800):  JavaThread "Thread-17" [_thread_in_native, id=2604, stack(0x0000000058ba0000,0x0000000058ca0000)]

siginfo: ExceptionCode=0xc0000005, reading address 0xffffffffffffffff

Registers:
RAX=0x000000007717da50, RBX=0x0000000000431cd8, RCX=0x0055004c0041005c, RDX=0x0000000058c9e3a0
RSP=0x0000000058c9e260, RBP=0x0000000058c9e370, RSI=0x00000000000ffe60, RDI=0x00000000023f8331
R8 =0x0000000000431cd8, R9 =0x0000000056d8a070, R10=0x000000000240845f, R11=0x0000000067c5b820
R12=0x0000000000000000, R13=0x000000005474aee0, R14=0x0000000058c9e3a0, R15=0x0000000056250800
RIP=0x000000007717da56, EFLAGS=0x0000000000010206

Top of Stack: (sp=0x0000000058c9e260)
0x0000000058c9e260:   0000000058c9e320 0000000058c9e370
0x0000000058c9e270:   0000000058c9e370 0000000056250800
0x0000000058c9e280:   0000000000431cd8 000000006d5dd986
0x0000000058c9e290:   0000000056c8e938 0000000056250800
0x0000000058c9e2a0:   0000000010000020 0000000067c6ce1c
0x0000000058c9e2b0:   0000000056d89ff0 0000000067ae7081
0x0000000058c9e2c0:   0000000058c9e7a8 000000005474aee0
0x0000000058c9e2d0:   0000000010000020 000000000240848b
0x0000000058c9e2e0:   00000000023f8331 0000000002408225
0x0000000058c9e2f0:   0000000056250800 000000005474aee0
0x0000000058c9e300:   00000000546d8560 0000000000000000
0x0000000058c9e310:   00000000023f8331 00000000024081ed
0x0000000058c9e320:   0000000000000003 00000000ec4088c8
0x0000000058c9e330:   0000000058c9e320 000000005474aee0
0x0000000058c9e340:   0000000058c9e3a0 000000005479ba58
0x0000000058c9e350:   0000000000000000 000000005474aee0 

Instructions: (pc=0x000000007717da56)
0x000000007717da36:   5c 24 30 48 8b 7c 24 20 33 c0 48 83 c4 28 c3 90
0x000000007717da46:   90 90 90 90 90 90 90 90 90 90 ff f3 48 83 ec 20
0x000000007717da56:   f0 0f ba 71 08 00 48 8b d9 0f 83 f9 b1 ff ff 65
0x000000007717da66:   48 8b 04 25 30 00 00 00 48 8b 48 48 c7 43 0c 01 


Register to memory mapping:

RAX=0x000000007717da50 is an unknown value
RBX=0x0000000000431cd8 is an unknown value
RCX=0x0055004c0041005c is an unknown value
RDX=0x0000000058c9e3a0 is pointing into the stack for thread: 0x0000000056250800
RSP=0x0000000058c9e260 is pointing into the stack for thread: 0x0000000056250800
RBP=0x0000000058c9e370 is pointing into the stack for thread: 0x0000000056250800
RSI=0x00000000000ffe60 is an unknown value
RDI=0x00000000023f8331 is at code_begin+2289 in an Interpreter codelet
invoke return entry points  [0x00000000023f7a40, 0x00000000023f8420]  2528 bytes
R8 =0x0000000000431cd8 is an unknown value
R9 =0x0000000056d8a070 is an unknown value
R10=0x000000000240845f is at code_begin+1215 in an Interpreter codelet
method entry point (kind = native_synchronized)  [0x0000000002407fa0, 0x0000000002408a60]  2752 bytes
R11=0x0000000067c5b820 is an unknown value
R12=0x0000000000000000 is an unknown value
R13={method} {0x000000005474aee8} 'reset' '(J)I' in 'org/sqlite/core/NativeDB'
R14=0x0000000058c9e3a0 is pointing into the stack for thread: 0x0000000056250800
R15=0x0000000056250800 is a thread


Stack: [0x0000000058ba0000,0x0000000058ca0000],  sp=0x0000000058c9e260,  free space=1016k
Native frames: (J=compiled Java code, j=interpreted, Vv=VM code, C=native code)
C  [ntdll.dll+0x4da56]
C  [sqlite-3.8.11.2-8c55f032-ec5f-4e94-bb5a-4159a37231aa-sqlitejdbc.dll+0x5d986]
C  0x000000000240848b

Java frames: (J=compiled Java code, j=interpreted, Vv=VM code)
j  org.sqlite.core.NativeDB.reset(J)I+0
j  org.sqlite.core.CoreResultSet.close()V+81
j  org.sqlite.core.CoreStatement.internalClose()V+34
j  org.sqlite.jdbc3.JDBC3Statement.executeQuery(Ljava/lang/String;)Ljava/sql/ResultSet;+1
j  es.deusto.grupo3.LNegocio.GestorCoche.getVehiculos(Ljava/sql/Statement;)Ljava/util/ArrayList;+25
j  es.deusto.grupo3.RendimientoTest.getVehiculos()V+7
v  ~StubRoutines::call_stub
j  sun.reflect.NativeMethodAccessorImpl.invoke0(Ljava/lang/reflect/Method;Ljava/lang/Object;[Ljava/lang/Object;)Ljava/lang/Object;+0
j  sun.reflect.NativeMethodAccessorImpl.invoke(Ljava/lang/Object;[Ljava/lang/Object;)Ljava/lang/Object;+100
j  sun.reflect.DelegatingMethodAccessorImpl.invoke(Ljava/lang/Object;[Ljava/lang/Object;)Ljava/lang/Object;+6
j  java.lang.reflect.Method.invoke(Ljava/lang/Object;[Ljava/lang/Object;)Ljava/lang/Object;+56
j  org.junit.runners.model.FrameworkMethod$1.runReflectiveCall()Ljava/lang/Object;+15
j  org.junit.internal.runners.model.ReflectiveCallable.run()Ljava/lang/Object;+1
j  org.junit.runners.model.FrameworkMethod.invokeExplosively(Ljava/lang/Object;[Ljava/lang/Object;)Ljava/lang/Object;+10
j  org.junit.internal.runners.statements.InvokeMethod.evaluate()V+12
j  org.databene.contiperf.junit.JUnitInvoker.invoke([Ljava/lang/Object;)Ljava/lang/Object;+4
j  org.databene.contiperf.util.InvokerProxy.invoke([Ljava/lang/Object;)Ljava/lang/Object;+5
j  org.databene.contiperf.PerformanceTracker.invoke([Ljava/lang/Object;)Ljava/lang/Object;+17
j  org.databene.contiperf.TimedRunner.run()V+24
j  java.lang.Thread.run()V+11
v  ~StubRoutines::call_stub

---------------  P R O C E S S  ---------------

Java Threads: ( => current thread )
  0x0000000056252000 JavaThread "Thread-19" [_thread_blocked, id=7928, stack(0x0000000058d30000,0x0000000058e30000)]
  0x0000000056251800 JavaThread "Thread-18" [_thread_blocked, id=7808, stack(0x0000000058660000,0x0000000058760000)]
=>0x0000000056250800 JavaThread "Thread-17" [_thread_in_native, id=2604, stack(0x0000000058ba0000,0x0000000058ca0000)]
  0x0000000056250000 JavaThread "Thread-16" [_thread_blocked, id=7492, stack(0x0000000058990000,0x0000000058a90000)]
  0x000000005624f000 JavaThread "Thread-15" [_thread_blocked, id=6488, stack(0x00000000575c0000,0x00000000576c0000)]
  0x000000005624e800 JavaThread "Thread-14" [_thread_blocked, id=6008, stack(0x00000000587a0000,0x00000000588a0000)]
  0x000000005624d800 JavaThread "Thread-13" [_thread_blocked, id=7220, stack(0x0000000058550000,0x0000000058650000)]
  0x000000005624d000 JavaThread "Thread-12" [_thread_blocked, id=5248, stack(0x0000000057bd0000,0x0000000057cd0000)]
  0x000000005624c000 JavaThread "Thread-11" [_thread_blocked, id=3680, stack(0x0000000058400000,0x0000000058500000)]
  0x000000005624b800 JavaThread "Thread-10" [_thread_blocked, id=6156, stack(0x0000000058250000,0x0000000058350000)]
  0x0000000056c8d800 JavaThread "Thread-9" [_thread_blocked, id=4632, stack(0x0000000058120000,0x0000000058220000)]
  0x0000000056c8d000 JavaThread "Thread-8" [_thread_blocked, id=5128, stack(0x0000000057f50000,0x0000000058050000)]
  0x0000000056c8c000 JavaThread "Thread-7" [_thread_blocked, id=2512, stack(0x0000000057e00000,0x0000000057f00000)]
  0x0000000056c86000 JavaThread "Thread-6" [_thread_blocked, id=7400, stack(0x0000000057cd0000,0x0000000057dd0000)]
  0x0000000056c85800 JavaThread "Thread-5" [_thread_blocked, id=6204, stack(0x0000000057ac0000,0x0000000057bc0000)]
  0x0000000056c84800 JavaThread "Thread-4" [_thread_blocked, id=5844, stack(0x0000000057850000,0x0000000057950000)]
  0x0000000056c84000 JavaThread "Thread-3" [_thread_blocked, id=1088, stack(0x0000000057950000,0x0000000057a50000)]
  0x0000000056c82800 JavaThread "Thread-2" [_thread_blocked, id=1840, stack(0x0000000057740000,0x0000000057840000)]
  0x0000000056c81800 JavaThread "Thread-1" [_thread_blocked, id=1404, stack(0x00000000574b0000,0x00000000575b0000)]
  0x0000000056c81000 JavaThread "Thread-0" [_thread_in_vm, id=4128, stack(0x0000000056750000,0x0000000056850000)]
  0x0000000056219800 JavaThread "ReaderThread" [_thread_in_native, id=5280, stack(0x0000000056a40000,0x0000000056b40000)]
  0x0000000056149000 JavaThread "Service Thread" daemon [_thread_blocked, id=5584, stack(0x00000000565a0000,0x00000000566a0000)]
  0x0000000054c00800 JavaThread "C1 CompilerThread1" daemon [_thread_in_native, id=2912, stack(0x0000000055ef0000,0x0000000055ff0000)]
  0x0000000054bf8800 JavaThread "C2 CompilerThread0" daemon [_thread_blocked, id=4460, stack(0x0000000055ff0000,0x00000000560f0000)]
  0x0000000054bf7000 JavaThread "Attach Listener" daemon [_thread_blocked, id=7248, stack(0x00000000558a0000,0x00000000559a0000)]
  0x0000000054bf5800 JavaThread "Signal Dispatcher" daemon [_thread_blocked, id=6180, stack(0x0000000055dc0000,0x0000000055ec0000)]
  0x0000000054bdc800 JavaThread "Finalizer" daemon [_thread_blocked, id=7072, stack(0x0000000055bf0000,0x0000000055cf0000)]
  0x0000000054b95000 JavaThread "Reference Handler" daemon [_thread_blocked, id=4248, stack(0x00000000559e0000,0x0000000055ae0000)]
  0x0000000001ece800 JavaThread "main" [_thread_blocked, id=4544, stack(0x0000000002020000,0x0000000002120000)]

Other Threads:
  0x0000000054b8b800 VMThread [stack: 0x0000000055710000,0x0000000055810000] [id=6360]
  0x000000005614a000 WatcherThread [stack: 0x0000000056850000,0x0000000056950000] [id=7816]

VM state:not at safepoint (normal execution)

VM Mutex/Monitor currently owned by a thread: None

Heap:
 PSYoungGen      total 18944K, used 5902K [0x00000000eb400000, 0x00000000ec900000, 0x0000000100000000)
  eden space 16384K, 22% used [0x00000000eb400000,0x00000000eb7855b8,0x00000000ec400000)
  from space 2560K, 89% used [0x00000000ec400000,0x00000000ec63e2d0,0x00000000ec680000)
  to   space 2560K, 0% used [0x00000000ec680000,0x00000000ec680000,0x00000000ec900000)
 ParOldGen       total 44032K, used 8K [0x00000000c1c00000, 0x00000000c4700000, 0x00000000eb400000)
  object space 44032K, 0% used [0x00000000c1c00000,0x00000000c1c02000,0x00000000c4700000)
 Metaspace       used 7205K, capacity 7372K, committed 7552K, reserved 1056768K
  class space    used 854K, capacity 894K, committed 896K, reserved 1048576K

Card table byte_map: [0x00000000117b0000,0x00000000119b0000] byte_map_base: 0x00000000111a2000

Marking Bits: (ParMarkBitMap*) 0x000000006824b6d0
 Begin Bits: [0x0000000012110000, 0x00000000130a0000)
 End Bits:   [0x00000000130a0000, 0x0000000014030000)

Polling page: 0x0000000000110000

CodeCache: size=245760Kb used=2297Kb max_used=2297Kb free=243462Kb
 bounds [0x00000000023f0000, 0x0000000002660000, 0x00000000113f0000]
 total_blobs=841 nmethods=519 adapters=236
 compilation: enabled

Compilation events (10 events):
Event: 1.967 Thread 0x0000000054c00800 nmethod 494 0x000000000261fed0 code [0x0000000002620060, 0x0000000002620318]
Event: 1.967 Thread 0x0000000054c00800  498       3       sun.reflect.ClassFileAssembler::emitShort (24 bytes)
Event: 1.967 Thread 0x0000000054c00800 nmethod 498 0x0000000002620410 code [0x00000000026205a0, 0x00000000026208b8]
Event: 1.967 Thread 0x0000000054c00800  499       3       sun.reflect.ClassFileAssembler::cpi (22 bytes)
Event: 1.968 Thread 0x0000000054c00800 nmethod 499 0x0000000002620a90 code [0x0000000002620c00, 0x0000000002620e48]
Event: 1.968 Thread 0x0000000054c00800  495       3       java.nio.CharBuffer::arrayOffset (35 bytes)
Event: 1.968 Thread 0x0000000054c00800 nmethod 495 0x0000000002620f10 code [0x00000000026210a0, 0x0000000002621358]
Event: 1.968 Thread 0x0000000054c00800  501       3       sun.reflect.UTF8::utf8Length (81 bytes)
Event: 1.969 Thread 0x0000000054c00800 nmethod 501 0x0000000002621450 code [0x0000000002621600, 0x0000000002621c48]
Event: 1.969 Thread 0x0000000054c00800  502   !   3       sun.reflect.UTF8::encode (191 bytes)

GC Heap History (2 events):
Event: 1.948 GC heap before
{Heap before GC invocations=1 (full 0):
 PSYoungGen      total 18944K, used 16384K [0x00000000eb400000, 0x00000000ec900000, 0x0000000100000000)
  eden space 16384K, 100% used [0x00000000eb400000,0x00000000ec400000,0x00000000ec400000)
  from space 2560K, 0% used [0x00000000ec680000,0x00000000ec680000,0x00000000ec900000)
  to   space 2560K, 0% used [0x00000000ec400000,0x00000000ec400000,0x00000000ec680000)
 ParOldGen       total 44032K, used 0K [0x00000000c1c00000, 0x00000000c4700000, 0x00000000eb400000)
  object space 44032K, 0% used [0x00000000c1c00000,0x00000000c1c00000,0x00000000c4700000)
 Metaspace       used 7060K, capacity 7248K, committed 7296K, reserved 1056768K
  class space    used 839K, capacity 884K, committed 896K, reserved 1048576K
Event: 1.955 GC heap after
Heap after GC invocations=1 (full 0):
 PSYoungGen      total 18944K, used 2296K [0x00000000eb400000, 0x00000000ec900000, 0x0000000100000000)
  eden space 16384K, 0% used [0x00000000eb400000,0x00000000eb400000,0x00000000ec400000)
  from space 2560K, 89% used [0x00000000ec400000,0x00000000ec63e2d0,0x00000000ec680000)
  to   space 2560K, 0% used [0x00000000ec680000,0x00000000ec680000,0x00000000ec900000)
 ParOldGen       total 44032K, used 8K [0x00000000c1c00000, 0x00000000c4700000, 0x00000000eb400000)
  object space 44032K, 0% used [0x00000000c1c00000,0x00000000c1c02000,0x00000000c4700000)
 Metaspace       used 7060K, capacity 7248K, committed 7296K, reserved 1056768K
  class space    used 839K, capacity 884K, committed 896K, reserved 1048576K
}

Deoptimization events (7 events):
Event: 0.692 Thread 0x0000000001ece800 Uncommon trap: reason=unstable_if action=reinterpret pc=0x000000000254387c method=java.lang.String.indexOf([CII[CIII)I @ 123
Event: 0.692 Thread 0x0000000001ece800 Uncommon trap: reason=unstable_if action=reinterpret pc=0x00000000025246d4 method=java.lang.String.indexOf([CII[CIII)I @ 123
Event: 1.042 Thread 0x0000000001ece800 Uncommon trap: reason=unstable_if action=reinterpret pc=0x00000000025b8374 method=java.lang.AbstractStringBuilder.append(Ljava/lang/String;)Ljava/lang/AbstractStringBuilder; @ 1
Event: 1.070 Thread 0x0000000001ece800 Uncommon trap: reason=unstable_if action=reinterpret pc=0x00000000025ac6d4 method=java.lang.AbstractStringBuilder.append(Ljava/lang/String;)Ljava/lang/AbstractStringBuilder; @ 1
Event: 1.171 Thread 0x0000000001ece800 Uncommon trap: reason=unstable_if action=reinterpret pc=0x00000000025a1d48 method=java.lang.String.indexOf([CII[CIII)I @ 3
Event: 1.728 Thread 0x0000000001ece800 Uncommon trap: reason=unstable_if action=reinterpret pc=0x0000000002598250 method=sun.nio.cs.UTF_8$Encoder.encode([CII[B)I @ 33
Event: 1.887 Thread 0x0000000001ece800 Uncommon trap: reason=unstable_if action=reinterpret pc=0x000000000260cfc8 method=org.sqlite.SQLiteJDBCLoader.contentsEquals(Ljava/io/InputStream;Ljava/io/InputStream;)Z @ 39

Internal exceptions (10 events):
Event: 1.000 Thread 0x0000000001ece800 Exception <a 'java/lang/ClassNotFoundException': org/apache/log4j/RollingFileAppenderBeanInfo> (0x00000000ebab0708) thrown at [C:\re\workspace\8-2-build-windows-amd64-cygwin\jdk8u121\8372\hotspot\src\share\vm\classfile\systemDictionary.cpp, line 210]
Event: 1.002 Thread 0x0000000001ece800 Exception <a 'java/lang/ClassNotFoundException': org/apache/log4j/FileAppenderBeanInfo> (0x00000000ebab9f10) thrown at [C:\re\workspace\8-2-build-windows-amd64-cygwin\jdk8u121\8372\hotspot\src\share\vm\classfile\systemDictionary.cpp, line 210]
Event: 1.003 Thread 0x0000000001ece800 Exception <a 'java/lang/ClassNotFoundException': org/apache/log4j/WriterAppenderBeanInfo> (0x00000000ebac3960) thrown at [C:\re\workspace\8-2-build-windows-amd64-cygwin\jdk8u121\8372\hotspot\src\share\vm\classfile\systemDictionary.cpp, line 210]
Event: 1.005 Thread 0x0000000001ece800 Exception <a 'java/lang/ClassNotFoundException': org/apache/log4j/AppenderSkeletonBeanInfo> (0x00000000ebacd538) thrown at [C:\re\workspace\8-2-build-windows-amd64-cygwin\jdk8u121\8372\hotspot\src\share\vm\classfile\systemDictionary.cpp, line 210]
Event: 1.007 Thread 0x0000000001ece800 Exception <a 'java/lang/ClassNotFoundException': org/apache/log4j/AppenderSkeletonCustomizer> (0x00000000ebad73a8) thrown at [C:\re\workspace\8-2-build-windows-amd64-cygwin\jdk8u121\8372\hotspot\src\share\vm\classfile\systemDictionary.cpp, line 210]
Event: 1.013 Thread 0x0000000001ece800 Exception <a 'java/lang/ClassNotFoundException': org/apache/log4j/WriterAppenderCustomizer> (0x00000000ebaf4740) thrown at [C:\re\workspace\8-2-build-windows-amd64-cygwin\jdk8u121\8372\hotspot\src\share\vm\classfile\systemDictionary.cpp, line 210]
Event: 1.017 Thread 0x0000000001ece800 Exception <a 'java/lang/ClassNotFoundException': org/apache/log4j/FileAppenderCustomizer> (0x00000000ebb0a7c8) thrown at [C:\re\workspace\8-2-build-windows-amd64-cygwin\jdk8u121\8372\hotspot\src\share\vm\classfile\systemDictionary.cpp, line 210]
Event: 1.022 Thread 0x0000000001ece800 Exception <a 'java/lang/ClassNotFoundException': org/apache/log4j/RollingFileAppenderCustomizer> (0x00000000ebb212b0) thrown at [C:\re\workspace\8-2-build-windows-amd64-cygwin\jdk8u121\8372\hotspot\src\share\vm\classfile\systemDictionary.cpp, line 210]
Event: 1.042 Thread 0x0000000001ece800 Implicit null exception at 0x00000000025b7fc6 to 0x00000000025b835d
Event: 1.070 Thread 0x0000000001ece800 Implicit null exception at 0x00000000025ac304 to 0x00000000025ac6bd

Events (10 events):
Event: 1.965 loading class sun/reflect/Label
Event: 1.965 loading class sun/reflect/Label done
Event: 1.965 loading class sun/reflect/Label$PatchInfo
Event: 1.965 loading class sun/reflect/Label$PatchInfo done
Event: 1.969 loading class sun/reflect/MethodAccessorGenerator$1
Event: 1.969 loading class sun/reflect/MethodAccessorGenerator$1 done
Event: 1.969 loading class sun/reflect/ClassDefiner
Event: 1.969 loading class sun/reflect/ClassDefiner done
Event: 1.969 loading class sun/reflect/ClassDefiner$1
Event: 1.970 loading class sun/reflect/ClassDefiner$1 done


Dynamic libraries:
0x000000013f4c0000 - 0x000000013f4f7000 	C:\Program Files\Java\jdk1.8.0_121\bin\javaw.exe
0x0000000077130000 - 0x00000000772da000 	C:\Windows\SYSTEM32\ntdll.dll
0x0000000077010000 - 0x000000007712f000 	C:\Windows\system32\kernel32.dll
0x000007fefce40000 - 0x000007fefceaa000 	C:\Windows\system32\KERNELBASE.dll
0x000007fefde60000 - 0x000007fefdf3b000 	C:\Windows\system32\ADVAPI32.dll
0x000007fefe220000 - 0x000007fefe2bf000 	C:\Windows\system32\msvcrt.dll
0x000007feff420000 - 0x000007feff43f000 	C:\Windows\SYSTEM32\sechost.dll
0x000007fefdbc0000 - 0x000007fefdced000 	C:\Windows\system32\RPCRT4.dll
0x0000000076f10000 - 0x000000007700a000 	C:\Windows\system32\USER32.dll
0x000007fefd4b0000 - 0x000007fefd517000 	C:\Windows\system32\GDI32.dll
0x000007fefd7d0000 - 0x000007fefd7de000 	C:\Windows\system32\LPK.dll
0x000007fefdd90000 - 0x000007fefde5b000 	C:\Windows\system32\USP10.dll
0x000007fefb870000 - 0x000007fefba64000 	C:\Windows\WinSxS\amd64_microsoft.windows.common-controls_6595b64144ccf1df_6.0.7601.18837_none_fa3b1e3d17594757\COMCTL32.dll
0x000007feff3a0000 - 0x000007feff411000 	C:\Windows\system32\SHLWAPI.dll
0x000007fefdb90000 - 0x000007fefdbbe000 	C:\Windows\system32\IMM32.DLL
0x000007fefd520000 - 0x000007fefd629000 	C:\Windows\system32\MSCTF.dll
0x0000000067950000 - 0x0000000067a22000 	C:\Program Files\Java\jdk1.8.0_121\jre\bin\msvcr100.dll
0x0000000067a30000 - 0x00000000682cb000 	C:\Program Files\Java\jdk1.8.0_121\jre\bin\server\jvm.dll
0x000007fef9100000 - 0x000007fef9109000 	C:\Windows\system32\WSOCK32.dll
0x000007fefe320000 - 0x000007fefe36d000 	C:\Windows\system32\WS2_32.dll
0x000007fefd7c0000 - 0x000007fefd7c8000 	C:\Windows\system32\NSI.dll
0x000007fef8ce0000 - 0x000007fef8d1b000 	C:\Windows\system32\WINMM.dll
0x000007fefbf00000 - 0x000007fefbf0c000 	C:\Windows\system32\VERSION.dll
0x0000000077300000 - 0x0000000077307000 	C:\Windows\system32\PSAPI.DLL
0x0000000073980000 - 0x000000007398f000 	C:\Program Files\Java\jdk1.8.0_121\jre\bin\verify.dll
0x00000000738c0000 - 0x00000000738e9000 	C:\Program Files\Java\jdk1.8.0_121\jre\bin\java.dll
0x00000000738a0000 - 0x00000000738b6000 	C:\Program Files\Java\jdk1.8.0_121\jre\bin\zip.dll
0x000007fefe550000 - 0x000007feff2da000 	C:\Windows\system32\SHELL32.dll
0x000007fefdf40000 - 0x000007fefe13c000 	C:\Windows\system32\ole32.dll
0x000007fefce30000 - 0x000007fefce3f000 	C:\Windows\system32\profapi.dll
0x0000000073880000 - 0x000000007389a000 	C:\Program Files\Java\jdk1.8.0_121\jre\bin\net.dll
0x000007fefc5b0000 - 0x000007fefc605000 	C:\Windows\system32\mswsock.dll
0x000007fefc5a0000 - 0x000007fefc5a7000 	C:\Windows\System32\wship6.dll
0x000007fefc610000 - 0x000007fefc628000 	C:\Windows\system32\CRYPTSP.dll
0x000007fefc310000 - 0x000007fefc357000 	C:\Windows\system32\rsaenh.dll
0x000007fefcfb0000 - 0x000007fefcfce000 	C:\Windows\system32\USERENV.dll
0x000007fefccc0000 - 0x000007fefcccf000 	C:\Windows\system32\CRYPTBASE.dll
0x000007fefa540000 - 0x000007fefa567000 	C:\Windows\system32\IPHLPAPI.DLL
0x000007fefa530000 - 0x000007fefa53b000 	C:\Windows\system32\WINNSI.DLL
0x000007fefa340000 - 0x000007fefa358000 	C:\Windows\system32\dhcpcsvc.DLL
0x000007fefa220000 - 0x000007fefa231000 	C:\Windows\system32\dhcpcsvc6.DLL
0x0000000073950000 - 0x0000000073961000 	C:\Program Files\Java\jdk1.8.0_121\jre\bin\nio.dll
0x000000006d580000 - 0x000000006d63d000 	C:\Users\ALUMNO\AppData\Local\Temp\sqlite-3.8.11.2-8c55f032-ec5f-4e94-bb5a-4159a37231aa-sqlitejdbc.dll
0x000007fef6c80000 - 0x000007fef6da5000 	C:\Windows\system32\dbghelp.dll

VM Arguments:
jvm_args: -ea -Dfile.encoding=UTF-8 
java_command: org.eclipse.jdt.internal.junit.runner.RemoteTestRunner -version 3 -port 50871 -testLoaderClass org.eclipse.jdt.internal.junit4.runner.JUnit4TestLoader -loaderpluginname org.eclipse.jdt.junit4.runtime -classNames es.deusto.grupo3.RendimientoTest
java_class_path (initial): C:\Users\ALUMNO\workspace\grupo3_PSC_1819\target\test-classes;C:\Users\ALUMNO\workspace\grupo3_PSC_1819\target\classes;C:\Users\ALUMNO\.m2\repository\org\xerial\sqlite-jdbc\3.8.11.2\sqlite-jdbc-3.8.11.2.jar;C:\Users\ALUMNO\.m2\repository\net\java\dev\swing-layout\swing-layout\1.0.2\swing-layout-1.0.2.jar;C:\Users\ALUMNO\.m2\repository\junit\junit\4.11\junit-4.11.jar;C:\Users\ALUMNO\.m2\repository\org\hamcrest\hamcrest-core\1.3\hamcrest-core-1.3.jar;C:\Users\ALUMNO\.m2\repository\log4j\log4j\1.2.17\log4j-1.2.17.jar;C:\Users\ALUMNO\.m2\repository\org\mockito\mockito-core\2.10.0\mockito-core-2.10.0.jar;C:\Users\ALUMNO\.m2\repository\net\bytebuddy\byte-buddy\1.7.4\byte-buddy-1.7.4.jar;C:\Users\ALUMNO\.m2\repository\net\bytebuddy\byte-buddy-agent\1.7.4\byte-buddy-agent-1.7.4.jar;C:\Users\ALUMNO\.m2\repository\org\objenesis\objenesis\2.6\objenesis-2.6.jar;C:\Users\ALUMNO\.m2\repository\org\databene\contiperf\2.0.0\contiperf-2.0.0.jar;/C:/Users/ALUMNO/eclipse/java-neon/eclipse/configuration/org.eclipse.osgi/214/0/.cp/;/C:/Users/ALUMNO/eclipse/java-neon/eclipse/configuration/org.eclipse.osgi/213/0/.cp/
Launcher Type: SUN_STANDARD

Environment Variables:
JAVA_HOME=C:\Program Files\Java\jdk1.8.0_121
PATH=C:/Program Files/Java/jdk1.8.0_121/bin/../jre/bin/server;C:/Program Files/Java/jdk1.8.0_121/bin/../jre/bin;C:/Program Files/Java/jdk1.8.0_121/bin/../jre/lib/amd64;C:\Program Files (x86)\Intel\TXE Components\TCS\;C:\Program Files\Intel\TXE Components\TCS\;C:\Windows\system32;C:\Windows;C:\Windows\System32\Wbem;C:\Windows\System32\WindowsPowerShell\v1.0\;C:\Program Files (x86)\QuickTime\QTSystem\;C:\Program Files\Java\jdk1.8.0_121\bin;C:\apache-ant-1.10.1\bin;C:\mysql-5.7.17-winx64\mysql-5.7.17-winx64\bin;C:\Program Files\Git\cmd;C:\Program Files (x86)\Skype\Phone\;C:\Program Files (x86)\Windows Live\Shared;C:\Users\ALUMNO\apache-maven-3.5.4-bin\apache-maven-3.5.4\bin;C:\Program Files\doxygen\bin;C:\Program Files\gs\gs9.25\bin;C:\Users\ALUMNO\AppData\Local\Programs\MiKTeX 2.9\miktex\bin;C:\Program Files (x86)\Graphviz2.38\bin;C:\Users\ALUMNO\AppData\Local\Programs\MiKTeX 2.9\miktex\bin\x64\;C:\Users\ALUMNO\Desktop;
USERNAME=ALUMNO
OS=Windows_NT
PROCESSOR_IDENTIFIER=Intel64 Family 6 Model 55 Stepping 8, GenuineIntel



---------------  S Y S T E M  ---------------

OS: Windows 7 , 64 bit Build 7601 (6.1.7601.23915)

CPU:total 3 (4 cores per cpu, 1 threads per core) family 6 model 55 stepping 8, cmov, cx8, fxsr, mmx, sse, sse2, sse3, ssse3, sse4.1, sse4.2, popcnt, clmul, erms, 3dnowpref, tsc, tscinvbit

Memory: 4k page, physical 4073180k(1528396k free), swap 8144500k(5138632k free)

vm_info: Java HotSpot(TM) 64-Bit Server VM (25.121-b13) for windows-amd64 JRE (1.8.0_121-b13), built on Dec 12 2016 18:21:36 by "java_re" with MS VC++ 10.0 (VS2010)

time: Tue Nov 27 17:48:43 2018
elapsed time: 1 seconds (0d 0h 0m 1s)

