#
# A fatal error has been detected by the Java Runtime Environment:
#
#  EXCEPTION_INVALID_HANDLE (0xc0000008) at pc=0x00000000771f8078, pid=8168, tid=0x00000000000010b4
#
# JRE version: Java(TM) SE Runtime Environment (8.0_121-b13) (build 1.8.0_121-b13)
# Java VM: Java HotSpot(TM) 64-Bit Server VM (25.121-b13 mixed mode windows-amd64 compressed oops)
# Problematic frame:
# C  [ntdll.dll+0xc8078]
#
# Failed to write core dump. Minidumps are not enabled by default on client versions of Windows
#
# If you would like to submit a bug report, please visit:
#   http://bugreport.java.com/bugreport/crash.jsp
# The crash happened outside the Java Virtual Machine in native code.
# See problematic frame for where to report the bug.
#

---------------  T H R E A D  ---------------

Current thread (0x0000000056c58800):  JavaThread "Thread-16" [_thread_in_native, id=4276, stack(0x0000000058b40000,0x0000000058c40000)]

siginfo: ExceptionCode=0xc0000008

Registers:
RAX=0x00000000c0000008, RBX=0x00000000c0000008, RCX=0x0000000058c3e140, RDX=0x0000000000000000
RSP=0x0000000058c3e080, RBP=0x0000000000000000, RSI=0x000000000045fde8, RDI=0x0000000077262490
R8 =0x0000000058c3e618, R9 =0x0000000000000000, R10=0x0000000000000000, R11=0x0000000000000246
R12=0x0000000000000000, R13=0x00000000545baee0, R14=0x000007fffff78000, R15=0x0000000000000000
RIP=0x00000000771f8078, EFLAGS=0x0000000000000202

Top of Stack: (sp=0x0000000058c3e080)
0x0000000058c3e080:   0000000058c3e0a0 0000000058c3e140
0x0000000058c3e090:   0000000000000001 0000000000000000
0x0000000058c3e0a0:   00000001c0000008 0000000000000000
0x0000000058c3e0b0:   00000000771f8078 0000000000000000
0x0000000058c3e0c0:   0000000058c3e118 00000000541dee58
0x0000000058c3e0d0:   0000000000000000 00000000541de278
0x0000000058c3e0e0:   0000000000000000 0000000058c3e100
0x0000000058c3e0f0:   0000000058c3e160 0000000002418331
0x0000000058c3e100:   000000000000004a 00000000ec46dbd0
0x0000000058c3e110:   000000000000004a 00000000ec416828
0x0000000058c3e120:   0000000058c3e120 00000000541e2592
0x0000000058c3e130:   0000000058c3e1c8 00000000541e59f0
0x0000000058c3e140:   0000000000000000 0000000002427968
0x0000000058c3e150:   00008669252c2835 00000000738cc1e5
0x0000000058c3e160:   0000000058c3e2b8 00000000541a48d8
0x0000000058c3e170:   00001fa00010000f 0053002b002b0033 

Instructions: (pc=0x00000000771f8078)
0x00000000771f8058:   90 90 90 90 90 90 90 90 ff f3 48 81 ec 90 05 00
0x00000000771f8068:   00 8b d9 48 8d 8c 24 c0 00 00 00 e8 f8 31 f8 ff
0x00000000771f8078:   48 8b 84 24 b8 01 00 00 33 d2 48 89 54 24 28 89
0x00000000771f8088:   54 24 38 89 5c 24 20 48 89 44 24 30 c7 44 24 24 


Register to memory mapping:

RAX=0x00000000c0000008 is an unknown value
RBX=0x00000000c0000008 is an unknown value
RCX=0x0000000058c3e140 is pointing into the stack for thread: 0x0000000056c58800
RDX=0x0000000000000000 is an unknown value
RSP=0x0000000058c3e080 is pointing into the stack for thread: 0x0000000056c58800
RBP=0x0000000000000000 is an unknown value
RSI=0x000000000045fde8 is an unknown value
RDI=0x0000000077262490 is an unknown value
R8 =0x0000000058c3e618 is pointing into the stack for thread: 0x0000000056c58800
R9 =0x0000000000000000 is an unknown value
R10=0x0000000000000000 is an unknown value
R11=0x0000000000000246 is an unknown value
R12=0x0000000000000000 is an unknown value
R13={method} {0x00000000545baee8} 'reset' '(J)I' in 'org/sqlite/core/NativeDB'
R14=0x000007fffff78000 is an unknown value
R15=0x0000000000000000 is an unknown value


Stack: [0x0000000058b40000,0x0000000058c40000],  sp=0x0000000058c3e080,  free space=1016k
Native frames: (J=compiled Java code, j=interpreted, Vv=VM code, C=native code)

Java frames: (J=compiled Java code, j=interpreted, Vv=VM code)
j  org.sqlite.core.NativeDB.reset(J)I+0
j  org.sqlite.core.CoreResultSet.close()V+81
j  org.sqlite.core.CoreStatement.internalClose()V+34
j  org.sqlite.jdbc3.JDBC3Statement.executeQuery(Ljava/lang/String;)Ljava/sql/ResultSet;+1
j  es.deusto.grupo3.LNegocio.GestorCoche.getVehiculos(Ljava/sql/Statement;)Ljava/util/ArrayList;+23
j  es.deusto.grupo3.RendimientoTest.getVehiculos()V+7
v  ~StubRoutines::call_stub
j  sun.reflect.NativeMethodAccessorImpl.invoke0(Ljava/lang/reflect/Method;Ljava/lang/Object;[Ljava/lang/Object;)Ljava/lang/Object;+0
j  sun.reflect.NativeMethodAccessorImpl.invoke(Ljava/lang/Object;[Ljava/lang/Object;)Ljava/lang/Object;+100
j  sun.reflect.DelegatingMethodAccessorImpl.invoke(Ljava/lang/Object;[Ljava/lang/Object;)Ljava/lang/Object;+6
j  java.lang.reflect.Method.invoke(Ljava/lang/Object;[Ljava/lang/Object;)Ljava/lang/Object;+56
j  org.junit.runners.model.FrameworkMethod$1.runReflectiveCall()Ljava/lang/Object;+15
j  org.junit.internal.runners.model.ReflectiveCallable.run()Ljava/lang/Object;+1
j  org.junit.runners.model.FrameworkMethod.invokeExplosively(Ljava/lang/Object;[Ljava/lang/Object;)Ljava/lang/Object;+10
j  org.junit.internal.runners.statements.InvokeMethod.evaluate()V+12
j  org.databene.contiperf.junit.JUnitInvoker.invoke([Ljava/lang/Object;)Ljava/lang/Object;+4
j  org.databene.contiperf.util.InvokerProxy.invoke([Ljava/lang/Object;)Ljava/lang/Object;+5
j  org.databene.contiperf.PerformanceTracker.invoke([Ljava/lang/Object;)Ljava/lang/Object;+17
j  org.databene.contiperf.TimedRunner.run()V+24
j  java.lang.Thread.run()V+11
v  ~StubRoutines::call_stub

---------------  P R O C E S S  ---------------

Java Threads: ( => current thread )
  0x0000000056c5b000 JavaThread "Thread-19" [_thread_blocked, id=3708, stack(0x0000000058ee0000,0x0000000058fe0000)]
  0x0000000056c5a000 JavaThread "Thread-18" [_thread_blocked, id=4160, stack(0x0000000058c40000,0x0000000058d40000)]
  0x0000000056c59800 JavaThread "Thread-17" [_thread_blocked, id=2720, stack(0x0000000057e10000,0x0000000057f10000)]
=>0x0000000056c58800 JavaThread "Thread-16" [_thread_in_native, id=4276, stack(0x0000000058b40000,0x0000000058c40000)]
  0x0000000056c58000 JavaThread "Thread-15" [_thread_blocked, id=5560, stack(0x0000000058820000,0x0000000058920000)]
  0x0000000056c57000 JavaThread "Thread-14" [_thread_blocked, id=6560, stack(0x00000000589a0000,0x0000000058aa0000)]
  0x0000000056c56800 JavaThread "Thread-13" [_thread_blocked, id=7220, stack(0x00000000581b0000,0x00000000582b0000)]
  0x0000000056c55800 JavaThread "Thread-12" [_thread_blocked, id=6104, stack(0x0000000058720000,0x0000000058820000)]
  0x0000000056c55000 JavaThread "Thread-11" [_thread_blocked, id=6716, stack(0x0000000058610000,0x0000000058710000)]
  0x0000000056c54000 JavaThread "Thread-10" [_thread_blocked, id=4032, stack(0x0000000058460000,0x0000000058560000)]
  0x0000000056d7e800 JavaThread "Thread-9" [_thread_blocked, id=7864, stack(0x00000000582d0000,0x00000000583d0000)]
  0x0000000056d7c000 JavaThread "Thread-8" [_thread_blocked, id=6132, stack(0x00000000580b0000,0x00000000581b0000)]
  0x0000000056d7b000 JavaThread "Thread-7" [_thread_blocked, id=736, stack(0x0000000057750000,0x0000000057850000)]
  0x0000000056d77800 JavaThread "Thread-6" [_thread_blocked, id=7944, stack(0x0000000057f30000,0x0000000058030000)]
  0x0000000056d76800 JavaThread "Thread-5" [_thread_blocked, id=7216, stack(0x0000000057d00000,0x0000000057e00000)]
  0x0000000056d74000 JavaThread "Thread-4" [_thread_blocked, id=6820, stack(0x0000000057bd0000,0x0000000057cd0000)]
  0x0000000056c81800 JavaThread "Thread-3" [_thread_blocked, id=6856, stack(0x00000000579e0000,0x0000000057ae0000)]
  0x0000000056c80800 JavaThread "Thread-2" [_thread_blocked, id=6044, stack(0x00000000578b0000,0x00000000579b0000)]
  0x0000000056c80000 JavaThread "Thread-1" [_thread_blocked, id=6572, stack(0x00000000568f0000,0x00000000569f0000)]
  0x0000000056c7f000 JavaThread "Thread-0" [_thread_blocked, id=6728, stack(0x0000000057650000,0x0000000057750000)]
  0x00000000563ce000 JavaThread "ReaderThread" [_thread_in_native, id=4656, stack(0x0000000056a40000,0x0000000056b40000)]
  0x0000000056302800 JavaThread "Service Thread" daemon [_thread_blocked, id=2892, stack(0x0000000055f10000,0x0000000056010000)]
  0x0000000054a7f800 JavaThread "C1 CompilerThread1" daemon [_thread_blocked, id=5952, stack(0x00000000561a0000,0x00000000562a0000)]
  0x0000000054a69000 JavaThread "C2 CompilerThread0" daemon [_thread_blocked, id=4652, stack(0x0000000056010000,0x0000000056110000)]
  0x0000000054a67000 JavaThread "Attach Listener" daemon [_thread_blocked, id=5784, stack(0x0000000055ca0000,0x0000000055da0000)]
  0x0000000054a65800 JavaThread "Signal Dispatcher" daemon [_thread_blocked, id=5988, stack(0x0000000055da0000,0x0000000055ea0000)]
  0x0000000054a4c800 JavaThread "Finalizer" daemon [_thread_blocked, id=7208, stack(0x00000000558d0000,0x00000000559d0000)]
  0x0000000054a05000 JavaThread "Reference Handler" daemon [_thread_blocked, id=7612, stack(0x0000000055a30000,0x0000000055b30000)]
  0x0000000001f1e800 JavaThread "main" [_thread_blocked, id=6424, stack(0x0000000001f80000,0x0000000002080000)]

Other Threads:
  0x00000000549fb800 VMThread [stack: 0x00000000557a0000,0x00000000558a0000] [id=4960]
  0x000000005630d000 WatcherThread [stack: 0x00000000567e0000,0x00000000568e0000] [id=7020]

VM state:not at safepoint (normal execution)

VM Mutex/Monitor currently owned by a thread: None

Heap:
 PSYoungGen      total 18944K, used 5738K [0x00000000eb400000, 0x00000000ec900000, 0x0000000100000000)
  eden space 16384K, 21% used [0x00000000eb400000,0x00000000eb75c618,0x00000000ec400000)
  from space 2560K, 89% used [0x00000000ec400000,0x00000000ec63e2b0,0x00000000ec680000)
  to   space 2560K, 0% used [0x00000000ec680000,0x00000000ec680000,0x00000000ec900000)
 ParOldGen       total 44032K, used 8K [0x00000000c1c00000, 0x00000000c4700000, 0x00000000eb400000)
  object space 44032K, 0% used [0x00000000c1c00000,0x00000000c1c02000,0x00000000c4700000)
 Metaspace       used 7206K, capacity 7342K, committed 7552K, reserved 1056768K
  class space    used 853K, capacity 889K, committed 896K, reserved 1048576K

Card table byte_map: [0x00000000117d0000,0x00000000119d0000] byte_map_base: 0x00000000111c2000

Marking Bits: (ParMarkBitMap*) 0x000000006824b6d0
 Begin Bits: [0x0000000011f80000, 0x0000000012f10000)
 End Bits:   [0x0000000012f10000, 0x0000000013ea0000)

Polling page: 0x0000000000100000

CodeCache: size=245760Kb used=2310Kb max_used=2310Kb free=243449Kb
 bounds [0x0000000002410000, 0x0000000002680000, 0x0000000011410000]
 total_blobs=846 nmethods=524 adapters=236
 compilation: enabled

Compilation events (10 events):
Event: 1.863 Thread 0x0000000054a7f800 nmethod 515 0x0000000002649210 code [0x0000000002649360, 0x0000000002649510]
Event: 1.863 Thread 0x0000000054a7f800  516       3       sun.nio.cs.StreamEncoder::ensureOpen (18 bytes)
Event: 1.863 Thread 0x0000000054a7f800 nmethod 516 0x0000000002648d90 code [0x0000000002648f00, 0x0000000002649148]
Event: 1.863 Thread 0x0000000054a7f800  517       3       java.nio.CharBuffer::<init> (22 bytes)
Event: 1.863 Thread 0x0000000054a7f800 nmethod 517 0x000000000264dc90 code [0x000000000264de00, 0x000000000264dfc8]
Event: 1.866 Thread 0x0000000054a7f800  518   !   3       sun.nio.cs.StreamEncoder::write (78 bytes)
Event: 1.867 Thread 0x0000000054a7f800 nmethod 518 0x000000000264e090 code [0x000000000264e260, 0x000000000264e968]
Event: 1.867 Thread 0x0000000054a7f800  519       3       sun.nio.cs.StreamEncoder::implWrite (156 bytes)
Event: 1.870 Thread 0x0000000054a7f800 nmethod 519 0x000000000264ed90 code [0x000000000264f000, 0x000000000264fe68]
Event: 1.870 Thread 0x0000000054a7f800  520   !   3       java.nio.charset.CharsetEncoder::encode (285 bytes)

GC Heap History (2 events):
Event: 1.814 GC heap before
{Heap before GC invocations=1 (full 0):
 PSYoungGen      total 18944K, used 16384K [0x00000000eb400000, 0x00000000ec900000, 0x0000000100000000)
  eden space 16384K, 100% used [0x00000000eb400000,0x00000000ec400000,0x00000000ec400000)
  from space 2560K, 0% used [0x00000000ec680000,0x00000000ec680000,0x00000000ec900000)
  to   space 2560K, 0% used [0x00000000ec400000,0x00000000ec400000,0x00000000ec680000)
 ParOldGen       total 44032K, used 0K [0x00000000c1c00000, 0x00000000c4700000, 0x00000000eb400000)
  object space 44032K, 0% used [0x00000000c1c00000,0x00000000c1c00000,0x00000000c4700000)
 Metaspace       used 7059K, capacity 7248K, committed 7296K, reserved 1056768K
  class space    used 839K, capacity 884K, committed 896K, reserved 1048576K
Event: 1.820 GC heap after
Heap after GC invocations=1 (full 0):
 PSYoungGen      total 18944K, used 2296K [0x00000000eb400000, 0x00000000ec900000, 0x0000000100000000)
  eden space 16384K, 0% used [0x00000000eb400000,0x00000000eb400000,0x00000000ec400000)
  from space 2560K, 89% used [0x00000000ec400000,0x00000000ec63e2b0,0x00000000ec680000)
  to   space 2560K, 0% used [0x00000000ec680000,0x00000000ec680000,0x00000000ec900000)
 ParOldGen       total 44032K, used 8K [0x00000000c1c00000, 0x00000000c4700000, 0x00000000eb400000)
  object space 44032K, 0% used [0x00000000c1c00000,0x00000000c1c02000,0x00000000c4700000)
 Metaspace       used 7059K, capacity 7248K, committed 7296K, reserved 1056768K
  class space    used 839K, capacity 884K, committed 896K, reserved 1048576K
}

Deoptimization events (7 events):
Event: 0.608 Thread 0x0000000001f1e800 Uncommon trap: reason=unstable_if action=reinterpret pc=0x000000000255943c method=java.lang.String.indexOf([CII[CIII)I @ 123
Event: 0.910 Thread 0x0000000001f1e800 Uncommon trap: reason=unstable_if action=reinterpret pc=0x00000000025c9eb4 method=java.lang.AbstractStringBuilder.append(Ljava/lang/String;)Ljava/lang/AbstractStringBuilder; @ 1
Event: 0.922 Thread 0x0000000001f1e800 Uncommon trap: reason=unstable_if action=reinterpret pc=0x00000000025db7b4 method=java.lang.AbstractStringBuilder.append(Ljava/lang/String;)Ljava/lang/AbstractStringBuilder; @ 1
Event: 1.017 Thread 0x0000000001f1e800 Uncommon trap: reason=unstable_if action=reinterpret pc=0x00000000025c38c8 method=java.lang.String.indexOf([CII[CIII)I @ 3
Event: 1.028 Thread 0x0000000001f1e800 Uncommon trap: reason=unstable_if action=reinterpret pc=0x0000000002551454 method=java.lang.String.indexOf([CII[CIII)I @ 123
Event: 1.582 Thread 0x0000000001f1e800 Uncommon trap: reason=unstable_if action=reinterpret pc=0x00000000025be990 method=sun.nio.cs.UTF_8$Encoder.encode([CII[B)I @ 33
Event: 1.755 Thread 0x0000000001f1e800 Uncommon trap: reason=unstable_if action=reinterpret pc=0x000000000262c208 method=org.sqlite.SQLiteJDBCLoader.contentsEquals(Ljava/io/InputStream;Ljava/io/InputStream;)Z @ 39

Internal exceptions (10 events):
Event: 0.881 Thread 0x0000000001f1e800 Exception <a 'java/lang/ClassNotFoundException': org/apache/log4j/RollingFileAppenderBeanInfo> (0x00000000ebaafeb0) thrown at [C:\re\workspace\8-2-build-windows-amd64-cygwin\jdk8u121\8372\hotspot\src\share\vm\classfile\systemDictionary.cpp, line 210]
Event: 0.882 Thread 0x0000000001f1e800 Exception <a 'java/lang/ClassNotFoundException': org/apache/log4j/FileAppenderBeanInfo> (0x00000000ebab96b8) thrown at [C:\re\workspace\8-2-build-windows-amd64-cygwin\jdk8u121\8372\hotspot\src\share\vm\classfile\systemDictionary.cpp, line 210]
Event: 0.884 Thread 0x0000000001f1e800 Exception <a 'java/lang/ClassNotFoundException': org/apache/log4j/WriterAppenderBeanInfo> (0x00000000ebac30c0) thrown at [C:\re\workspace\8-2-build-windows-amd64-cygwin\jdk8u121\8372\hotspot\src\share\vm\classfile\systemDictionary.cpp, line 210]
Event: 0.885 Thread 0x0000000001f1e800 Exception <a 'java/lang/ClassNotFoundException': org/apache/log4j/AppenderSkeletonBeanInfo> (0x00000000ebaccc98) thrown at [C:\re\workspace\8-2-build-windows-amd64-cygwin\jdk8u121\8372\hotspot\src\share\vm\classfile\systemDictionary.cpp, line 210]
Event: 0.886 Thread 0x0000000001f1e800 Exception <a 'java/lang/ClassNotFoundException': org/apache/log4j/AppenderSkeletonCustomizer> (0x00000000ebad6b08) thrown at [C:\re\workspace\8-2-build-windows-amd64-cygwin\jdk8u121\8372\hotspot\src\share\vm\classfile\systemDictionary.cpp, line 210]
Event: 0.891 Thread 0x0000000001f1e800 Exception <a 'java/lang/ClassNotFoundException': org/apache/log4j/WriterAppenderCustomizer> (0x00000000ebaf3ea0) thrown at [C:\re\workspace\8-2-build-windows-amd64-cygwin\jdk8u121\8372\hotspot\src\share\vm\classfile\systemDictionary.cpp, line 210]
Event: 0.895 Thread 0x0000000001f1e800 Exception <a 'java/lang/ClassNotFoundException': org/apache/log4j/FileAppenderCustomizer> (0x00000000ebb09f28) thrown at [C:\re\workspace\8-2-build-windows-amd64-cygwin\jdk8u121\8372\hotspot\src\share\vm\classfile\systemDictionary.cpp, line 210]
Event: 0.899 Thread 0x0000000001f1e800 Exception <a 'java/lang/ClassNotFoundException': org/apache/log4j/RollingFileAppenderCustomizer> (0x00000000ebb20a38) thrown at [C:\re\workspace\8-2-build-windows-amd64-cygwin\jdk8u121\8372\hotspot\src\share\vm\classfile\systemDictionary.cpp, line 210]
Event: 0.910 Thread 0x0000000001f1e800 Implicit null exception at 0x00000000025c9b06 to 0x00000000025c9e9d
Event: 0.922 Thread 0x0000000001f1e800 Implicit null exception at 0x00000000025db406 to 0x00000000025db79d

Events (10 events):
Event: 1.831 loading class java/sql/SQLWarning
Event: 1.831 loading class java/sql/SQLWarning done
Event: 1.831 loading class java/lang/Throwable$WrappedPrintStream
Event: 1.831 loading class java/lang/Throwable$PrintStreamOrWriter
Event: 1.831 loading class java/lang/Throwable$PrintStreamOrWriter done
Event: 1.831 loading class java/lang/Throwable$WrappedPrintStream done
Event: 1.832 loading class java/util/IdentityHashMap$KeySet
Event: 1.832 loading class java/util/IdentityHashMap$KeySet done
Event: 1.836 loading class org/sqlite/SQLiteErrorCode
Event: 1.836 loading class org/sqlite/SQLiteErrorCode done


Dynamic libraries:
0x000000013f880000 - 0x000000013f8b7000 	C:\Program Files\Java\jdk1.8.0_121\bin\javaw.exe
0x0000000077130000 - 0x00000000772da000 	C:\Windows\SYSTEM32\ntdll.dll
0x0000000077010000 - 0x000000007712f000 	C:\Windows\system32\kernel32.dll
0x000007fefce40000 - 0x000007fefceaa000 	C:\Windows\system32\KERNELBASE.dll
0x000007fefde60000 - 0x000007fefdf3b000 	C:\Windows\system32\ADVAPI32.dll
0x000007fefe220000 - 0x000007fefe2bf000 	C:\Windows\system32\msvcrt.dll
0x000007feff420000 - 0x000007feff43f000 	C:\Windows\SYSTEM32\sechost.dll
0x000007fefdbc0000 - 0x000007fefdced000 	C:\Windows\system32\RPCRT4.dll
0x0000000076f10000 - 0x000000007700a000 	C:\Windows\system32\USER32.dll
0x000007fefd4b0000 - 0x000007fefd517000 	C:\Windows\system32\GDI32.dll
0x000007fefd7d0000 - 0x000007fefd7de000 	C:\Windows\system32\LPK.dll
0x000007fefdd90000 - 0x000007fefde5b000 	C:\Windows\system32\USP10.dll
0x000007fefb870000 - 0x000007fefba64000 	C:\Windows\WinSxS\amd64_microsoft.windows.common-controls_6595b64144ccf1df_6.0.7601.18837_none_fa3b1e3d17594757\COMCTL32.dll
0x000007feff3a0000 - 0x000007feff411000 	C:\Windows\system32\SHLWAPI.dll
0x000007fefdb90000 - 0x000007fefdbbe000 	C:\Windows\system32\IMM32.DLL
0x000007fefd520000 - 0x000007fefd629000 	C:\Windows\system32\MSCTF.dll
0x0000000067950000 - 0x0000000067a22000 	C:\Program Files\Java\jdk1.8.0_121\jre\bin\msvcr100.dll
0x0000000067a30000 - 0x00000000682cb000 	C:\Program Files\Java\jdk1.8.0_121\jre\bin\server\jvm.dll
0x000007fef9100000 - 0x000007fef9109000 	C:\Windows\system32\WSOCK32.dll
0x000007fefe320000 - 0x000007fefe36d000 	C:\Windows\system32\WS2_32.dll
0x000007fefd7c0000 - 0x000007fefd7c8000 	C:\Windows\system32\NSI.dll
0x000007fef8ce0000 - 0x000007fef8d1b000 	C:\Windows\system32\WINMM.dll
0x000007fefbf00000 - 0x000007fefbf0c000 	C:\Windows\system32\VERSION.dll
0x0000000077300000 - 0x0000000077307000 	C:\Windows\system32\PSAPI.DLL
0x0000000073980000 - 0x000000007398f000 	C:\Program Files\Java\jdk1.8.0_121\jre\bin\verify.dll
0x00000000738c0000 - 0x00000000738e9000 	C:\Program Files\Java\jdk1.8.0_121\jre\bin\java.dll
0x00000000738a0000 - 0x00000000738b6000 	C:\Program Files\Java\jdk1.8.0_121\jre\bin\zip.dll
0x000007fefe550000 - 0x000007feff2da000 	C:\Windows\system32\SHELL32.dll
0x000007fefdf40000 - 0x000007fefe13c000 	C:\Windows\system32\ole32.dll
0x000007fefce30000 - 0x000007fefce3f000 	C:\Windows\system32\profapi.dll
0x0000000073880000 - 0x000000007389a000 	C:\Program Files\Java\jdk1.8.0_121\jre\bin\net.dll
0x000007fefc5b0000 - 0x000007fefc605000 	C:\Windows\system32\mswsock.dll
0x000007fefc5a0000 - 0x000007fefc5a7000 	C:\Windows\System32\wship6.dll
0x000007fefc610000 - 0x000007fefc628000 	C:\Windows\system32\CRYPTSP.dll
0x000007fefc310000 - 0x000007fefc357000 	C:\Windows\system32\rsaenh.dll
0x000007fefcfb0000 - 0x000007fefcfce000 	C:\Windows\system32\USERENV.dll
0x000007fefccc0000 - 0x000007fefcccf000 	C:\Windows\system32\CRYPTBASE.dll
0x000007fefa540000 - 0x000007fefa567000 	C:\Windows\system32\IPHLPAPI.DLL
0x000007fefa530000 - 0x000007fefa53b000 	C:\Windows\system32\WINNSI.DLL
0x000007fefa340000 - 0x000007fefa358000 	C:\Windows\system32\dhcpcsvc.DLL
0x000007fefa220000 - 0x000007fefa231000 	C:\Windows\system32\dhcpcsvc6.DLL
0x0000000073950000 - 0x0000000073961000 	C:\Program Files\Java\jdk1.8.0_121\jre\bin\nio.dll
0x000000006d580000 - 0x000000006d63d000 	C:\Users\ALUMNO\AppData\Local\Temp\sqlite-3.8.11.2-5313f24e-961a-47d2-839b-d249d9b41894-sqlitejdbc.dll
0x000007fef6c80000 - 0x000007fef6da5000 	C:\Windows\system32\dbghelp.dll

VM Arguments:
jvm_args: -ea -Dfile.encoding=UTF-8 
java_command: org.eclipse.jdt.internal.junit.runner.RemoteTestRunner -version 3 -port 50806 -testLoaderClass org.eclipse.jdt.internal.junit4.runner.JUnit4TestLoader -loaderpluginname org.eclipse.jdt.junit4.runtime -classNames es.deusto.grupo3.RendimientoTest
java_class_path (initial): C:\Users\ALUMNO\workspace\grupo3_PSC_1819\target\test-classes;C:\Users\ALUMNO\workspace\grupo3_PSC_1819\target\classes;C:\Users\ALUMNO\.m2\repository\org\xerial\sqlite-jdbc\3.8.11.2\sqlite-jdbc-3.8.11.2.jar;C:\Users\ALUMNO\.m2\repository\net\java\dev\swing-layout\swing-layout\1.0.2\swing-layout-1.0.2.jar;C:\Users\ALUMNO\.m2\repository\junit\junit\4.11\junit-4.11.jar;C:\Users\ALUMNO\.m2\repository\org\hamcrest\hamcrest-core\1.3\hamcrest-core-1.3.jar;C:\Users\ALUMNO\.m2\repository\log4j\log4j\1.2.17\log4j-1.2.17.jar;C:\Users\ALUMNO\.m2\repository\org\mockito\mockito-core\2.10.0\mockito-core-2.10.0.jar;C:\Users\ALUMNO\.m2\repository\net\bytebuddy\byte-buddy\1.7.4\byte-buddy-1.7.4.jar;C:\Users\ALUMNO\.m2\repository\net\bytebuddy\byte-buddy-agent\1.7.4\byte-buddy-agent-1.7.4.jar;C:\Users\ALUMNO\.m2\repository\org\objenesis\objenesis\2.6\objenesis-2.6.jar;C:\Users\ALUMNO\.m2\repository\org\databene\contiperf\2.0.0\contiperf-2.0.0.jar;/C:/Users/ALUMNO/eclipse/java-neon/eclipse/configuration/org.eclipse.osgi/214/0/.cp/;/C:/Users/ALUMNO/eclipse/java-neon/eclipse/configuration/org.eclipse.osgi/213/0/.cp/
Launcher Type: SUN_STANDARD

Environment Variables:
JAVA_HOME=C:\Program Files\Java\jdk1.8.0_121
PATH=C:/Program Files/Java/jdk1.8.0_121/bin/../jre/bin/server;C:/Program Files/Java/jdk1.8.0_121/bin/../jre/bin;C:/Program Files/Java/jdk1.8.0_121/bin/../jre/lib/amd64;C:\Program Files (x86)\Intel\TXE Components\TCS\;C:\Program Files\Intel\TXE Components\TCS\;C:\Windows\system32;C:\Windows;C:\Windows\System32\Wbem;C:\Windows\System32\WindowsPowerShell\v1.0\;C:\Program Files (x86)\QuickTime\QTSystem\;C:\Program Files\Java\jdk1.8.0_121\bin;C:\apache-ant-1.10.1\bin;C:\mysql-5.7.17-winx64\mysql-5.7.17-winx64\bin;C:\Program Files\Git\cmd;C:\Program Files (x86)\Skype\Phone\;C:\Program Files (x86)\Windows Live\Shared;C:\Users\ALUMNO\apache-maven-3.5.4-bin\apache-maven-3.5.4\bin;C:\Program Files\doxygen\bin;C:\Program Files\gs\gs9.25\bin;C:\Users\ALUMNO\AppData\Local\Programs\MiKTeX 2.9\miktex\bin;C:\Program Files (x86)\Graphviz2.38\bin;C:\Users\ALUMNO\AppData\Local\Programs\MiKTeX 2.9\miktex\bin\x64\;C:\Users\ALUMNO\Desktop;
USERNAME=ALUMNO
OS=Windows_NT
PROCESSOR_IDENTIFIER=Intel64 Family 6 Model 55 Stepping 8, GenuineIntel



---------------  S Y S T E M  ---------------

OS: Windows 7 , 64 bit Build 7601 (6.1.7601.23915)

CPU:total 3 (4 cores per cpu, 1 threads per core) family 6 model 55 stepping 8, cmov, cx8, fxsr, mmx, sse, sse2, sse3, ssse3, sse4.1, sse4.2, popcnt, clmul, erms, 3dnowpref, tsc, tscinvbit

Memory: 4k page, physical 4073180k(1615976k free), swap 8144500k(5224960k free)

vm_info: Java HotSpot(TM) 64-Bit Server VM (25.121-b13) for windows-amd64 JRE (1.8.0_121-b13), built on Dec 12 2016 18:21:36 by "java_re" with MS VC++ 10.0 (VS2010)

time: Tue Nov 27 16:40:29 2018
elapsed time: 1 seconds (0d 0h 0m 1s)

