#
# A fatal error has been detected by the Java Runtime Environment:
#
#  EXCEPTION_INVALID_HANDLE (0xc0000008) at pc=0x00000000771f8078, pid=3308, tid=0x0000000000001a98
#
# JRE version: Java(TM) SE Runtime Environment (8.0_121-b13) (build 1.8.0_121-b13)
# Java VM: Java HotSpot(TM) 64-Bit Server VM (25.121-b13 mixed mode windows-amd64 compressed oops)
# Problematic frame:
# C  [ntdll.dll+0xc8078]
#
# Failed to write core dump. Minidumps are not enabled by default on client versions of Windows
#
# If you would like to submit a bug report, please visit:
#   http://bugreport.java.com/bugreport/crash.jsp
# The crash happened outside the Java Virtual Machine in native code.
# See problematic frame for where to report the bug.
#

---------------  T H R E A D  ---------------

Current thread (0x0000000056d16000):  JavaThread "Thread-2" [_thread_in_native, id=6808, stack(0x00000000577a0000,0x00000000578a0000)]

siginfo: ExceptionCode=0xc0000008

Registers:
RAX=0x00000000c0000008, RBX=0x00000000c0000008, RCX=0x000000005789e0c0, RDX=0x0000000000000000
RSP=0x000000005789e000, RBP=0x0000000000000000, RSI=0x000000000045fde8, RDI=0x0000000077262490
R8 =0x000000005789e598, R9 =0x0000000000000000, R10=0x0000000000000000, R11=0x0000000000000246
R12=0x0000000000000000, R13=0x000000005465b3a0, R14=0x000007fffff96000, R15=0x0000000000000000
RIP=0x00000000771f8078, EFLAGS=0x0000000000000206

Top of Stack: (sp=0x000000005789e000)
0x000000005789e000:   000000005789e020 000000005789e0c0
0x000000005789e010:   0000000000000001 0000000000000000
0x000000005789e020:   00000001c0000008 0000000000000000
0x000000005789e030:   00000000771f8078 0000000000000000
0x000000005789e040:   0000000000461cd8 00000000004616d0
0x000000005789e050:   000000000045f3be 0000000000000000
0x000000005789e060:   000000000100e1c0 000000000000000f
0x000000005789e070:   000000005789e4a4 00000000fffffffc
0x000000005789e080:   00000000fffffffe 00000000002ddbf8
0x000000005789e090:   0000000000000000 00000000002d0000
0x000000005789e0a0:   0000000000000000 000000005789e140
0x000000005789e0b0:   0000000000461638 00000000004384d8
0x000000005789e0c0:   0000000000000000 000000005789e3d0
0x000000005789e0d0:   0000000000000000 0000000000000000
0x000000005789e0e0:   00000000000000f4 00000000738c2dc9
0x000000005789e0f0:   00001fa00010000f 0053002b002b0033 

Instructions: (pc=0x00000000771f8078)
0x00000000771f8058:   90 90 90 90 90 90 90 90 ff f3 48 81 ec 90 05 00
0x00000000771f8068:   00 8b d9 48 8d 8c 24 c0 00 00 00 e8 f8 31 f8 ff
0x00000000771f8078:   48 8b 84 24 b8 01 00 00 33 d2 48 89 54 24 28 89
0x00000000771f8088:   54 24 38 89 5c 24 20 48 89 44 24 30 c7 44 24 24 


Register to memory mapping:

RAX=0x00000000c0000008 is an unknown value
RBX=0x00000000c0000008 is an unknown value
RCX=0x000000005789e0c0 is pointing into the stack for thread: 0x0000000056d16000
RDX=0x0000000000000000 is an unknown value
RSP=0x000000005789e000 is pointing into the stack for thread: 0x0000000056d16000
RBP=0x0000000000000000 is an unknown value
RSI=0x000000000045fde8 is an unknown value
RDI=0x0000000077262490 is an unknown value
R8 =0x000000005789e598 is pointing into the stack for thread: 0x0000000056d16000
R9 =0x0000000000000000 is an unknown value
R10=0x0000000000000000 is an unknown value
R11=0x0000000000000246 is an unknown value
R12=0x0000000000000000 is an unknown value
R13={method} {0x000000005465b3a8} 'column_text' '(JI)Ljava/lang/String;' in 'org/sqlite/core/NativeDB'
R14=0x000007fffff96000 is an unknown value
R15=0x0000000000000000 is an unknown value


Stack: [0x00000000577a0000,0x00000000578a0000],  sp=0x000000005789e000,  free space=1016k
Native frames: (J=compiled Java code, j=interpreted, Vv=VM code, C=native code)

Java frames: (J=compiled Java code, j=interpreted, Vv=VM code)
j  org.sqlite.core.NativeDB.column_text(JI)Ljava/lang/String;+0
j  org.sqlite.jdbc3.JDBC3ResultSet.getString(I)Ljava/lang/String;+16
j  es.deusto.grupo3.LNegocio.GestorCoche.getVehiculos(Ljava/sql/Statement;)Ljava/util/ArrayList;+40
j  es.deusto.grupo3.RendimientoTest.getVehiculos()V+7
v  ~StubRoutines::call_stub
j  sun.reflect.NativeMethodAccessorImpl.invoke0(Ljava/lang/reflect/Method;Ljava/lang/Object;[Ljava/lang/Object;)Ljava/lang/Object;+0
j  sun.reflect.NativeMethodAccessorImpl.invoke(Ljava/lang/Object;[Ljava/lang/Object;)Ljava/lang/Object;+100
j  sun.reflect.DelegatingMethodAccessorImpl.invoke(Ljava/lang/Object;[Ljava/lang/Object;)Ljava/lang/Object;+6
j  java.lang.reflect.Method.invoke(Ljava/lang/Object;[Ljava/lang/Object;)Ljava/lang/Object;+56
j  org.junit.runners.model.FrameworkMethod$1.runReflectiveCall()Ljava/lang/Object;+15
j  org.junit.internal.runners.model.ReflectiveCallable.run()Ljava/lang/Object;+1
j  org.junit.runners.model.FrameworkMethod.invokeExplosively(Ljava/lang/Object;[Ljava/lang/Object;)Ljava/lang/Object;+10
j  org.junit.internal.runners.statements.InvokeMethod.evaluate()V+12
j  org.databene.contiperf.junit.JUnitInvoker.invoke([Ljava/lang/Object;)Ljava/lang/Object;+4
j  org.databene.contiperf.util.InvokerProxy.invoke([Ljava/lang/Object;)Ljava/lang/Object;+5
j  org.databene.contiperf.PerformanceTracker.invoke([Ljava/lang/Object;)Ljava/lang/Object;+17
j  org.databene.contiperf.TimedRunner.run()V+24
j  java.lang.Thread.run()V+11
v  ~StubRoutines::call_stub

---------------  P R O C E S S  ---------------

Java Threads: ( => current thread )
  0x0000000056d7d000 JavaThread "Thread-19" [_thread_blocked, id=2648, stack(0x0000000057cf0000,0x0000000057df0000)]
  0x0000000056d7c800 JavaThread "Thread-18" [_thread_blocked, id=5704, stack(0x0000000058bb0000,0x0000000058cb0000)]
  0x0000000056d7b800 JavaThread "Thread-17" [_thread_blocked, id=4768, stack(0x0000000058cf0000,0x0000000058df0000)]
  0x0000000056d7b000 JavaThread "Thread-16" [_thread_blocked, id=6308, stack(0x0000000058a90000,0x0000000058b90000)]
  0x0000000056d7a000 JavaThread "Thread-15" [_thread_blocked, id=2560, stack(0x00000000584a0000,0x00000000585a0000)]
  0x0000000056d79800 JavaThread "Thread-14" [_thread_blocked, id=5200, stack(0x0000000058910000,0x0000000058a10000)]
  0x0000000056d78800 JavaThread "Thread-13" [_thread_blocked, id=7488, stack(0x0000000058760000,0x0000000058860000)]
  0x0000000056d78000 JavaThread "Thread-12" [_thread_blocked, id=5676, stack(0x00000000585e0000,0x00000000586e0000)]
  0x0000000056d77000 JavaThread "Thread-11" [_thread_blocked, id=4164, stack(0x0000000058380000,0x0000000058480000)]
  0x0000000056d76800 JavaThread "Thread-10" [_thread_blocked, id=4500, stack(0x0000000058260000,0x0000000058360000)]
  0x0000000056d3e800 JavaThread "Thread-9" [_thread_blocked, id=840, stack(0x0000000058120000,0x0000000058220000)]
  0x0000000056d3b000 JavaThread "Thread-8" [_thread_blocked, id=5196, stack(0x0000000057fe0000,0x00000000580e0000)]
  0x0000000056d38000 JavaThread "Thread-7" [_thread_blocked, id=4224, stack(0x00000000576a0000,0x00000000577a0000)]
  0x0000000056d2b800 JavaThread "Thread-6" [_thread_blocked, id=5824, stack(0x0000000057e40000,0x0000000057f40000)]
  0x0000000056d29000 JavaThread "Thread-5" [_thread_blocked, id=3232, stack(0x0000000057bf0000,0x0000000057cf0000)]
  0x0000000056d28000 JavaThread "Thread-4" [_thread_blocked, id=6948, stack(0x0000000057ac0000,0x0000000057bc0000)]
  0x0000000056d17000 JavaThread "Thread-3" [_thread_blocked, id=5128, stack(0x00000000578f0000,0x00000000579f0000)]
=>0x0000000056d16000 JavaThread "Thread-2" [_thread_in_native, id=6808, stack(0x00000000577a0000,0x00000000578a0000)]
  0x0000000056d15800 JavaThread "Thread-1" [_thread_blocked, id=7176, stack(0x0000000056840000,0x0000000056940000)]
  0x0000000056d14800 JavaThread "Thread-0" [_thread_blocked, id=6536, stack(0x00000000575a0000,0x00000000576a0000)]
  0x000000005632f000 JavaThread "ReaderThread" [_thread_in_native, id=7744, stack(0x0000000056b10000,0x0000000056c10000)]
  0x0000000056240800 JavaThread "Service Thread" daemon [_thread_blocked, id=7292, stack(0x00000000566e0000,0x00000000567e0000)]
  0x0000000054b00800 JavaThread "C1 CompilerThread1" daemon [_thread_blocked, id=2904, stack(0x00000000560f0000,0x00000000561f0000)]
  0x0000000054af9000 JavaThread "C2 CompilerThread0" daemon [_thread_in_native, id=3852, stack(0x0000000055bd0000,0x0000000055cd0000)]
  0x0000000054af7000 JavaThread "Attach Listener" daemon [_thread_blocked, id=7140, stack(0x0000000055ee0000,0x0000000055fe0000)]
  0x0000000054af5800 JavaThread "Signal Dispatcher" daemon [_thread_blocked, id=5264, stack(0x0000000055d20000,0x0000000055e20000)]
  0x0000000054adc800 JavaThread "Finalizer" daemon [_thread_blocked, id=6088, stack(0x0000000055710000,0x0000000055810000)]
  0x0000000054a95800 JavaThread "Reference Handler" daemon [_thread_blocked, id=7608, stack(0x00000000559c0000,0x0000000055ac0000)]
  0x0000000001eee800 JavaThread "main" [_thread_blocked, id=6384, stack(0x0000000001f40000,0x0000000002040000)]

Other Threads:
  0x0000000054a8b800 VMThread [stack: 0x0000000055890000,0x0000000055990000] [id=4884]
  0x0000000056246000 WatcherThread [stack: 0x0000000056940000,0x0000000056a40000] [id=4780]

VM state:not at safepoint (normal execution)

VM Mutex/Monitor currently owned by a thread: None

Heap:
 PSYoungGen      total 18944K, used 6256K [0x00000000eb400000, 0x00000000ec900000, 0x0000000100000000)
  eden space 16384K, 24% used [0x00000000eb400000,0x00000000eb7d73d8,0x00000000ec400000)
  from space 2560K, 90% used [0x00000000ec400000,0x00000000ec644ea0,0x00000000ec680000)
  to   space 2560K, 0% used [0x00000000ec680000,0x00000000ec680000,0x00000000ec900000)
 ParOldGen       total 44032K, used 8K [0x00000000c1c00000, 0x00000000c4700000, 0x00000000eb400000)
  object space 44032K, 0% used [0x00000000c1c00000,0x00000000c1c02000,0x00000000c4700000)
 Metaspace       used 7220K, capacity 7406K, committed 7552K, reserved 1056768K
  class space    used 853K, capacity 889K, committed 896K, reserved 1048576K

Card table byte_map: [0x00000000117f0000,0x00000000119f0000] byte_map_base: 0x00000000111e2000

Marking Bits: (ParMarkBitMap*) 0x000000006824b6d0
 Begin Bits: [0x0000000012010000, 0x0000000012fa0000)
 End Bits:   [0x0000000012fa0000, 0x0000000013f30000)

Polling page: 0x0000000000200000

CodeCache: size=245760Kb used=2386Kb max_used=2398Kb free=243373Kb
 bounds [0x0000000002430000, 0x00000000026a0000, 0x0000000011430000]
 total_blobs=885 nmethods=563 adapters=236
 compilation: enabled

Compilation events (10 events):
Event: 1.816 Thread 0x0000000054b00800 nmethod 556 0x0000000002683d10 code [0x0000000002683e80, 0x0000000002684188]
Event: 1.816 Thread 0x0000000054b00800  558       3       java.nio.Buffer::remaining (10 bytes)
Event: 1.816 Thread 0x0000000054b00800 nmethod 558 0x00000000026842d0 code [0x0000000002684420, 0x0000000002684570]
Event: 1.816 Thread 0x0000000054b00800  554       3       java.lang.String::valueOf (14 bytes)
Event: 1.816 Thread 0x0000000054b00800 nmethod 554 0x00000000026845d0 code [0x0000000002684740, 0x0000000002684988]
Event: 1.830 Thread 0x0000000054b00800  561       3       java.lang.Integer::getChars (131 bytes)
Event: 1.831 Thread 0x0000000054b00800 nmethod 561 0x0000000002684a50 code [0x0000000002684be0, 0x0000000002685050]
Event: 1.831 Thread 0x0000000054af9000  555       4       java.lang.String::indexOf (7 bytes)
Event: 1.836 Thread 0x0000000054af9000 nmethod 555 0x0000000002688210 code [0x0000000002688340, 0x0000000002688498]
Event: 1.836 Thread 0x0000000054af9000  562       4       java.lang.AbstractStringBuilder::append (50 bytes)

GC Heap History (2 events):
Event: 1.710 GC heap before
{Heap before GC invocations=1 (full 0):
 PSYoungGen      total 18944K, used 16384K [0x00000000eb400000, 0x00000000ec900000, 0x0000000100000000)
  eden space 16384K, 100% used [0x00000000eb400000,0x00000000ec400000,0x00000000ec400000)
  from space 2560K, 0% used [0x00000000ec680000,0x00000000ec680000,0x00000000ec900000)
  to   space 2560K, 0% used [0x00000000ec400000,0x00000000ec400000,0x00000000ec680000)
 ParOldGen       total 44032K, used 0K [0x00000000c1c00000, 0x00000000c4700000, 0x00000000eb400000)
  object space 44032K, 0% used [0x00000000c1c00000,0x00000000c1c00000,0x00000000c4700000)
 Metaspace       used 7064K, capacity 7248K, committed 7296K, reserved 1056768K
  class space    used 839K, capacity 884K, committed 896K, reserved 1048576K
Event: 1.717 GC heap after
Heap after GC invocations=1 (full 0):
 PSYoungGen      total 18944K, used 2323K [0x00000000eb400000, 0x00000000ec900000, 0x0000000100000000)
  eden space 16384K, 0% used [0x00000000eb400000,0x00000000eb400000,0x00000000ec400000)
  from space 2560K, 90% used [0x00000000ec400000,0x00000000ec644ea0,0x00000000ec680000)
  to   space 2560K, 0% used [0x00000000ec680000,0x00000000ec680000,0x00000000ec900000)
 ParOldGen       total 44032K, used 8K [0x00000000c1c00000, 0x00000000c4700000, 0x00000000eb400000)
  object space 44032K, 0% used [0x00000000c1c00000,0x00000000c1c02000,0x00000000c4700000)
 Metaspace       used 7064K, capacity 7248K, committed 7296K, reserved 1056768K
  class space    used 839K, capacity 884K, committed 896K, reserved 1048576K
}

Deoptimization events (7 events):
Event: 0.548 Thread 0x0000000001eee800 Uncommon trap: reason=unstable_if action=reinterpret pc=0x0000000002579338 method=java.lang.String.indexOf([CII[CIII)I @ 123
Event: 0.828 Thread 0x0000000001eee800 Uncommon trap: reason=unstable_if action=reinterpret pc=0x00000000025ed974 method=java.lang.AbstractStringBuilder.append(Ljava/lang/String;)Ljava/lang/AbstractStringBuilder; @ 1
Event: 0.841 Thread 0x0000000001eee800 Uncommon trap: reason=unstable_if action=reinterpret pc=0x00000000025ff4f4 method=java.lang.AbstractStringBuilder.append(Ljava/lang/String;)Ljava/lang/AbstractStringBuilder; @ 1
Event: 0.932 Thread 0x0000000001eee800 Uncommon trap: reason=unstable_if action=reinterpret pc=0x00000000025e6188 method=java.lang.String.indexOf([CII[CIII)I @ 3
Event: 0.938 Thread 0x0000000001eee800 Uncommon trap: reason=unstable_if action=reinterpret pc=0x0000000002571354 method=java.lang.String.indexOf([CII[CIII)I @ 123
Event: 1.495 Thread 0x0000000001eee800 Uncommon trap: reason=unstable_if action=reinterpret pc=0x00000000025e0c50 method=sun.nio.cs.UTF_8$Encoder.encode([CII[B)I @ 33
Event: 1.658 Thread 0x0000000001eee800 Uncommon trap: reason=unstable_if action=reinterpret pc=0x0000000002650408 method=org.sqlite.SQLiteJDBCLoader.contentsEquals(Ljava/io/InputStream;Ljava/io/InputStream;)Z @ 39

Internal exceptions (10 events):
Event: 0.799 Thread 0x0000000001eee800 Exception <a 'java/lang/ClassNotFoundException': org/apache/log4j/RollingFileAppenderBeanInfo> (0x00000000ebab0868) thrown at [C:\re\workspace\8-2-build-windows-amd64-cygwin\jdk8u121\8372\hotspot\src\share\vm\classfile\systemDictionary.cpp, line 210]
Event: 0.801 Thread 0x0000000001eee800 Exception <a 'java/lang/ClassNotFoundException': org/apache/log4j/FileAppenderBeanInfo> (0x00000000ebaba070) thrown at [C:\re\workspace\8-2-build-windows-amd64-cygwin\jdk8u121\8372\hotspot\src\share\vm\classfile\systemDictionary.cpp, line 210]
Event: 0.802 Thread 0x0000000001eee800 Exception <a 'java/lang/ClassNotFoundException': org/apache/log4j/WriterAppenderBeanInfo> (0x00000000ebac3a78) thrown at [C:\re\workspace\8-2-build-windows-amd64-cygwin\jdk8u121\8372\hotspot\src\share\vm\classfile\systemDictionary.cpp, line 210]
Event: 0.803 Thread 0x0000000001eee800 Exception <a 'java/lang/ClassNotFoundException': org/apache/log4j/AppenderSkeletonBeanInfo> (0x00000000ebacd650) thrown at [C:\re\workspace\8-2-build-windows-amd64-cygwin\jdk8u121\8372\hotspot\src\share\vm\classfile\systemDictionary.cpp, line 210]
Event: 0.804 Thread 0x0000000001eee800 Exception <a 'java/lang/ClassNotFoundException': org/apache/log4j/AppenderSkeletonCustomizer> (0x00000000ebad74c0) thrown at [C:\re\workspace\8-2-build-windows-amd64-cygwin\jdk8u121\8372\hotspot\src\share\vm\classfile\systemDictionary.cpp, line 210]
Event: 0.809 Thread 0x0000000001eee800 Exception <a 'java/lang/ClassNotFoundException': org/apache/log4j/WriterAppenderCustomizer> (0x00000000ebaf4858) thrown at [C:\re\workspace\8-2-build-windows-amd64-cygwin\jdk8u121\8372\hotspot\src\share\vm\classfile\systemDictionary.cpp, line 210]
Event: 0.813 Thread 0x0000000001eee800 Exception <a 'java/lang/ClassNotFoundException': org/apache/log4j/FileAppenderCustomizer> (0x00000000ebb0a8e0) thrown at [C:\re\workspace\8-2-build-windows-amd64-cygwin\jdk8u121\8372\hotspot\src\share\vm\classfile\systemDictionary.cpp, line 210]
Event: 0.818 Thread 0x0000000001eee800 Exception <a 'java/lang/ClassNotFoundException': org/apache/log4j/RollingFileAppenderCustomizer> (0x00000000ebb213d0) thrown at [C:\re\workspace\8-2-build-windows-amd64-cygwin\jdk8u121\8372\hotspot\src\share\vm\classfile\systemDictionary.cpp, line 210]
Event: 0.828 Thread 0x0000000001eee800 Implicit null exception at 0x00000000025ed5c6 to 0x00000000025ed95d
Event: 0.841 Thread 0x0000000001eee800 Implicit null exception at 0x00000000025ff146 to 0x00000000025ff4dd

Events (10 events):
Event: 1.729 loading class java/sql/SQLWarning
Event: 1.730 loading class java/sql/SQLWarning done
Event: 1.730 loading class java/lang/Throwable$WrappedPrintStream
Event: 1.730 loading class java/lang/Throwable$PrintStreamOrWriter
Event: 1.730 loading class java/lang/Throwable$PrintStreamOrWriter done
Event: 1.730 loading class java/lang/Throwable$WrappedPrintStream done
Event: 1.730 loading class java/util/IdentityHashMap$KeySet
Event: 1.730 loading class java/util/IdentityHashMap$KeySet done
Event: 1.742 loading class org/sqlite/SQLiteErrorCode
Event: 1.742 loading class org/sqlite/SQLiteErrorCode done


Dynamic libraries:
0x000000013f520000 - 0x000000013f557000 	C:\Program Files\Java\jdk1.8.0_121\bin\javaw.exe
0x0000000077130000 - 0x00000000772da000 	C:\Windows\SYSTEM32\ntdll.dll
0x0000000077010000 - 0x000000007712f000 	C:\Windows\system32\kernel32.dll
0x000007fefce40000 - 0x000007fefceaa000 	C:\Windows\system32\KERNELBASE.dll
0x000007fefde60000 - 0x000007fefdf3b000 	C:\Windows\system32\ADVAPI32.dll
0x000007fefe220000 - 0x000007fefe2bf000 	C:\Windows\system32\msvcrt.dll
0x000007feff420000 - 0x000007feff43f000 	C:\Windows\SYSTEM32\sechost.dll
0x000007fefdbc0000 - 0x000007fefdced000 	C:\Windows\system32\RPCRT4.dll
0x0000000076f10000 - 0x000000007700a000 	C:\Windows\system32\USER32.dll
0x000007fefd4b0000 - 0x000007fefd517000 	C:\Windows\system32\GDI32.dll
0x000007fefd7d0000 - 0x000007fefd7de000 	C:\Windows\system32\LPK.dll
0x000007fefdd90000 - 0x000007fefde5b000 	C:\Windows\system32\USP10.dll
0x000007fefb870000 - 0x000007fefba64000 	C:\Windows\WinSxS\amd64_microsoft.windows.common-controls_6595b64144ccf1df_6.0.7601.18837_none_fa3b1e3d17594757\COMCTL32.dll
0x000007feff3a0000 - 0x000007feff411000 	C:\Windows\system32\SHLWAPI.dll
0x000007fefdb90000 - 0x000007fefdbbe000 	C:\Windows\system32\IMM32.DLL
0x000007fefd520000 - 0x000007fefd629000 	C:\Windows\system32\MSCTF.dll
0x0000000067870000 - 0x0000000067942000 	C:\Program Files\Java\jdk1.8.0_121\jre\bin\msvcr100.dll
0x0000000067a30000 - 0x00000000682cb000 	C:\Program Files\Java\jdk1.8.0_121\jre\bin\server\jvm.dll
0x000007fef9100000 - 0x000007fef9109000 	C:\Windows\system32\WSOCK32.dll
0x000007fefe320000 - 0x000007fefe36d000 	C:\Windows\system32\WS2_32.dll
0x000007fefd7c0000 - 0x000007fefd7c8000 	C:\Windows\system32\NSI.dll
0x000007fef8ce0000 - 0x000007fef8d1b000 	C:\Windows\system32\WINMM.dll
0x000007fefbf00000 - 0x000007fefbf0c000 	C:\Windows\system32\VERSION.dll
0x0000000077300000 - 0x0000000077307000 	C:\Windows\system32\PSAPI.DLL
0x0000000073980000 - 0x000000007398f000 	C:\Program Files\Java\jdk1.8.0_121\jre\bin\verify.dll
0x00000000738c0000 - 0x00000000738e9000 	C:\Program Files\Java\jdk1.8.0_121\jre\bin\java.dll
0x00000000738a0000 - 0x00000000738b6000 	C:\Program Files\Java\jdk1.8.0_121\jre\bin\zip.dll
0x000007fefe550000 - 0x000007feff2da000 	C:\Windows\system32\SHELL32.dll
0x000007fefdf40000 - 0x000007fefe13c000 	C:\Windows\system32\ole32.dll
0x000007fefce30000 - 0x000007fefce3f000 	C:\Windows\system32\profapi.dll
0x0000000073880000 - 0x000000007389a000 	C:\Program Files\Java\jdk1.8.0_121\jre\bin\net.dll
0x000007fefc5b0000 - 0x000007fefc605000 	C:\Windows\system32\mswsock.dll
0x000007fefc5a0000 - 0x000007fefc5a7000 	C:\Windows\System32\wship6.dll
0x000007fefc610000 - 0x000007fefc628000 	C:\Windows\system32\CRYPTSP.dll
0x000007fefc310000 - 0x000007fefc357000 	C:\Windows\system32\rsaenh.dll
0x000007fefcfb0000 - 0x000007fefcfce000 	C:\Windows\system32\USERENV.dll
0x000007fefccc0000 - 0x000007fefcccf000 	C:\Windows\system32\CRYPTBASE.dll
0x000007fefa540000 - 0x000007fefa567000 	C:\Windows\system32\IPHLPAPI.DLL
0x000007fefa530000 - 0x000007fefa53b000 	C:\Windows\system32\WINNSI.DLL
0x000007fefa340000 - 0x000007fefa358000 	C:\Windows\system32\dhcpcsvc.DLL
0x000007fefa220000 - 0x000007fefa231000 	C:\Windows\system32\dhcpcsvc6.DLL
0x0000000073950000 - 0x0000000073961000 	C:\Program Files\Java\jdk1.8.0_121\jre\bin\nio.dll
0x000000006d580000 - 0x000000006d63d000 	C:\Users\ALUMNO\AppData\Local\Temp\sqlite-3.8.11.2-c18469f6-af32-498a-9b75-62c6f0422b4e-sqlitejdbc.dll
0x000007fef6c80000 - 0x000007fef6da5000 	C:\Windows\system32\dbghelp.dll

VM Arguments:
jvm_args: -ea -Dfile.encoding=UTF-8 
java_command: org.eclipse.jdt.internal.junit.runner.RemoteTestRunner -version 3 -port 50808 -testLoaderClass org.eclipse.jdt.internal.junit4.runner.JUnit4TestLoader -loaderpluginname org.eclipse.jdt.junit4.runtime -classNames es.deusto.grupo3.RendimientoTest
java_class_path (initial): C:\Users\ALUMNO\workspace\grupo3_PSC_1819\target\test-classes;C:\Users\ALUMNO\workspace\grupo3_PSC_1819\target\classes;C:\Users\ALUMNO\.m2\repository\org\xerial\sqlite-jdbc\3.8.11.2\sqlite-jdbc-3.8.11.2.jar;C:\Users\ALUMNO\.m2\repository\net\java\dev\swing-layout\swing-layout\1.0.2\swing-layout-1.0.2.jar;C:\Users\ALUMNO\.m2\repository\junit\junit\4.11\junit-4.11.jar;C:\Users\ALUMNO\.m2\repository\org\hamcrest\hamcrest-core\1.3\hamcrest-core-1.3.jar;C:\Users\ALUMNO\.m2\repository\log4j\log4j\1.2.17\log4j-1.2.17.jar;C:\Users\ALUMNO\.m2\repository\org\mockito\mockito-core\2.10.0\mockito-core-2.10.0.jar;C:\Users\ALUMNO\.m2\repository\net\bytebuddy\byte-buddy\1.7.4\byte-buddy-1.7.4.jar;C:\Users\ALUMNO\.m2\repository\net\bytebuddy\byte-buddy-agent\1.7.4\byte-buddy-agent-1.7.4.jar;C:\Users\ALUMNO\.m2\repository\org\objenesis\objenesis\2.6\objenesis-2.6.jar;C:\Users\ALUMNO\.m2\repository\org\databene\contiperf\2.0.0\contiperf-2.0.0.jar;/C:/Users/ALUMNO/eclipse/java-neon/eclipse/configuration/org.eclipse.osgi/214/0/.cp/;/C:/Users/ALUMNO/eclipse/java-neon/eclipse/configuration/org.eclipse.osgi/213/0/.cp/
Launcher Type: SUN_STANDARD

Environment Variables:
JAVA_HOME=C:\Program Files\Java\jdk1.8.0_121
PATH=C:/Program Files/Java/jdk1.8.0_121/bin/../jre/bin/server;C:/Program Files/Java/jdk1.8.0_121/bin/../jre/bin;C:/Program Files/Java/jdk1.8.0_121/bin/../jre/lib/amd64;C:\Program Files (x86)\Intel\TXE Components\TCS\;C:\Program Files\Intel\TXE Components\TCS\;C:\Windows\system32;C:\Windows;C:\Windows\System32\Wbem;C:\Windows\System32\WindowsPowerShell\v1.0\;C:\Program Files (x86)\QuickTime\QTSystem\;C:\Program Files\Java\jdk1.8.0_121\bin;C:\apache-ant-1.10.1\bin;C:\mysql-5.7.17-winx64\mysql-5.7.17-winx64\bin;C:\Program Files\Git\cmd;C:\Program Files (x86)\Skype\Phone\;C:\Program Files (x86)\Windows Live\Shared;C:\Users\ALUMNO\apache-maven-3.5.4-bin\apache-maven-3.5.4\bin;C:\Program Files\doxygen\bin;C:\Program Files\gs\gs9.25\bin;C:\Users\ALUMNO\AppData\Local\Programs\MiKTeX 2.9\miktex\bin;C:\Program Files (x86)\Graphviz2.38\bin;C:\Users\ALUMNO\AppData\Local\Programs\MiKTeX 2.9\miktex\bin\x64\;C:\Users\ALUMNO\Desktop;
USERNAME=ALUMNO
OS=Windows_NT
PROCESSOR_IDENTIFIER=Intel64 Family 6 Model 55 Stepping 8, GenuineIntel



---------------  S Y S T E M  ---------------

OS: Windows 7 , 64 bit Build 7601 (6.1.7601.23915)

CPU:total 3 (4 cores per cpu, 1 threads per core) family 6 model 55 stepping 8, cmov, cx8, fxsr, mmx, sse, sse2, sse3, ssse3, sse4.1, sse4.2, popcnt, clmul, erms, 3dnowpref, tsc, tscinvbit

Memory: 4k page, physical 4073180k(1595484k free), swap 8144500k(5201332k free)

vm_info: Java HotSpot(TM) 64-Bit Server VM (25.121-b13) for windows-amd64 JRE (1.8.0_121-b13), built on Dec 12 2016 18:21:36 by "java_re" with MS VC++ 10.0 (VS2010)

time: Tue Nov 27 16:41:13 2018
elapsed time: 1 seconds (0d 0h 0m 1s)

