#
# A fatal error has been detected by the Java Runtime Environment:
#
#  EXCEPTION_INVALID_HANDLE (0xc0000008) at pc=0x00000000771f8078, pid=7600, tid=0x00000000000010b4
#
# JRE version: Java(TM) SE Runtime Environment (8.0_121-b13) (build 1.8.0_121-b13)
# Java VM: Java HotSpot(TM) 64-Bit Server VM (25.121-b13 mixed mode windows-amd64 compressed oops)
# Problematic frame:
# C  [ntdll.dll+0xc8078]
#
# Failed to write core dump. Minidumps are not enabled by default on client versions of Windows
#
# If you would like to submit a bug report, please visit:
#   http://bugreport.java.com/bugreport/crash.jsp
# The crash happened outside the Java Virtual Machine in native code.
# See problematic frame for where to report the bug.
#

---------------  T H R E A D  ---------------

Current thread (0x0000000056c65000):  JavaThread "Thread-7" [_thread_in_native, id=4276, stack(0x0000000057d60000,0x0000000057e60000)]

siginfo: ExceptionCode=0xc0000008

Registers:
RAX=0x00000000c0000008, RBX=0x00000000c0000008, RCX=0x0000000057e5db10, RDX=0x0000000000000000
RSP=0x0000000057e5da50, RBP=0x0000000000000000, RSI=0x000000000016fba0, RDI=0x0000000077262490
R8 =0x0000000057e5dfe8, R9 =0x0000000000000000, R10=0x0000000000000000, R11=0x0000000000000246
R12=0x0000000000000000, R13=0x00000000545db978, R14=0x000007fffff8c000, R15=0x0000000000000000
RIP=0x00000000771f8078, EFLAGS=0x0000000000000206

Top of Stack: (sp=0x0000000057e5da50)
0x0000000057e5da50:   0000000057e5da70 0000000057e5db10
0x0000000057e5da60:   0000000000000001 0000000000000000
0x0000000057e5da70:   00000001c0000008 0000000000000000
0x0000000057e5da80:   00000000771f8078 0000000000000000
0x0000000057e5da90:   00000000541ee26c 0000000057e5daf0
0x0000000057e5daa0:   00000000541eee58 0000000000000000
0x0000000057e5dab0:   00000000541ee278 0000000000000000
0x0000000057e5dac0:   0000000057e5dad8 0000000057e5db38
0x0000000057e5dad0:   00000000023c8331 0000000000000051
0x0000000057e5dae0:   00000000ec403320 0000000000000051
0x0000000057e5daf0:   00000000ec417550 0000000057e5daf8
0x0000000057e5db00:   00000000541f2592 0000000057e5dba0
0x0000000057e5db10:   00000000541f59f0 00000000023d7968
0x0000000057e5db20:   00008662374444d5 00000000738cc1e5
0x0000000057e5db30:   0000000057e5dc90 00000000541b47f8
0x0000000057e5db40:   00001fa00010000f 0053002b002b0033 

Instructions: (pc=0x00000000771f8078)
0x00000000771f8058:   90 90 90 90 90 90 90 90 ff f3 48 81 ec 90 05 00
0x00000000771f8068:   00 8b d9 48 8d 8c 24 c0 00 00 00 e8 f8 31 f8 ff
0x00000000771f8078:   48 8b 84 24 b8 01 00 00 33 d2 48 89 54 24 28 89
0x00000000771f8088:   54 24 38 89 5c 24 20 48 89 44 24 30 c7 44 24 24 


Register to memory mapping:

RAX=0x00000000c0000008 is an unknown value
RBX=0x00000000c0000008 is an unknown value
RCX=0x0000000057e5db10 is pointing into the stack for thread: 0x0000000056c65000
RDX=0x0000000000000000 is an unknown value
RSP=0x0000000057e5da50 is pointing into the stack for thread: 0x0000000056c65000
RBP=0x0000000000000000 is an unknown value
RSI=0x000000000016fba0 is an unknown value
RDI=0x0000000077262490 is an unknown value
R8 =0x0000000057e5dfe8 is pointing into the stack for thread: 0x0000000056c65000
R9 =0x0000000000000000 is an unknown value
R10=0x0000000000000000 is an unknown value
R11=0x0000000000000246 is an unknown value
R12=0x0000000000000000 is an unknown value
R13={method} {0x00000000545db980} 'reset' '(J)I' in 'org/sqlite/core/NativeDB'
R14=0x000007fffff8c000 is an unknown value
R15=0x0000000000000000 is an unknown value


Stack: [0x0000000057d60000,0x0000000057e60000],  sp=0x0000000057e5da50,  free space=1014k
Native frames: (J=compiled Java code, j=interpreted, Vv=VM code, C=native code)

Java frames: (J=compiled Java code, j=interpreted, Vv=VM code)
j  org.sqlite.core.NativeDB.reset(J)I+0
j  org.sqlite.core.CoreResultSet.close()V+81
j  org.sqlite.core.CoreStatement.internalClose()V+34
j  org.sqlite.jdbc3.JDBC3Statement.executeQuery(Ljava/lang/String;)Ljava/sql/ResultSet;+1
j  es.deusto.grupo3.LNegocio.GestorCoche.getVehiculosCoches(Ljava/sql/Statement;)Ljava/util/ArrayList;+73
j  es.deusto.grupo3.RendimientoTest.getVehiculos()V+7
v  ~StubRoutines::call_stub
j  sun.reflect.NativeMethodAccessorImpl.invoke0(Ljava/lang/reflect/Method;Ljava/lang/Object;[Ljava/lang/Object;)Ljava/lang/Object;+0
j  sun.reflect.NativeMethodAccessorImpl.invoke(Ljava/lang/Object;[Ljava/lang/Object;)Ljava/lang/Object;+100
j  sun.reflect.DelegatingMethodAccessorImpl.invoke(Ljava/lang/Object;[Ljava/lang/Object;)Ljava/lang/Object;+6
j  java.lang.reflect.Method.invoke(Ljava/lang/Object;[Ljava/lang/Object;)Ljava/lang/Object;+56
j  org.junit.runners.model.FrameworkMethod$1.runReflectiveCall()Ljava/lang/Object;+15
j  org.junit.internal.runners.model.ReflectiveCallable.run()Ljava/lang/Object;+1
j  org.junit.runners.model.FrameworkMethod.invokeExplosively(Ljava/lang/Object;[Ljava/lang/Object;)Ljava/lang/Object;+10
j  org.junit.internal.runners.statements.InvokeMethod.evaluate()V+12
j  org.databene.contiperf.junit.JUnitInvoker.invoke([Ljava/lang/Object;)Ljava/lang/Object;+4
j  org.databene.contiperf.util.InvokerProxy.invoke([Ljava/lang/Object;)Ljava/lang/Object;+5
j  org.databene.contiperf.PerformanceTracker.invoke([Ljava/lang/Object;)Ljava/lang/Object;+17
j  org.databene.contiperf.TimedRunner.run()V+24
j  java.lang.Thread.run()V+11
v  ~StubRoutines::call_stub

---------------  P R O C E S S  ---------------

Java Threads: ( => current thread )
  0x0000000056c91800 JavaThread "Thread-19" [_thread_blocked, id=8180, stack(0x0000000058d20000,0x0000000058e20000)]
  0x0000000056c90800 JavaThread "Thread-18" [_thread_blocked, id=7540, stack(0x0000000058bd0000,0x0000000058cd0000)]
  0x0000000056c90000 JavaThread "Thread-17" [_thread_blocked, id=6388, stack(0x0000000058a40000,0x0000000058b40000)]
  0x0000000056c8f000 JavaThread "Thread-16" [_thread_blocked, id=4244, stack(0x0000000058760000,0x0000000058860000)]
  0x0000000056c8e800 JavaThread "Thread-15" [_thread_blocked, id=6768, stack(0x0000000057620000,0x0000000057720000)]
  0x0000000056c8d800 JavaThread "Thread-14" [_thread_blocked, id=840, stack(0x0000000057ad0000,0x0000000057bd0000)]
  0x0000000056c8d000 JavaThread "Thread-13" [_thread_blocked, id=3296, stack(0x00000000585c0000,0x00000000586c0000)]
  0x0000000056c8c000 JavaThread "Thread-12" [_thread_blocked, id=6672, stack(0x00000000583e0000,0x00000000584e0000)]
  0x0000000056c8b800 JavaThread "Thread-11" [_thread_blocked, id=7336, stack(0x00000000582e0000,0x00000000583e0000)]
  0x0000000056c8a800 JavaThread "Thread-10" [_thread_blocked, id=7224, stack(0x0000000058140000,0x0000000058240000)]
  0x0000000056c68800 JavaThread "Thread-9" [_thread_blocked, id=6592, stack(0x0000000057fa0000,0x00000000580a0000)]
  0x0000000056c66000 JavaThread "Thread-8" [_thread_blocked, id=5844, stack(0x0000000057e60000,0x0000000057f60000)]
=>0x0000000056c65000 JavaThread "Thread-7" [_thread_in_native, id=4276, stack(0x0000000057d60000,0x0000000057e60000)]
  0x0000000056c7f000 JavaThread "Thread-6" [_thread_blocked, id=7344, stack(0x0000000056850000,0x0000000056950000)]
  0x0000000056c7e800 JavaThread "Thread-5" [_thread_blocked, id=2344, stack(0x0000000057be0000,0x0000000057ce0000)]
  0x0000000056c7b800 JavaThread "Thread-4" [_thread_blocked, id=4572, stack(0x00000000579d0000,0x0000000057ad0000)]
  0x0000000056c79000 JavaThread "Thread-3" [_thread_blocked, id=5452, stack(0x00000000578c0000,0x00000000579c0000)]
  0x0000000056c78000 JavaThread "Thread-2" [_thread_blocked, id=2412, stack(0x0000000056000000,0x0000000056100000)]
  0x0000000056c62800 JavaThread "Thread-1" [_thread_blocked, id=2672, stack(0x0000000057730000,0x0000000057830000)]
  0x0000000056c61800 JavaThread "Thread-0" [_thread_blocked, id=3012, stack(0x0000000057500000,0x0000000057600000)]
  0x0000000056300000 JavaThread "ReaderThread" [_thread_in_native, id=716, stack(0x0000000056a30000,0x0000000056b30000)]
  0x0000000056270800 JavaThread "Service Thread" daemon [_thread_blocked, id=6668, stack(0x0000000055970000,0x0000000055a70000)]
  0x0000000054a81000 JavaThread "C1 CompilerThread1" daemon [_thread_blocked, id=6296, stack(0x0000000056130000,0x0000000056230000)]
  0x0000000054a7c800 JavaThread "C2 CompilerThread0" daemon [_thread_blocked, id=7400, stack(0x0000000055f00000,0x0000000056000000)]
  0x0000000054a77000 JavaThread "Attach Listener" daemon [_thread_blocked, id=3232, stack(0x0000000055dd0000,0x0000000055ed0000)]
  0x0000000054a75800 JavaThread "Signal Dispatcher" daemon [_thread_blocked, id=5584, stack(0x0000000055be0000,0x0000000055ce0000)]
  0x0000000054a56800 JavaThread "Finalizer" daemon [_thread_blocked, id=7764, stack(0x0000000055a90000,0x0000000055b90000)]
  0x0000000054a15000 JavaThread "Reference Handler" daemon [_thread_blocked, id=6204, stack(0x0000000055850000,0x0000000055950000)]
  0x0000000001e0e800 JavaThread "main" [_thread_blocked, id=6712, stack(0x0000000001ff0000,0x00000000020f0000)]

Other Threads:
  0x0000000054a0b800 VMThread [stack: 0x0000000055670000,0x0000000055770000] [id=5432]
  0x000000005627c000 WatcherThread [stack: 0x0000000056710000,0x0000000056810000] [id=7084]

VM state:not at safepoint (normal execution)

VM Mutex/Monitor currently owned by a thread: None

Heap:
 PSYoungGen      total 18944K, used 5127K [0x00000000eb400000, 0x00000000ec900000, 0x0000000100000000)
  eden space 16384K, 17% used [0x00000000eb400000,0x00000000eb6b8748,0x00000000ec400000)
  from space 2560K, 91% used [0x00000000ec400000,0x00000000ec649638,0x00000000ec680000)
  to   space 2560K, 0% used [0x00000000ec680000,0x00000000ec680000,0x00000000ec900000)
 ParOldGen       total 44032K, used 8K [0x00000000c1c00000, 0x00000000c4700000, 0x00000000eb400000)
  object space 44032K, 0% used [0x00000000c1c00000,0x00000000c1c02000,0x00000000c4700000)
 Metaspace       used 7186K, capacity 7330K, committed 7552K, reserved 1056768K
  class space    used 851K, capacity 887K, committed 896K, reserved 1048576K

Card table byte_map: [0x0000000011780000,0x0000000011980000] byte_map_base: 0x0000000011172000

Marking Bits: (ParMarkBitMap*) 0x000000006824b6d0
 Begin Bits: [0x0000000011f90000, 0x0000000012f20000)
 End Bits:   [0x0000000012f20000, 0x0000000013eb0000)

Polling page: 0x0000000000410000

CodeCache: size=245760Kb used=2285Kb max_used=2285Kb free=243474Kb
 bounds [0x00000000023c0000, 0x0000000002630000, 0x00000000113c0000]
 total_blobs=842 nmethods=520 adapters=236
 compilation: enabled

Compilation events (10 events):
Event: 1.856 Thread 0x0000000054a81000 nmethod 516 0x00000000025f9510 code [0x00000000025f9660, 0x00000000025f97d0]
Event: 1.856 Thread 0x0000000054a81000  517       3       java.nio.Buffer::<init> (121 bytes)
Event: 1.857 Thread 0x0000000054a7c800 nmethod 515 0x00000000025fc510 code [0x00000000025fc640, 0x00000000025fc6f8]
Event: 1.858 Thread 0x0000000054a81000 nmethod 517 0x00000000025fa490 code [0x00000000025fa760, 0x00000000025fbba8]
Event: 1.858 Thread 0x0000000054a81000  518  s    3       java.io.BufferedOutputStream::flush (12 bytes)
Event: 1.858 Thread 0x0000000054a81000 nmethod 518 0x00000000025f9c90 code [0x00000000025f9e20, 0x00000000025fa2f8]
Event: 1.858 Thread 0x0000000054a81000  519       3       java.io.BufferedOutputStream::flushBuffer (29 bytes)
Event: 1.859 Thread 0x0000000054a81000 nmethod 519 0x00000000025fc7d0 code [0x00000000025fc940, 0x00000000025fcba8]
Event: 1.859 Thread 0x0000000054a81000  520       3       java.nio.Buffer::clear (20 bytes)
Event: 1.859 Thread 0x0000000054a81000 nmethod 520 0x00000000025f9950 code [0x00000000025f9aa0, 0x00000000025f9c10]

GC Heap History (2 events):
Event: 1.825 GC heap before
{Heap before GC invocations=1 (full 0):
 PSYoungGen      total 18944K, used 16384K [0x00000000eb400000, 0x00000000ec900000, 0x0000000100000000)
  eden space 16384K, 100% used [0x00000000eb400000,0x00000000ec400000,0x00000000ec400000)
  from space 2560K, 0% used [0x00000000ec680000,0x00000000ec680000,0x00000000ec900000)
  to   space 2560K, 0% used [0x00000000ec400000,0x00000000ec400000,0x00000000ec680000)
 ParOldGen       total 44032K, used 0K [0x00000000c1c00000, 0x00000000c4700000, 0x00000000eb400000)
  object space 44032K, 0% used [0x00000000c1c00000,0x00000000c1c00000,0x00000000c4700000)
 Metaspace       used 7072K, capacity 7248K, committed 7296K, reserved 1056768K
  class space    used 839K, capacity 884K, committed 896K, reserved 1048576K
Event: 1.832 GC heap after
Heap after GC invocations=1 (full 0):
 PSYoungGen      total 18944K, used 2341K [0x00000000eb400000, 0x00000000ec900000, 0x0000000100000000)
  eden space 16384K, 0% used [0x00000000eb400000,0x00000000eb400000,0x00000000ec400000)
  from space 2560K, 91% used [0x00000000ec400000,0x00000000ec649638,0x00000000ec680000)
  to   space 2560K, 0% used [0x00000000ec680000,0x00000000ec680000,0x00000000ec900000)
 ParOldGen       total 44032K, used 8K [0x00000000c1c00000, 0x00000000c4700000, 0x00000000eb400000)
  object space 44032K, 0% used [0x00000000c1c00000,0x00000000c1c02000,0x00000000c4700000)
 Metaspace       used 7072K, capacity 7248K, committed 7296K, reserved 1056768K
  class space    used 839K, capacity 884K, committed 896K, reserved 1048576K
}

Deoptimization events (7 events):
Event: 0.641 Thread 0x0000000001e0e800 Uncommon trap: reason=unstable_if action=reinterpret pc=0x0000000002503338 method=java.lang.String.indexOf([CII[CIII)I @ 123
Event: 0.933 Thread 0x0000000001e0e800 Uncommon trap: reason=unstable_if action=reinterpret pc=0x0000000002573b34 method=java.lang.AbstractStringBuilder.append(Ljava/lang/String;)Ljava/lang/AbstractStringBuilder; @ 1
Event: 0.945 Thread 0x0000000001e0e800 Uncommon trap: reason=unstable_if action=reinterpret pc=0x0000000002585934 method=java.lang.AbstractStringBuilder.append(Ljava/lang/String;)Ljava/lang/AbstractStringBuilder; @ 1
Event: 1.037 Thread 0x0000000001e0e800 Uncommon trap: reason=unstable_if action=reinterpret pc=0x0000000002569288 method=java.lang.String.indexOf([CII[CIII)I @ 3
Event: 1.045 Thread 0x0000000001e0e800 Uncommon trap: reason=unstable_if action=reinterpret pc=0x00000000024ff314 method=java.lang.String.indexOf([CII[CIII)I @ 123
Event: 1.601 Thread 0x0000000001e0e800 Uncommon trap: reason=unstable_if action=reinterpret pc=0x0000000002562510 method=sun.nio.cs.UTF_8$Encoder.encode([CII[B)I @ 33
Event: 1.772 Thread 0x0000000001e0e800 Uncommon trap: reason=unstable_if action=reinterpret pc=0x00000000025ddbc8 method=org.sqlite.SQLiteJDBCLoader.contentsEquals(Ljava/io/InputStream;Ljava/io/InputStream;)Z @ 39

Internal exceptions (10 events):
Event: 0.904 Thread 0x0000000001e0e800 Exception <a 'java/lang/ClassNotFoundException': org/apache/log4j/RollingFileAppenderBeanInfo> (0x00000000ebab0868) thrown at [C:\re\workspace\8-2-build-windows-amd64-cygwin\jdk8u121\8372\hotspot\src\share\vm\classfile\systemDictionary.cpp, line 210]
Event: 0.905 Thread 0x0000000001e0e800 Exception <a 'java/lang/ClassNotFoundException': org/apache/log4j/FileAppenderBeanInfo> (0x00000000ebaba070) thrown at [C:\re\workspace\8-2-build-windows-amd64-cygwin\jdk8u121\8372\hotspot\src\share\vm\classfile\systemDictionary.cpp, line 210]
Event: 0.906 Thread 0x0000000001e0e800 Exception <a 'java/lang/ClassNotFoundException': org/apache/log4j/WriterAppenderBeanInfo> (0x00000000ebac3a78) thrown at [C:\re\workspace\8-2-build-windows-amd64-cygwin\jdk8u121\8372\hotspot\src\share\vm\classfile\systemDictionary.cpp, line 210]
Event: 0.907 Thread 0x0000000001e0e800 Exception <a 'java/lang/ClassNotFoundException': org/apache/log4j/AppenderSkeletonBeanInfo> (0x00000000ebacd650) thrown at [C:\re\workspace\8-2-build-windows-amd64-cygwin\jdk8u121\8372\hotspot\src\share\vm\classfile\systemDictionary.cpp, line 210]
Event: 0.908 Thread 0x0000000001e0e800 Exception <a 'java/lang/ClassNotFoundException': org/apache/log4j/AppenderSkeletonCustomizer> (0x00000000ebad74c0) thrown at [C:\re\workspace\8-2-build-windows-amd64-cygwin\jdk8u121\8372\hotspot\src\share\vm\classfile\systemDictionary.cpp, line 210]
Event: 0.914 Thread 0x0000000001e0e800 Exception <a 'java/lang/ClassNotFoundException': org/apache/log4j/WriterAppenderCustomizer> (0x00000000ebaf4858) thrown at [C:\re\workspace\8-2-build-windows-amd64-cygwin\jdk8u121\8372\hotspot\src\share\vm\classfile\systemDictionary.cpp, line 210]
Event: 0.918 Thread 0x0000000001e0e800 Exception <a 'java/lang/ClassNotFoundException': org/apache/log4j/FileAppenderCustomizer> (0x00000000ebb0a8e0) thrown at [C:\re\workspace\8-2-build-windows-amd64-cygwin\jdk8u121\8372\hotspot\src\share\vm\classfile\systemDictionary.cpp, line 210]
Event: 0.922 Thread 0x0000000001e0e800 Exception <a 'java/lang/ClassNotFoundException': org/apache/log4j/RollingFileAppenderCustomizer> (0x00000000ebb21400) thrown at [C:\re\workspace\8-2-build-windows-amd64-cygwin\jdk8u121\8372\hotspot\src\share\vm\classfile\systemDictionary.cpp, line 210]
Event: 0.933 Thread 0x0000000001e0e800 Implicit null exception at 0x0000000002573786 to 0x0000000002573b1d
Event: 0.945 Thread 0x0000000001e0e800 Implicit null exception at 0x0000000002585586 to 0x000000000258591d

Events (10 events):
Event: 1.843 loading class sun/reflect/Label
Event: 1.843 loading class sun/reflect/Label done
Event: 1.843 loading class sun/reflect/Label$PatchInfo
Event: 1.843 loading class sun/reflect/Label$PatchInfo done
Event: 1.843 loading class sun/reflect/MethodAccessorGenerator$1
Event: 1.844 loading class sun/reflect/MethodAccessorGenerator$1 done
Event: 1.844 loading class sun/reflect/ClassDefiner
Event: 1.844 loading class sun/reflect/ClassDefiner done
Event: 1.844 loading class sun/reflect/ClassDefiner$1
Event: 1.844 loading class sun/reflect/ClassDefiner$1 done


Dynamic libraries:
0x000000013fef0000 - 0x000000013ff27000 	C:\Program Files\Java\jdk1.8.0_121\bin\javaw.exe
0x0000000077130000 - 0x00000000772da000 	C:\Windows\SYSTEM32\ntdll.dll
0x0000000077010000 - 0x000000007712f000 	C:\Windows\system32\kernel32.dll
0x000007fefce40000 - 0x000007fefceaa000 	C:\Windows\system32\KERNELBASE.dll
0x000007fefde60000 - 0x000007fefdf3b000 	C:\Windows\system32\ADVAPI32.dll
0x000007fefe220000 - 0x000007fefe2bf000 	C:\Windows\system32\msvcrt.dll
0x000007feff420000 - 0x000007feff43f000 	C:\Windows\SYSTEM32\sechost.dll
0x000007fefdbc0000 - 0x000007fefdced000 	C:\Windows\system32\RPCRT4.dll
0x0000000076f10000 - 0x000000007700a000 	C:\Windows\system32\USER32.dll
0x000007fefd4b0000 - 0x000007fefd517000 	C:\Windows\system32\GDI32.dll
0x000007fefd7d0000 - 0x000007fefd7de000 	C:\Windows\system32\LPK.dll
0x000007fefdd90000 - 0x000007fefde5b000 	C:\Windows\system32\USP10.dll
0x000007fefb870000 - 0x000007fefba64000 	C:\Windows\WinSxS\amd64_microsoft.windows.common-controls_6595b64144ccf1df_6.0.7601.18837_none_fa3b1e3d17594757\COMCTL32.dll
0x000007feff3a0000 - 0x000007feff411000 	C:\Windows\system32\SHLWAPI.dll
0x000007fefdb90000 - 0x000007fefdbbe000 	C:\Windows\system32\IMM32.DLL
0x000007fefd520000 - 0x000007fefd629000 	C:\Windows\system32\MSCTF.dll
0x0000000067950000 - 0x0000000067a22000 	C:\Program Files\Java\jdk1.8.0_121\jre\bin\msvcr100.dll
0x0000000067a30000 - 0x00000000682cb000 	C:\Program Files\Java\jdk1.8.0_121\jre\bin\server\jvm.dll
0x000007fef9100000 - 0x000007fef9109000 	C:\Windows\system32\WSOCK32.dll
0x000007fefe320000 - 0x000007fefe36d000 	C:\Windows\system32\WS2_32.dll
0x000007fefd7c0000 - 0x000007fefd7c8000 	C:\Windows\system32\NSI.dll
0x000007fef8ce0000 - 0x000007fef8d1b000 	C:\Windows\system32\WINMM.dll
0x000007fefbf00000 - 0x000007fefbf0c000 	C:\Windows\system32\VERSION.dll
0x0000000077300000 - 0x0000000077307000 	C:\Windows\system32\PSAPI.DLL
0x0000000073980000 - 0x000000007398f000 	C:\Program Files\Java\jdk1.8.0_121\jre\bin\verify.dll
0x00000000738c0000 - 0x00000000738e9000 	C:\Program Files\Java\jdk1.8.0_121\jre\bin\java.dll
0x00000000738a0000 - 0x00000000738b6000 	C:\Program Files\Java\jdk1.8.0_121\jre\bin\zip.dll
0x000007fefe550000 - 0x000007feff2da000 	C:\Windows\system32\SHELL32.dll
0x000007fefdf40000 - 0x000007fefe13c000 	C:\Windows\system32\ole32.dll
0x000007fefce30000 - 0x000007fefce3f000 	C:\Windows\system32\profapi.dll
0x0000000073880000 - 0x000000007389a000 	C:\Program Files\Java\jdk1.8.0_121\jre\bin\net.dll
0x000007fefc5b0000 - 0x000007fefc605000 	C:\Windows\system32\mswsock.dll
0x000007fefc5a0000 - 0x000007fefc5a7000 	C:\Windows\System32\wship6.dll
0x000007fefc610000 - 0x000007fefc628000 	C:\Windows\system32\CRYPTSP.dll
0x000007fefc310000 - 0x000007fefc357000 	C:\Windows\system32\rsaenh.dll
0x000007fefcfb0000 - 0x000007fefcfce000 	C:\Windows\system32\USERENV.dll
0x000007fefccc0000 - 0x000007fefcccf000 	C:\Windows\system32\CRYPTBASE.dll
0x000007fefa540000 - 0x000007fefa567000 	C:\Windows\system32\IPHLPAPI.DLL
0x000007fefa530000 - 0x000007fefa53b000 	C:\Windows\system32\WINNSI.DLL
0x000007fefa340000 - 0x000007fefa358000 	C:\Windows\system32\dhcpcsvc.DLL
0x000007fefa220000 - 0x000007fefa231000 	C:\Windows\system32\dhcpcsvc6.DLL
0x0000000073950000 - 0x0000000073961000 	C:\Program Files\Java\jdk1.8.0_121\jre\bin\nio.dll
0x000000006d580000 - 0x000000006d63d000 	C:\Users\ALUMNO\AppData\Local\Temp\sqlite-3.8.11.2-64372149-9c79-4611-b626-f3312577e6b4-sqlitejdbc.dll
0x000007fef6c80000 - 0x000007fef6da5000 	C:\Windows\system32\dbghelp.dll

VM Arguments:
jvm_args: -ea -Dfile.encoding=UTF-8 
java_command: org.eclipse.jdt.internal.junit.runner.RemoteTestRunner -version 3 -port 51079 -testLoaderClass org.eclipse.jdt.internal.junit4.runner.JUnit4TestLoader -loaderpluginname org.eclipse.jdt.junit4.runtime -classNames es.deusto.grupo3.RendimientoTest
java_class_path (initial): C:\Users\ALUMNO\workspace\grupo3_PSC_1819\target\test-classes;C:\Users\ALUMNO\workspace\grupo3_PSC_1819\target\classes;C:\Users\ALUMNO\.m2\repository\org\xerial\sqlite-jdbc\3.8.11.2\sqlite-jdbc-3.8.11.2.jar;C:\Users\ALUMNO\.m2\repository\net\java\dev\swing-layout\swing-layout\1.0.2\swing-layout-1.0.2.jar;C:\Users\ALUMNO\.m2\repository\junit\junit\4.11\junit-4.11.jar;C:\Users\ALUMNO\.m2\repository\org\hamcrest\hamcrest-core\1.3\hamcrest-core-1.3.jar;C:\Users\ALUMNO\.m2\repository\log4j\log4j\1.2.17\log4j-1.2.17.jar;C:\Users\ALUMNO\.m2\repository\org\mockito\mockito-core\2.10.0\mockito-core-2.10.0.jar;C:\Users\ALUMNO\.m2\repository\net\bytebuddy\byte-buddy\1.7.4\byte-buddy-1.7.4.jar;C:\Users\ALUMNO\.m2\repository\net\bytebuddy\byte-buddy-agent\1.7.4\byte-buddy-agent-1.7.4.jar;C:\Users\ALUMNO\.m2\repository\org\objenesis\objenesis\2.6\objenesis-2.6.jar;C:\Users\ALUMNO\.m2\repository\org\databene\contiperf\2.0.0\contiperf-2.0.0.jar;/C:/Users/ALUMNO/eclipse/java-neon/eclipse/configuration/org.eclipse.osgi/214/0/.cp/;/C:/Users/ALUMNO/eclipse/java-neon/eclipse/configuration/org.eclipse.osgi/213/0/.cp/
Launcher Type: SUN_STANDARD

Environment Variables:
JAVA_HOME=C:\Program Files\Java\jdk1.8.0_121
PATH=C:/Program Files/Java/jdk1.8.0_121/bin/../jre/bin/server;C:/Program Files/Java/jdk1.8.0_121/bin/../jre/bin;C:/Program Files/Java/jdk1.8.0_121/bin/../jre/lib/amd64;C:\Program Files (x86)\Intel\TXE Components\TCS\;C:\Program Files\Intel\TXE Components\TCS\;C:\Windows\system32;C:\Windows;C:\Windows\System32\Wbem;C:\Windows\System32\WindowsPowerShell\v1.0\;C:\Program Files (x86)\QuickTime\QTSystem\;C:\Program Files\Java\jdk1.8.0_121\bin;C:\apache-ant-1.10.1\bin;C:\mysql-5.7.17-winx64\mysql-5.7.17-winx64\bin;C:\Program Files\Git\cmd;C:\Program Files (x86)\Skype\Phone\;C:\Program Files (x86)\Windows Live\Shared;C:\Users\ALUMNO\apache-maven-3.5.4-bin\apache-maven-3.5.4\bin;C:\Program Files\doxygen\bin;C:\Program Files\gs\gs9.25\bin;C:\Users\ALUMNO\AppData\Local\Programs\MiKTeX 2.9\miktex\bin;C:\Program Files (x86)\Graphviz2.38\bin;C:\Users\ALUMNO\AppData\Local\Programs\MiKTeX 2.9\miktex\bin\x64\;C:\Users\ALUMNO\Desktop;
USERNAME=ALUMNO
OS=Windows_NT
PROCESSOR_IDENTIFIER=Intel64 Family 6 Model 55 Stepping 8, GenuineIntel



---------------  S Y S T E M  ---------------

OS: Windows 7 , 64 bit Build 7601 (6.1.7601.23915)

CPU:total 3 (4 cores per cpu, 1 threads per core) family 6 model 55 stepping 8, cmov, cx8, fxsr, mmx, sse, sse2, sse3, ssse3, sse4.1, sse4.2, popcnt, clmul, erms, 3dnowpref, tsc, tscinvbit

Memory: 4k page, physical 4073180k(1555868k free), swap 8144500k(5117484k free)

vm_info: Java HotSpot(TM) 64-Bit Server VM (25.121-b13) for windows-amd64 JRE (1.8.0_121-b13), built on Dec 12 2016 18:21:36 by "java_re" with MS VC++ 10.0 (VS2010)

time: Tue Nov 27 18:02:57 2018
elapsed time: 1 seconds (0d 0h 0m 1s)

