#
# A fatal error has been detected by the Java Runtime Environment:
#
#  EXCEPTION_ACCESS_VIOLATION (0xc0000005) at pc=0x000000007717da56, pid=3612, tid=0x0000000000001c5c
#
# JRE version: Java(TM) SE Runtime Environment (8.0_121-b13) (build 1.8.0_121-b13)
# Java VM: Java HotSpot(TM) 64-Bit Server VM (25.121-b13 mixed mode windows-amd64 compressed oops)
# Problematic frame:
# C  [ntdll.dll+0x4da56]
#
# Failed to write core dump. Minidumps are not enabled by default on client versions of Windows
#
# If you would like to submit a bug report, please visit:
#   http://bugreport.java.com/bugreport/crash.jsp
# The crash happened outside the Java Virtual Machine in native code.
# See problematic frame for where to report the bug.
#

---------------  T H R E A D  ---------------

Current thread (0x0000000056e30800):  JavaThread "Thread-7" [_thread_in_native, id=7260, stack(0x0000000057e90000,0x0000000057f90000)]

siginfo: ExceptionCode=0xc0000005, writing address 0x0000000500000008

Registers:
RAX=0x000000007717da50, RBX=0x0000000000131cd8, RCX=0x0000000500000000, RDX=0x0000000057f8e580
RSP=0x0000000057f8e440, RBP=0x0000000057f8e550, RSI=0x000000000064fe60, RDI=0x0000000002588331
R8 =0x0000000000131cd8, R9 =0x0000000000000000, R10=0x000000000259845f, R11=0x0000000067c5b820
R12=0x0000000000000000, R13=0x000000005469aee0, R14=0x0000000057f8e580, R15=0x0000000056e30800
RIP=0x000000007717da56, EFLAGS=0x0000000000010202

Top of Stack: (sp=0x0000000057f8e440)
0x0000000057f8e440:   0000000057f8e500 0000000057f8e550
0x0000000057f8e450:   0000000056e30800 0000000056e30800
0x0000000057f8e460:   0000000000131cd8 000000006d5dd986
0x0000000057f8e470:   0000000056e285e8 0000000056e30800
0x0000000057f8e480:   0000000010000020 0000000067c6ce1c
0x0000000057f8e490:   0000000056f63570 0000000067ae7081
0x0000000057f8e4a0:   0000000057f8e988 000000005469aee0
0x0000000057f8e4b0:   0000000010000020 000000000259848b
0x0000000057f8e4c0:   0000000002588331 0000000002598225
0x0000000057f8e4d0:   0000000056e30800 000000005469aee0
0x0000000057f8e4e0:   0000000054618560 0000000000000000
0x0000000057f8e4f0:   0000000002588331 00000000025981ed
0x0000000057f8e500:   0000000000000003 00000000ec410188
0x0000000057f8e510:   0000000057f8e500 000000005469aee0
0x0000000057f8e520:   0000000057f8e580 00000000546dba58
0x0000000057f8e530:   0000000000000000 000000005469aee0 

Instructions: (pc=0x000000007717da56)
0x000000007717da36:   5c 24 30 48 8b 7c 24 20 33 c0 48 83 c4 28 c3 90
0x000000007717da46:   90 90 90 90 90 90 90 90 90 90 ff f3 48 83 ec 20
0x000000007717da56:   f0 0f ba 71 08 00 48 8b d9 0f 83 f9 b1 ff ff 65
0x000000007717da66:   48 8b 04 25 30 00 00 00 48 8b 48 48 c7 43 0c 01 


Register to memory mapping:

RAX=0x000000007717da50 is an unknown value
RBX=0x0000000000131cd8 is an unknown value
RCX=0x0000000500000000 is an unknown value
RDX=0x0000000057f8e580 is pointing into the stack for thread: 0x0000000056e30800
RSP=0x0000000057f8e440 is pointing into the stack for thread: 0x0000000056e30800
RBP=0x0000000057f8e550 is pointing into the stack for thread: 0x0000000056e30800
RSI=0x000000000064fe60 is an unknown value
RDI=0x0000000002588331 is at code_begin+2289 in an Interpreter codelet
invoke return entry points  [0x0000000002587a40, 0x0000000002588420]  2528 bytes
R8 =0x0000000000131cd8 is an unknown value
R9 =0x0000000000000000 is an unknown value
R10=0x000000000259845f is at code_begin+1215 in an Interpreter codelet
method entry point (kind = native_synchronized)  [0x0000000002597fa0, 0x0000000002598a60]  2752 bytes
R11=0x0000000067c5b820 is an unknown value
R12=0x0000000000000000 is an unknown value
R13={method} {0x000000005469aee8} 'reset' '(J)I' in 'org/sqlite/core/NativeDB'
R14=0x0000000057f8e580 is pointing into the stack for thread: 0x0000000056e30800
R15=0x0000000056e30800 is a thread


Stack: [0x0000000057e90000,0x0000000057f90000],  sp=0x0000000057f8e440,  free space=1017k
Native frames: (J=compiled Java code, j=interpreted, Vv=VM code, C=native code)
C  [ntdll.dll+0x4da56]
C  [sqlite-3.8.11.2-99669c2a-9102-4c53-9226-ee6ddada9bdc-sqlitejdbc.dll+0x5d986]
C  0x000000000259848b

Java frames: (J=compiled Java code, j=interpreted, Vv=VM code)
j  org.sqlite.core.NativeDB.reset(J)I+0
j  org.sqlite.core.CoreResultSet.close()V+81
j  org.sqlite.core.CoreStatement.internalClose()V+34
j  org.sqlite.jdbc3.JDBC3Statement.executeQuery(Ljava/lang/String;)Ljava/sql/ResultSet;+1
j  es.deusto.grupo3.LNegocio.GestorCoche.getVehiculos(Ljava/sql/Statement;)Ljava/util/ArrayList;+25
j  es.deusto.grupo3.RendimientoTest.getVehiculos()V+7
v  ~StubRoutines::call_stub
j  sun.reflect.NativeMethodAccessorImpl.invoke0(Ljava/lang/reflect/Method;Ljava/lang/Object;[Ljava/lang/Object;)Ljava/lang/Object;+0
j  sun.reflect.NativeMethodAccessorImpl.invoke(Ljava/lang/Object;[Ljava/lang/Object;)Ljava/lang/Object;+100
j  sun.reflect.DelegatingMethodAccessorImpl.invoke(Ljava/lang/Object;[Ljava/lang/Object;)Ljava/lang/Object;+6
j  java.lang.reflect.Method.invoke(Ljava/lang/Object;[Ljava/lang/Object;)Ljava/lang/Object;+56
j  org.junit.runners.model.FrameworkMethod$1.runReflectiveCall()Ljava/lang/Object;+15
j  org.junit.internal.runners.model.ReflectiveCallable.run()Ljava/lang/Object;+1
j  org.junit.runners.model.FrameworkMethod.invokeExplosively(Ljava/lang/Object;[Ljava/lang/Object;)Ljava/lang/Object;+10
j  org.junit.internal.runners.statements.InvokeMethod.evaluate()V+12
j  org.databene.contiperf.junit.JUnitInvoker.invoke([Ljava/lang/Object;)Ljava/lang/Object;+4
j  org.databene.contiperf.util.InvokerProxy.invoke([Ljava/lang/Object;)Ljava/lang/Object;+5
j  org.databene.contiperf.PerformanceTracker.invoke([Ljava/lang/Object;)Ljava/lang/Object;+17
j  org.databene.contiperf.TimedRunner.run()V+24
j  java.lang.Thread.run()V+11
v  ~StubRoutines::call_stub

---------------  P R O C E S S  ---------------

Java Threads: ( => current thread )
  0x0000000056f2b800 JavaThread "Thread-19" [_thread_blocked, id=6776, stack(0x0000000059200000,0x0000000059300000)]
  0x0000000056f2a800 JavaThread "Thread-18" [_thread_blocked, id=7308, stack(0x0000000058090000,0x0000000058190000)]
  0x0000000056f2a000 JavaThread "Thread-17" [_thread_in_vm, id=6252, stack(0x0000000059060000,0x0000000059160000)]
  0x0000000056f29000 JavaThread "Thread-16" [_thread_blocked, id=1732, stack(0x0000000058e90000,0x0000000058f90000)]
  0x0000000056f28800 JavaThread "Thread-15" [_thread_blocked, id=4776, stack(0x0000000058d00000,0x0000000058e00000)]
  0x0000000056f27800 JavaThread "Thread-14" [_thread_in_Java, id=7736, stack(0x0000000058bb0000,0x0000000058cb0000)]
  0x0000000056f27000 JavaThread "Thread-13" [_thread_blocked, id=7200, stack(0x0000000058aa0000,0x0000000058ba0000)]
  0x0000000056f26000 JavaThread "Thread-12" [_thread_blocked, id=8140, stack(0x00000000588d0000,0x00000000589d0000)]
  0x0000000056f25800 JavaThread "Thread-11" [_thread_blocked, id=5476, stack(0x0000000058780000,0x0000000058880000)]
  0x0000000056f24800 JavaThread "Thread-10" [_thread_blocked, id=6916, stack(0x0000000058550000,0x0000000058650000)]
  0x0000000056e33000 JavaThread "Thread-9" [_thread_blocked, id=4840, stack(0x0000000058340000,0x0000000058440000)]
  0x0000000056e31800 JavaThread "Thread-8" [_thread_blocked, id=2076, stack(0x00000000581d0000,0x00000000582d0000)]
=>0x0000000056e30800 JavaThread "Thread-7" [_thread_in_native, id=7260, stack(0x0000000057e90000,0x0000000057f90000)]
  0x0000000056e2c000 JavaThread "Thread-6" [_thread_blocked, id=5268, stack(0x0000000057f90000,0x0000000058090000)]
  0x0000000056e2b000 JavaThread "Thread-5" [_thread_blocked, id=5000, stack(0x0000000057d70000,0x0000000057e70000)]
  0x0000000056e2a800 JavaThread "Thread-4" [_thread_blocked, id=7440, stack(0x0000000057c70000,0x0000000057d70000)]
  0x0000000056e27800 JavaThread "Thread-3" [_thread_blocked, id=5040, stack(0x0000000057a30000,0x0000000057b30000)]
  0x0000000056e1b000 JavaThread "Thread-2" [_thread_blocked, id=2688, stack(0x0000000057b50000,0x0000000057c50000)]
  0x0000000056e1a800 JavaThread "Thread-1" [_thread_blocked, id=2488, stack(0x0000000057750000,0x0000000057850000)]
  0x0000000056e19800 JavaThread "Thread-0" [_thread_blocked, id=5548, stack(0x00000000578b0000,0x00000000579b0000)]
  0x00000000564e3000 JavaThread "ReaderThread" [_thread_in_native, id=4976, stack(0x0000000056c00000,0x0000000056d00000)]
  0x0000000056413800 JavaThread "Service Thread" daemon [_thread_blocked, id=1792, stack(0x0000000056890000,0x0000000056990000)]
  0x0000000054b40000 JavaThread "C1 CompilerThread1" daemon [_thread_in_native, id=7848, stack(0x00000000562c0000,0x00000000563c0000)]
  0x0000000054b39000 JavaThread "C2 CompilerThread0" daemon [_thread_blocked, id=6128, stack(0x00000000560d0000,0x00000000561d0000)]
  0x0000000054b37000 JavaThread "Attach Listener" daemon [_thread_blocked, id=6692, stack(0x0000000055c80000,0x0000000055d80000)]
  0x0000000054b35800 JavaThread "Signal Dispatcher" daemon [_thread_blocked, id=6392, stack(0x0000000055e20000,0x0000000055f20000)]
  0x0000000054b1c800 JavaThread "Finalizer" daemon [_thread_blocked, id=5656, stack(0x0000000055b30000,0x0000000055c30000)]
  0x0000000054ad5800 JavaThread "Reference Handler" daemon [_thread_blocked, id=5680, stack(0x0000000055980000,0x0000000055a80000)]
  0x0000000001e8e800 JavaThread "main" [_thread_blocked, id=6684, stack(0x00000000021b0000,0x00000000022b0000)]

Other Threads:
  0x0000000054acb800 VMThread [stack: 0x0000000055870000,0x0000000055970000] [id=5744]
  0x0000000056424800 WatcherThread [stack: 0x0000000056a80000,0x0000000056b80000] [id=2632]

VM state:not at safepoint (normal execution)

VM Mutex/Monitor currently owned by a thread: None

Heap:
 PSYoungGen      total 18944K, used 3800K [0x00000000eb400000, 0x00000000ec900000, 0x0000000100000000)
  eden space 16384K, 9% used [0x00000000eb400000,0x00000000eb570b60,0x00000000ec400000)
  from space 2560K, 90% used [0x00000000ec400000,0x00000000ec645648,0x00000000ec680000)
  to   space 2560K, 0% used [0x00000000ec680000,0x00000000ec680000,0x00000000ec900000)
 ParOldGen       total 44032K, used 8K [0x00000000c1c00000, 0x00000000c4700000, 0x00000000eb400000)
  object space 44032K, 0% used [0x00000000c1c00000,0x00000000c1c02000,0x00000000c4700000)
 Metaspace       used 7157K, capacity 7330K, committed 7552K, reserved 1056768K
  class space    used 848K, capacity 887K, committed 896K, reserved 1048576K

Card table byte_map: [0x0000000011940000,0x0000000011b40000] byte_map_base: 0x0000000011332000

Marking Bits: (ParMarkBitMap*) 0x000000006824b6d0
 Begin Bits: [0x0000000012050000, 0x0000000012fe0000)
 End Bits:   [0x0000000012fe0000, 0x0000000013f70000)

Polling page: 0x0000000000300000

CodeCache: size=245760Kb used=2257Kb max_used=2257Kb free=243502Kb
 bounds [0x0000000002580000, 0x00000000027f0000, 0x0000000011580000]
 total_blobs=830 nmethods=508 adapters=236
 compilation: enabled

Compilation events (10 events):
Event: 1.708 Thread 0x0000000054b40000  482       1       java.nio.Buffer::limit (5 bytes)
Event: 1.708 Thread 0x0000000054b40000 nmethod 482 0x00000000027a0890 code [0x00000000027a09e0, 0x00000000027a0af0]
Event: 1.711 Thread 0x0000000054b40000  483       3       java.util.zip.ZipEntry::<init> (43 bytes)
Event: 1.712 Thread 0x0000000054b40000 nmethod 483 0x00000000027a7610 code [0x00000000027a7760, 0x00000000027a7970]
Event: 1.717 Thread 0x0000000054b40000  487       3       java.util.zip.ZipEntry::setExtra0 (360 bytes)
Event: 1.719 Thread 0x0000000054b40000 nmethod 487 0x00000000027a8490 code [0x00000000027a8740, 0x00000000027a9448]
Event: 1.719 Thread 0x0000000054b40000  489       3       java.util.zip.ZipFile$ZipFileInputStream::<init> (41 bytes)
Event: 1.720 Thread 0x0000000054b40000 nmethod 489 0x00000000027a9a50 code [0x00000000027a9be0, 0x00000000027a9f78]
Event: 1.720 Thread 0x0000000054b40000  488   !   3       java.util.zip.ZipFile::getInputStream (304 bytes)
Event: 1.722 Thread 0x0000000054b40000 nmethod 488 0x00000000027aa190 code [0x00000000027aa420, 0x00000000027ab5b8]

GC Heap History (0 events):
No events

Deoptimization events (7 events):
Event: 0.544 Thread 0x0000000001e8e800 Uncommon trap: reason=unstable_if action=reinterpret pc=0x00000000026c857c method=java.lang.String.indexOf([CII[CIII)I @ 123
Event: 0.544 Thread 0x0000000001e8e800 Uncommon trap: reason=unstable_if action=reinterpret pc=0x00000000026c0594 method=java.lang.String.indexOf([CII[CIII)I @ 123
Event: 0.826 Thread 0x0000000001e8e800 Uncommon trap: reason=unstable_if action=reinterpret pc=0x000000000273cb74 method=java.lang.AbstractStringBuilder.append(Ljava/lang/String;)Ljava/lang/AbstractStringBuilder; @ 1
Event: 0.838 Thread 0x0000000001e8e800 Uncommon trap: reason=unstable_if action=reinterpret pc=0x00000000027502f4 method=java.lang.AbstractStringBuilder.append(Ljava/lang/String;)Ljava/lang/AbstractStringBuilder; @ 1
Event: 0.932 Thread 0x0000000001e8e800 Uncommon trap: reason=unstable_if action=reinterpret pc=0x0000000002735fc8 method=java.lang.String.indexOf([CII[CIII)I @ 3
Event: 1.510 Thread 0x0000000001e8e800 Uncommon trap: reason=unstable_if action=reinterpret pc=0x0000000002730a90 method=sun.nio.cs.UTF_8$Encoder.encode([CII[B)I @ 33
Event: 1.674 Thread 0x0000000001e8e800 Uncommon trap: reason=unstable_if action=reinterpret pc=0x00000000027a4ac8 method=org.sqlite.SQLiteJDBCLoader.contentsEquals(Ljava/io/InputStream;Ljava/io/InputStream;)Z @ 39

Internal exceptions (10 events):
Event: 0.798 Thread 0x0000000001e8e800 Exception <a 'java/lang/ClassNotFoundException': org/apache/log4j/RollingFileAppenderBeanInfo> (0x00000000ebab0868) thrown at [C:\re\workspace\8-2-build-windows-amd64-cygwin\jdk8u121\8372\hotspot\src\share\vm\classfile\systemDictionary.cpp, line 210]
Event: 0.799 Thread 0x0000000001e8e800 Exception <a 'java/lang/ClassNotFoundException': org/apache/log4j/FileAppenderBeanInfo> (0x00000000ebaba070) thrown at [C:\re\workspace\8-2-build-windows-amd64-cygwin\jdk8u121\8372\hotspot\src\share\vm\classfile\systemDictionary.cpp, line 210]
Event: 0.800 Thread 0x0000000001e8e800 Exception <a 'java/lang/ClassNotFoundException': org/apache/log4j/WriterAppenderBeanInfo> (0x00000000ebac3a78) thrown at [C:\re\workspace\8-2-build-windows-amd64-cygwin\jdk8u121\8372\hotspot\src\share\vm\classfile\systemDictionary.cpp, line 210]
Event: 0.801 Thread 0x0000000001e8e800 Exception <a 'java/lang/ClassNotFoundException': org/apache/log4j/AppenderSkeletonBeanInfo> (0x00000000ebacd650) thrown at [C:\re\workspace\8-2-build-windows-amd64-cygwin\jdk8u121\8372\hotspot\src\share\vm\classfile\systemDictionary.cpp, line 210]
Event: 0.802 Thread 0x0000000001e8e800 Exception <a 'java/lang/ClassNotFoundException': org/apache/log4j/AppenderSkeletonCustomizer> (0x00000000ebad74c0) thrown at [C:\re\workspace\8-2-build-windows-amd64-cygwin\jdk8u121\8372\hotspot\src\share\vm\classfile\systemDictionary.cpp, line 210]
Event: 0.807 Thread 0x0000000001e8e800 Exception <a 'java/lang/ClassNotFoundException': org/apache/log4j/WriterAppenderCustomizer> (0x00000000ebaf4858) thrown at [C:\re\workspace\8-2-build-windows-amd64-cygwin\jdk8u121\8372\hotspot\src\share\vm\classfile\systemDictionary.cpp, line 210]
Event: 0.811 Thread 0x0000000001e8e800 Exception <a 'java/lang/ClassNotFoundException': org/apache/log4j/FileAppenderCustomizer> (0x00000000ebb0a8e0) thrown at [C:\re\workspace\8-2-build-windows-amd64-cygwin\jdk8u121\8372\hotspot\src\share\vm\classfile\systemDictionary.cpp, line 210]
Event: 0.815 Thread 0x0000000001e8e800 Exception <a 'java/lang/ClassNotFoundException': org/apache/log4j/RollingFileAppenderCustomizer> (0x00000000ebb213c0) thrown at [C:\re\workspace\8-2-build-windows-amd64-cygwin\jdk8u121\8372\hotspot\src\share\vm\classfile\systemDictionary.cpp, line 210]
Event: 0.826 Thread 0x0000000001e8e800 Implicit null exception at 0x000000000273c7c6 to 0x000000000273cb5d
Event: 0.838 Thread 0x0000000001e8e800 Implicit null exception at 0x000000000274ff46 to 0x00000000027502dd

Events (10 events):
Event: 1.724 Thread 0x0000000056e31800 Thread added: 0x0000000056e31800
Event: 1.724 Thread 0x0000000056e33000 Thread added: 0x0000000056e33000
Event: 1.725 Thread 0x0000000056f24800 Thread added: 0x0000000056f24800
Event: 1.725 Thread 0x0000000056f25800 Thread added: 0x0000000056f25800
Event: 1.725 Thread 0x0000000056f26000 Thread added: 0x0000000056f26000
Event: 1.725 Thread 0x0000000056f27000 Thread added: 0x0000000056f27000
Event: 1.726 Thread 0x0000000056f27800 Thread added: 0x0000000056f27800
Event: 1.726 Thread 0x0000000056f28800 Thread added: 0x0000000056f28800
Event: 1.727 Thread 0x0000000056f29000 Thread added: 0x0000000056f29000
Event: 1.728 Thread 0x0000000056f2a000 Thread added: 0x0000000056f2a000


Dynamic libraries:
0x000000013f9d0000 - 0x000000013fa07000 	C:\Program Files\Java\jdk1.8.0_121\bin\javaw.exe
0x0000000077130000 - 0x00000000772da000 	C:\Windows\SYSTEM32\ntdll.dll
0x0000000077010000 - 0x000000007712f000 	C:\Windows\system32\kernel32.dll
0x000007fefce40000 - 0x000007fefceaa000 	C:\Windows\system32\KERNELBASE.dll
0x000007fefde60000 - 0x000007fefdf3b000 	C:\Windows\system32\ADVAPI32.dll
0x000007fefe220000 - 0x000007fefe2bf000 	C:\Windows\system32\msvcrt.dll
0x000007feff420000 - 0x000007feff43f000 	C:\Windows\SYSTEM32\sechost.dll
0x000007fefdbc0000 - 0x000007fefdced000 	C:\Windows\system32\RPCRT4.dll
0x0000000076f10000 - 0x000000007700a000 	C:\Windows\system32\USER32.dll
0x000007fefd4b0000 - 0x000007fefd517000 	C:\Windows\system32\GDI32.dll
0x000007fefd7d0000 - 0x000007fefd7de000 	C:\Windows\system32\LPK.dll
0x000007fefdd90000 - 0x000007fefde5b000 	C:\Windows\system32\USP10.dll
0x000007fefb870000 - 0x000007fefba64000 	C:\Windows\WinSxS\amd64_microsoft.windows.common-controls_6595b64144ccf1df_6.0.7601.18837_none_fa3b1e3d17594757\COMCTL32.dll
0x000007feff3a0000 - 0x000007feff411000 	C:\Windows\system32\SHLWAPI.dll
0x000007fefdb90000 - 0x000007fefdbbe000 	C:\Windows\system32\IMM32.DLL
0x000007fefd520000 - 0x000007fefd629000 	C:\Windows\system32\MSCTF.dll
0x0000000067950000 - 0x0000000067a22000 	C:\Program Files\Java\jdk1.8.0_121\jre\bin\msvcr100.dll
0x0000000067a30000 - 0x00000000682cb000 	C:\Program Files\Java\jdk1.8.0_121\jre\bin\server\jvm.dll
0x000007fef9100000 - 0x000007fef9109000 	C:\Windows\system32\WSOCK32.dll
0x000007fefe320000 - 0x000007fefe36d000 	C:\Windows\system32\WS2_32.dll
0x000007fefd7c0000 - 0x000007fefd7c8000 	C:\Windows\system32\NSI.dll
0x000007fef8ce0000 - 0x000007fef8d1b000 	C:\Windows\system32\WINMM.dll
0x000007fefbf00000 - 0x000007fefbf0c000 	C:\Windows\system32\VERSION.dll
0x0000000077300000 - 0x0000000077307000 	C:\Windows\system32\PSAPI.DLL
0x0000000073980000 - 0x000000007398f000 	C:\Program Files\Java\jdk1.8.0_121\jre\bin\verify.dll
0x00000000738c0000 - 0x00000000738e9000 	C:\Program Files\Java\jdk1.8.0_121\jre\bin\java.dll
0x00000000738a0000 - 0x00000000738b6000 	C:\Program Files\Java\jdk1.8.0_121\jre\bin\zip.dll
0x000007fefe550000 - 0x000007feff2da000 	C:\Windows\system32\SHELL32.dll
0x000007fefdf40000 - 0x000007fefe13c000 	C:\Windows\system32\ole32.dll
0x000007fefce30000 - 0x000007fefce3f000 	C:\Windows\system32\profapi.dll
0x0000000073880000 - 0x000000007389a000 	C:\Program Files\Java\jdk1.8.0_121\jre\bin\net.dll
0x000007fefc5b0000 - 0x000007fefc605000 	C:\Windows\system32\mswsock.dll
0x000007fefc5a0000 - 0x000007fefc5a7000 	C:\Windows\System32\wship6.dll
0x000007fefc610000 - 0x000007fefc628000 	C:\Windows\system32\CRYPTSP.dll
0x000007fefc310000 - 0x000007fefc357000 	C:\Windows\system32\rsaenh.dll
0x000007fefcfb0000 - 0x000007fefcfce000 	C:\Windows\system32\USERENV.dll
0x000007fefccc0000 - 0x000007fefcccf000 	C:\Windows\system32\CRYPTBASE.dll
0x000007fefa540000 - 0x000007fefa567000 	C:\Windows\system32\IPHLPAPI.DLL
0x000007fefa530000 - 0x000007fefa53b000 	C:\Windows\system32\WINNSI.DLL
0x000007fefa340000 - 0x000007fefa358000 	C:\Windows\system32\dhcpcsvc.DLL
0x000007fefa220000 - 0x000007fefa231000 	C:\Windows\system32\dhcpcsvc6.DLL
0x0000000073950000 - 0x0000000073961000 	C:\Program Files\Java\jdk1.8.0_121\jre\bin\nio.dll
0x000000006d580000 - 0x000000006d63d000 	C:\Users\ALUMNO\AppData\Local\Temp\sqlite-3.8.11.2-99669c2a-9102-4c53-9226-ee6ddada9bdc-sqlitejdbc.dll
0x000007fef6c80000 - 0x000007fef6da5000 	C:\Windows\system32\dbghelp.dll

VM Arguments:
jvm_args: -ea -Dfile.encoding=UTF-8 
java_command: org.eclipse.jdt.internal.junit.runner.RemoteTestRunner -version 3 -port 50810 -testLoaderClass org.eclipse.jdt.internal.junit4.runner.JUnit4TestLoader -loaderpluginname org.eclipse.jdt.junit4.runtime -classNames es.deusto.grupo3.RendimientoTest
java_class_path (initial): C:\Users\ALUMNO\workspace\grupo3_PSC_1819\target\test-classes;C:\Users\ALUMNO\workspace\grupo3_PSC_1819\target\classes;C:\Users\ALUMNO\.m2\repository\org\xerial\sqlite-jdbc\3.8.11.2\sqlite-jdbc-3.8.11.2.jar;C:\Users\ALUMNO\.m2\repository\net\java\dev\swing-layout\swing-layout\1.0.2\swing-layout-1.0.2.jar;C:\Users\ALUMNO\.m2\repository\junit\junit\4.11\junit-4.11.jar;C:\Users\ALUMNO\.m2\repository\org\hamcrest\hamcrest-core\1.3\hamcrest-core-1.3.jar;C:\Users\ALUMNO\.m2\repository\log4j\log4j\1.2.17\log4j-1.2.17.jar;C:\Users\ALUMNO\.m2\repository\org\mockito\mockito-core\2.10.0\mockito-core-2.10.0.jar;C:\Users\ALUMNO\.m2\repository\net\bytebuddy\byte-buddy\1.7.4\byte-buddy-1.7.4.jar;C:\Users\ALUMNO\.m2\repository\net\bytebuddy\byte-buddy-agent\1.7.4\byte-buddy-agent-1.7.4.jar;C:\Users\ALUMNO\.m2\repository\org\objenesis\objenesis\2.6\objenesis-2.6.jar;C:\Users\ALUMNO\.m2\repository\org\databene\contiperf\2.0.0\contiperf-2.0.0.jar;/C:/Users/ALUMNO/eclipse/java-neon/eclipse/configuration/org.eclipse.osgi/214/0/.cp/;/C:/Users/ALUMNO/eclipse/java-neon/eclipse/configuration/org.eclipse.osgi/213/0/.cp/
Launcher Type: SUN_STANDARD

Environment Variables:
JAVA_HOME=C:\Program Files\Java\jdk1.8.0_121
PATH=C:/Program Files/Java/jdk1.8.0_121/bin/../jre/bin/server;C:/Program Files/Java/jdk1.8.0_121/bin/../jre/bin;C:/Program Files/Java/jdk1.8.0_121/bin/../jre/lib/amd64;C:\Program Files (x86)\Intel\TXE Components\TCS\;C:\Program Files\Intel\TXE Components\TCS\;C:\Windows\system32;C:\Windows;C:\Windows\System32\Wbem;C:\Windows\System32\WindowsPowerShell\v1.0\;C:\Program Files (x86)\QuickTime\QTSystem\;C:\Program Files\Java\jdk1.8.0_121\bin;C:\apache-ant-1.10.1\bin;C:\mysql-5.7.17-winx64\mysql-5.7.17-winx64\bin;C:\Program Files\Git\cmd;C:\Program Files (x86)\Skype\Phone\;C:\Program Files (x86)\Windows Live\Shared;C:\Users\ALUMNO\apache-maven-3.5.4-bin\apache-maven-3.5.4\bin;C:\Program Files\doxygen\bin;C:\Program Files\gs\gs9.25\bin;C:\Users\ALUMNO\AppData\Local\Programs\MiKTeX 2.9\miktex\bin;C:\Program Files (x86)\Graphviz2.38\bin;C:\Users\ALUMNO\AppData\Local\Programs\MiKTeX 2.9\miktex\bin\x64\;C:\Users\ALUMNO\Desktop;
USERNAME=ALUMNO
OS=Windows_NT
PROCESSOR_IDENTIFIER=Intel64 Family 6 Model 55 Stepping 8, GenuineIntel



---------------  S Y S T E M  ---------------

OS: Windows 7 , 64 bit Build 7601 (6.1.7601.23915)

CPU:total 3 (4 cores per cpu, 1 threads per core) family 6 model 55 stepping 8, cmov, cx8, fxsr, mmx, sse, sse2, sse3, ssse3, sse4.1, sse4.2, popcnt, clmul, erms, 3dnowpref, tsc, tscinvbit

Memory: 4k page, physical 4073180k(1603336k free), swap 8144500k(5211804k free)

vm_info: Java HotSpot(TM) 64-Bit Server VM (25.121-b13) for windows-amd64 JRE (1.8.0_121-b13), built on Dec 12 2016 18:21:36 by "java_re" with MS VC++ 10.0 (VS2010)

time: Tue Nov 27 16:42:14 2018
elapsed time: 1 seconds (0d 0h 0m 1s)

