INFO - 21:30:05,078 - main - es.deusto.grupo3.App - Nombre: nuestroBD.db / Base de datos conectada
INFO - 21:30:05,094 - main - es.deusto.grupo3.App - select * from COCHE where (matricula = '1234ABC')
INFO - 21:30:05,096 - main - es.deusto.grupo3.App - El coche ya existe, prueba con otro
INFO - 21:30:05,096 - main - es.deusto.grupo3.App - select * from COCHE where (matricula = '9999BBB')
INFO - 21:30:05,099 - main - es.deusto.grupo3.App - El coche ya existe, prueba con otro
INFO - 21:30:05,106 - main - es.deusto.grupo3.App - select * from COCHE where (matricula = '5678HHH')
INFO - 21:30:05,106 - main - es.deusto.grupo3.App - El coche ya existe, prueba con otro
INFO - 21:30:05,111 - main - es.deusto.grupo3.App - select * from MOTO where (matricula = '3344PPS')
INFO - 21:30:05,111 - main - es.deusto.grupo3.App - La moto ya existe, prueba con otro
INFO - 21:30:05,114 - main - es.deusto.grupo3.App - select * from MOTO where (matricula = '1212ABA')
INFO - 21:30:05,114 - main - es.deusto.grupo3.App - La moto ya existe, prueba con otro
INFO - 21:30:05,119 - main - es.deusto.grupo3.App - select * from MOTO where (matricula = '7892GFS')
INFO - 21:30:05,119 - main - es.deusto.grupo3.App - La moto ya existe, prueba con otro
INFO - 21:32:02,785 - main - es.deusto.grupo3.App - Nombre: nuestroBD.db / Base de datos conectada
INFO - 21:32:02,804 - main - es.deusto.grupo3.App - select * from COCHE where (matricula = '1234ABC')
INFO - 21:32:02,804 - main - es.deusto.grupo3.App - El coche ya existe, prueba con otro
INFO - 21:32:02,807 - main - es.deusto.grupo3.App - select * from COCHE where (matricula = '9999BBB')
INFO - 21:32:02,807 - main - es.deusto.grupo3.App - El coche ya existe, prueba con otro
INFO - 21:32:02,817 - main - es.deusto.grupo3.App - select * from COCHE where (matricula = '5678HHH')
INFO - 21:32:02,817 - main - es.deusto.grupo3.App - El coche ya existe, prueba con otro
INFO - 21:32:02,822 - main - es.deusto.grupo3.App - select * from MOTO where (matricula = '3344PPS')
INFO - 21:32:02,822 - main - es.deusto.grupo3.App - La moto ya existe, prueba con otro
INFO - 21:32:02,822 - main - es.deusto.grupo3.App - select * from MOTO where (matricula = '1212ABA')
INFO - 21:32:02,822 - main - es.deusto.grupo3.App - La moto ya existe, prueba con otro
INFO - 21:32:02,824 - main - es.deusto.grupo3.App - select * from MOTO where (matricula = '7892GFS')
INFO - 21:32:02,824 - main - es.deusto.grupo3.App - La moto ya existe, prueba con otro
INFO - 21:32:09,430 - AWT-EventQueue-0 - es.deusto.grupo3.App - select * from USUARIO where ( nombre = 'admin' and contrasenya = 'admin')
INFO - 21:32:17,769 - AWT-EventQueue-0 - es.deusto.grupo3.App - select * from COCHE
INFO - 21:33:08,638 - AWT-EventQueue-0 - es.deusto.grupo3.App - select * from COCHE
INFO - 21:33:16,079 - main - es.deusto.grupo3.App - Nombre: nuestroBD.db / Base de datos conectada
INFO - 21:33:16,098 - main - es.deusto.grupo3.App - select * from COCHE where (matricula = '1234ABC')
INFO - 21:33:16,099 - main - es.deusto.grupo3.App - El coche ya existe, prueba con otro
INFO - 21:33:16,099 - main - es.deusto.grupo3.App - select * from COCHE where (matricula = '9999BBB')
INFO - 21:33:16,099 - main - es.deusto.grupo3.App - El coche ya existe, prueba con otro
INFO - 21:33:16,106 - main - es.deusto.grupo3.App - select * from COCHE where (matricula = '5678HHH')
INFO - 21:33:16,106 - main - es.deusto.grupo3.App - El coche ya existe, prueba con otro
INFO - 21:33:16,111 - main - es.deusto.grupo3.App - select * from MOTO where (matricula = '3344PPS')
INFO - 21:33:16,114 - main - es.deusto.grupo3.App - La moto ya existe, prueba con otro
INFO - 21:33:16,114 - main - es.deusto.grupo3.App - select * from MOTO where (matricula = '1212ABA')
INFO - 21:33:16,114 - main - es.deusto.grupo3.App - La moto ya existe, prueba con otro
INFO - 21:33:16,116 - main - es.deusto.grupo3.App - select * from MOTO where (matricula = '7892GFS')
INFO - 21:33:16,116 - main - es.deusto.grupo3.App - La moto ya existe, prueba con otro
INFO - 21:33:22,483 - AWT-EventQueue-0 - es.deusto.grupo3.App - select * from COCHE
INFO - 21:34:52,322 - main - es.deusto.grupo3.App - Nombre: nuestroBD.db / Base de datos conectada
INFO - 21:34:52,338 - main - es.deusto.grupo3.App - select * from COCHE where (matricula = '1234ABC')
INFO - 21:34:52,341 - main - es.deusto.grupo3.App - El coche ya existe, prueba con otro
INFO - 21:34:52,341 - main - es.deusto.grupo3.App - select * from COCHE where (matricula = '9999BBB')
INFO - 21:34:52,343 - main - es.deusto.grupo3.App - El coche ya existe, prueba con otro
INFO - 21:34:52,348 - main - es.deusto.grupo3.App - select * from COCHE where (matricula = '5678HHH')
INFO - 21:34:52,348 - main - es.deusto.grupo3.App - El coche ya existe, prueba con otro
INFO - 21:34:52,353 - main - es.deusto.grupo3.App - select * from MOTO where (matricula = '3344PPS')
INFO - 21:34:52,353 - main - es.deusto.grupo3.App - La moto ya existe, prueba con otro
INFO - 21:34:52,353 - main - es.deusto.grupo3.App - select * from MOTO where (matricula = '1212ABA')
INFO - 21:34:52,356 - main - es.deusto.grupo3.App - La moto ya existe, prueba con otro
INFO - 21:34:52,356 - main - es.deusto.grupo3.App - select * from MOTO where (matricula = '7892GFS')
INFO - 21:34:52,358 - main - es.deusto.grupo3.App - La moto ya existe, prueba con otro
INFO - 21:35:00,358 - AWT-EventQueue-0 - es.deusto.grupo3.App - select * from COCHE
INFO - 21:37:21,083 - main - es.deusto.grupo3.App - Nombre: nuestroBD.db / Base de datos conectada
INFO - 21:37:21,100 - main - es.deusto.grupo3.App - select * from COCHE where (matricula = '1234ABC')
INFO - 21:37:21,102 - main - es.deusto.grupo3.App - El coche ya existe, prueba con otro
INFO - 21:37:21,102 - main - es.deusto.grupo3.App - select * from COCHE where (matricula = '9999BBB')
INFO - 21:37:21,102 - main - es.deusto.grupo3.App - El coche ya existe, prueba con otro
INFO - 21:37:21,110 - main - es.deusto.grupo3.App - select * from COCHE where (matricula = '5678HHH')
INFO - 21:37:21,112 - main - es.deusto.grupo3.App - El coche ya existe, prueba con otro
INFO - 21:37:21,115 - main - es.deusto.grupo3.App - select * from MOTO where (matricula = '3344PPS')
INFO - 21:37:21,115 - main - es.deusto.grupo3.App - La moto ya existe, prueba con otro
INFO - 21:37:21,115 - main - es.deusto.grupo3.App - select * from MOTO where (matricula = '1212ABA')
INFO - 21:37:21,117 - main - es.deusto.grupo3.App - La moto ya existe, prueba con otro
INFO - 21:37:21,117 - main - es.deusto.grupo3.App - select * from MOTO where (matricula = '7892GFS')
INFO - 21:37:21,120 - main - es.deusto.grupo3.App - La moto ya existe, prueba con otro
INFO - 21:37:28,390 - AWT-EventQueue-0 - es.deusto.grupo3.App - select * from COCHE
INFO - 21:38:17,901 - main - es.deusto.grupo3.App - Nombre: nuestroBD.db / Base de datos conectada
INFO - 21:38:17,919 - main - es.deusto.grupo3.App - select * from COCHE where (matricula = '1234ABC')
INFO - 21:38:17,921 - main - es.deusto.grupo3.App - El coche ya existe, prueba con otro
INFO - 21:38:17,921 - main - es.deusto.grupo3.App - select * from COCHE where (matricula = '9999BBB')
INFO - 21:38:17,921 - main - es.deusto.grupo3.App - El coche ya existe, prueba con otro
INFO - 21:38:17,929 - main - es.deusto.grupo3.App - select * from COCHE where (matricula = '5678HHH')
INFO - 21:38:17,929 - main - es.deusto.grupo3.App - El coche ya existe, prueba con otro
INFO - 21:38:17,934 - main - es.deusto.grupo3.App - select * from MOTO where (matricula = '3344PPS')
INFO - 21:38:17,934 - main - es.deusto.grupo3.App - La moto ya existe, prueba con otro
INFO - 21:38:17,934 - main - es.deusto.grupo3.App - select * from MOTO where (matricula = '1212ABA')
INFO - 21:38:17,936 - main - es.deusto.grupo3.App - La moto ya existe, prueba con otro
INFO - 21:38:17,936 - main - es.deusto.grupo3.App - select * from MOTO where (matricula = '7892GFS')
INFO - 21:38:17,939 - main - es.deusto.grupo3.App - La moto ya existe, prueba con otro
INFO - 21:38:23,712 - AWT-EventQueue-0 - es.deusto.grupo3.App - select * from COCHE
INFO - 21:41:14,184 - main - es.deusto.grupo3.App - Nombre: nuestroBD.db / Base de datos conectada
INFO - 21:41:14,203 - main - es.deusto.grupo3.App - select * from COCHE where (matricula = '1234ABC')
INFO - 21:41:14,206 - main - es.deusto.grupo3.App - El coche ya existe, prueba con otro
INFO - 21:41:14,206 - main - es.deusto.grupo3.App - select * from COCHE where (matricula = '9999BBB')
INFO - 21:41:14,206 - main - es.deusto.grupo3.App - El coche ya existe, prueba con otro
INFO - 21:41:14,211 - main - es.deusto.grupo3.App - select * from COCHE where (matricula = '5678HHH')
INFO - 21:41:14,213 - main - es.deusto.grupo3.App - El coche ya existe, prueba con otro
INFO - 21:41:14,216 - main - es.deusto.grupo3.App - select * from MOTO where (matricula = '3344PPS')
INFO - 21:41:14,216 - main - es.deusto.grupo3.App - La moto ya existe, prueba con otro
INFO - 21:41:14,216 - main - es.deusto.grupo3.App - select * from MOTO where (matricula = '1212ABA')
INFO - 21:41:14,218 - main - es.deusto.grupo3.App - La moto ya existe, prueba con otro
INFO - 21:41:14,218 - main - es.deusto.grupo3.App - select * from MOTO where (matricula = '7892GFS')
INFO - 21:41:14,221 - main - es.deusto.grupo3.App - La moto ya existe, prueba con otro
INFO - 21:41:21,122 - AWT-EventQueue-0 - es.deusto.grupo3.App - select * from COCHE
INFO - 21:47:17,952 - main - es.deusto.grupo3.App - Nombre: nuestroBD.db / Base de datos conectada
INFO - 21:47:17,970 - main - es.deusto.grupo3.App - select * from COCHE where (matricula = '1234ABC')
INFO - 21:47:17,973 - main - es.deusto.grupo3.App - El coche ya existe, prueba con otro
INFO - 21:47:17,973 - main - es.deusto.grupo3.App - select * from COCHE where (matricula = '9999BBB')
INFO - 21:47:17,973 - main - es.deusto.grupo3.App - El coche ya existe, prueba con otro
INFO - 21:47:17,980 - main - es.deusto.grupo3.App - select * from COCHE where (matricula = '5678HHH')
INFO - 21:47:17,980 - main - es.deusto.grupo3.App - El coche ya existe, prueba con otro
INFO - 21:47:17,983 - main - es.deusto.grupo3.App - select * from MOTO where (matricula = '3344PPS')
INFO - 21:47:17,985 - main - es.deusto.grupo3.App - La moto ya existe, prueba con otro
INFO - 21:47:17,985 - main - es.deusto.grupo3.App - select * from MOTO where (matricula = '1212ABA')
INFO - 21:47:17,985 - main - es.deusto.grupo3.App - La moto ya existe, prueba con otro
INFO - 21:47:17,988 - main - es.deusto.grupo3.App - select * from MOTO where (matricula = '7892GFS')
INFO - 21:47:17,988 - main - es.deusto.grupo3.App - La moto ya existe, prueba con otro
INFO - 21:47:24,555 - AWT-EventQueue-0 - es.deusto.grupo3.App - select * from COCHE
INFO - 21:48:04,007 - main - es.deusto.grupo3.App - Nombre: nuestroBD.db / Base de datos conectada
INFO - 21:48:04,023 - main - es.deusto.grupo3.App - select * from COCHE where (matricula = '1234ABC')
INFO - 21:48:04,025 - main - es.deusto.grupo3.App - El coche ya existe, prueba con otro
INFO - 21:48:04,025 - main - es.deusto.grupo3.App - select * from COCHE where (matricula = '9999BBB')
INFO - 21:48:04,025 - main - es.deusto.grupo3.App - El coche ya existe, prueba con otro
INFO - 21:48:04,033 - main - es.deusto.grupo3.App - select * from COCHE where (matricula = '5678HHH')
INFO - 21:48:04,033 - main - es.deusto.grupo3.App - El coche ya existe, prueba con otro
INFO - 21:48:04,035 - main - es.deusto.grupo3.App - select * from MOTO where (matricula = '3344PPS')
INFO - 21:48:04,038 - main - es.deusto.grupo3.App - La moto ya existe, prueba con otro
INFO - 21:48:04,038 - main - es.deusto.grupo3.App - select * from MOTO where (matricula = '1212ABA')
INFO - 21:48:04,038 - main - es.deusto.grupo3.App - La moto ya existe, prueba con otro
INFO - 21:48:04,038 - main - es.deusto.grupo3.App - select * from MOTO where (matricula = '7892GFS')
INFO - 21:48:04,040 - main - es.deusto.grupo3.App - La moto ya existe, prueba con otro
INFO - 21:48:11,093 - AWT-EventQueue-0 - es.deusto.grupo3.App - select * from COCHE
INFO - 21:48:25,300 - AWT-EventQueue-0 - es.deusto.grupo3.App - select * from COCHE
INFO - 22:03:08,965 - main - es.deusto.grupo3.App - Nombre: nuestroBD.db / Base de datos conectada
INFO - 22:03:08,985 - main - es.deusto.grupo3.App - select * from COCHE where (matricula = '1234ABC')
INFO - 22:03:08,985 - main - es.deusto.grupo3.App - El coche ya existe, prueba con otro
INFO - 22:03:08,985 - main - es.deusto.grupo3.App - select * from COCHE where (matricula = '9999BBB')
INFO - 22:03:08,988 - main - es.deusto.grupo3.App - El coche ya existe, prueba con otro
INFO - 22:03:08,993 - main - es.deusto.grupo3.App - select * from COCHE where (matricula = '5678HHH')
INFO - 22:03:08,995 - main - es.deusto.grupo3.App - El coche ya existe, prueba con otro
INFO - 22:03:09,000 - main - es.deusto.grupo3.App - select * from MOTO where (matricula = '3344PPS')
INFO - 22:03:09,000 - main - es.deusto.grupo3.App - La moto ya existe, prueba con otro
INFO - 22:03:09,000 - main - es.deusto.grupo3.App - select * from MOTO where (matricula = '1212ABA')
INFO - 22:03:09,003 - main - es.deusto.grupo3.App - La moto ya existe, prueba con otro
INFO - 22:03:09,003 - main - es.deusto.grupo3.App - select * from MOTO where (matricula = '7892GFS')
INFO - 22:03:09,003 - main - es.deusto.grupo3.App - La moto ya existe, prueba con otro
INFO - 22:03:21,650 - AWT-EventQueue-0 - es.deusto.grupo3.App - select * from COCHE
INFO - 22:05:22,447 - main - es.deusto.grupo3.App - Nombre: nuestroBD.db / Base de datos conectada
INFO - 22:05:22,465 - main - es.deusto.grupo3.App - select * from COCHE where (matricula = '1234ABC')
INFO - 22:05:22,468 - main - es.deusto.grupo3.App - El coche ya existe, prueba con otro
INFO - 22:05:22,468 - main - es.deusto.grupo3.App - select * from COCHE where (matricula = '9999BBB')
INFO - 22:05:22,469 - main - es.deusto.grupo3.App - El coche ya existe, prueba con otro
INFO - 22:05:22,474 - main - es.deusto.grupo3.App - select * from COCHE where (matricula = '5678HHH')
INFO - 22:05:22,477 - main - es.deusto.grupo3.App - El coche ya existe, prueba con otro
INFO - 22:05:22,479 - main - es.deusto.grupo3.App - select * from MOTO where (matricula = '3344PPS')
INFO - 22:05:22,479 - main - es.deusto.grupo3.App - La moto ya existe, prueba con otro
INFO - 22:05:22,482 - main - es.deusto.grupo3.App - select * from MOTO where (matricula = '1212ABA')
INFO - 22:05:22,482 - main - es.deusto.grupo3.App - La moto ya existe, prueba con otro
INFO - 22:05:22,482 - main - es.deusto.grupo3.App - select * from MOTO where (matricula = '7892GFS')
INFO - 22:05:22,484 - main - es.deusto.grupo3.App - La moto ya existe, prueba con otro
INFO - 22:05:53,599 - AWT-EventQueue-0 - es.deusto.grupo3.App - select * from COCHE
INFO - 22:18:51,574 - main - es.deusto.grupo3.App - Nombre: nuestroBD.db / Base de datos conectada
INFO - 22:18:51,591 - main - es.deusto.grupo3.App - select * from COCHE where (matricula = '1234ABC')
INFO - 22:18:51,592 - main - es.deusto.grupo3.App - El coche ya existe, prueba con otro
INFO - 22:18:51,592 - main - es.deusto.grupo3.App - select * from COCHE where (matricula = '9999BBB')
INFO - 22:18:51,595 - main - es.deusto.grupo3.App - El coche ya existe, prueba con otro
INFO - 22:18:51,600 - main - es.deusto.grupo3.App - select * from COCHE where (matricula = '5678HHH')
INFO - 22:18:51,600 - main - es.deusto.grupo3.App - El coche ya existe, prueba con otro
INFO - 22:18:51,605 - main - es.deusto.grupo3.App - select * from MOTO where (matricula = '3344PPS')
INFO - 22:18:51,607 - main - es.deusto.grupo3.App - La moto ya existe, prueba con otro
INFO - 22:18:51,607 - main - es.deusto.grupo3.App - select * from MOTO where (matricula = '1212ABA')
INFO - 22:18:51,607 - main - es.deusto.grupo3.App - La moto ya existe, prueba con otro
INFO - 22:18:51,607 - main - es.deusto.grupo3.App - select * from MOTO where (matricula = '7892GFS')
INFO - 22:18:51,610 - main - es.deusto.grupo3.App - La moto ya existe, prueba con otro
INFO - 22:18:58,201 - AWT-EventQueue-0 - es.deusto.grupo3.App - select * from COCHE
INFO - 22:19:21,973 - main - es.deusto.grupo3.App - Nombre: nuestroBD.db / Base de datos conectada
INFO - 22:19:21,992 - main - es.deusto.grupo3.App - select * from COCHE where (matricula = '1234ABC')
INFO - 22:19:21,994 - main - es.deusto.grupo3.App - El coche ya existe, prueba con otro
INFO - 22:19:21,994 - main - es.deusto.grupo3.App - select * from COCHE where (matricula = '9999BBB')
INFO - 22:19:21,997 - main - es.deusto.grupo3.App - El coche ya existe, prueba con otro
INFO - 22:19:22,002 - main - es.deusto.grupo3.App - select * from COCHE where (matricula = '5678HHH')
INFO - 22:19:22,002 - main - es.deusto.grupo3.App - El coche ya existe, prueba con otro
INFO - 22:19:22,007 - main - es.deusto.grupo3.App - select * from MOTO where (matricula = '3344PPS')
INFO - 22:19:22,007 - main - es.deusto.grupo3.App - La moto ya existe, prueba con otro
INFO - 22:19:22,007 - main - es.deusto.grupo3.App - select * from MOTO where (matricula = '1212ABA')
INFO - 22:19:22,009 - main - es.deusto.grupo3.App - La moto ya existe, prueba con otro
INFO - 22:19:22,009 - main - es.deusto.grupo3.App - select * from MOTO where (matricula = '7892GFS')
INFO - 22:19:22,012 - main - es.deusto.grupo3.App - La moto ya existe, prueba con otro
INFO - 22:19:28,037 - AWT-EventQueue-0 - es.deusto.grupo3.App - select * from COCHE
INFO - 22:23:05,604 - main - es.deusto.grupo3.App - Nombre: nuestroBD.db / Base de datos conectada
INFO - 22:23:05,625 - main - es.deusto.grupo3.App - select * from COCHE where (matricula = '1234ABC')
INFO - 22:23:05,627 - main - es.deusto.grupo3.App - El coche ya existe, prueba con otro
INFO - 22:23:05,627 - main - es.deusto.grupo3.App - select * from COCHE where (matricula = '9999BBB')
INFO - 22:23:05,627 - main - es.deusto.grupo3.App - El coche ya existe, prueba con otro
INFO - 22:23:05,635 - main - es.deusto.grupo3.App - select * from COCHE where (matricula = '5678HHH')
INFO - 22:23:05,637 - main - es.deusto.grupo3.App - El coche ya existe, prueba con otro
INFO - 22:23:05,640 - main - es.deusto.grupo3.App - select * from MOTO where (matricula = '3344PPS')
INFO - 22:23:05,642 - main - es.deusto.grupo3.App - La moto ya existe, prueba con otro
INFO - 22:23:05,642 - main - es.deusto.grupo3.App - select * from MOTO where (matricula = '1212ABA')
INFO - 22:23:05,642 - main - es.deusto.grupo3.App - La moto ya existe, prueba con otro
INFO - 22:23:05,642 - main - es.deusto.grupo3.App - select * from MOTO where (matricula = '7892GFS')
INFO - 22:23:05,645 - main - es.deusto.grupo3.App - La moto ya existe, prueba con otro
INFO - 22:27:20,674 - main - es.deusto.grupo3.App - Nombre: nuestroBD.db / Base de datos conectada
INFO - 22:27:20,704 - main - es.deusto.grupo3.App - select * from COCHE where (matricula = '1234ABC')
INFO - 22:27:20,704 - main - es.deusto.grupo3.App - El coche ya existe, prueba con otro
INFO - 22:27:20,704 - main - es.deusto.grupo3.App - select * from COCHE where (matricula = '9999BBB')
INFO - 22:27:20,707 - main - es.deusto.grupo3.App - El coche ya existe, prueba con otro
INFO - 22:27:20,712 - main - es.deusto.grupo3.App - select * from COCHE where (matricula = '5678HHH')
INFO - 22:27:20,714 - main - es.deusto.grupo3.App - El coche ya existe, prueba con otro
INFO - 22:27:20,717 - main - es.deusto.grupo3.App - select * from MOTO where (matricula = '3344PPS')
INFO - 22:27:20,717 - main - es.deusto.grupo3.App - La moto ya existe, prueba con otro
INFO - 22:27:20,719 - main - es.deusto.grupo3.App - select * from MOTO where (matricula = '1212ABA')
INFO - 22:27:20,719 - main - es.deusto.grupo3.App - La moto ya existe, prueba con otro
INFO - 22:27:20,722 - main - es.deusto.grupo3.App - select * from MOTO where (matricula = '7892GFS')
INFO - 22:27:20,722 - main - es.deusto.grupo3.App - La moto ya existe, prueba con otro
INFO - 22:27:27,639 - AWT-EventQueue-0 - es.deusto.grupo3.App - select * from USUARIO where ( nombre = 'andrea' and contrasenya = 'andrea')
INFO - 22:27:31,316 - AWT-EventQueue-0 - es.deusto.grupo3.App - select * from COCHE
INFO - 22:30:30,425 - main - es.deusto.grupo3.App - Nombre: nuestroBD.db / Base de datos conectada
INFO - 22:30:30,440 - main - es.deusto.grupo3.App - select * from COCHE where (matricula = '1234ABC')
INFO - 22:30:30,442 - main - es.deusto.grupo3.App - El coche ya existe, prueba con otro
INFO - 22:30:30,442 - main - es.deusto.grupo3.App - select * from COCHE where (matricula = '9999BBB')
INFO - 22:30:30,446 - main - es.deusto.grupo3.App - El coche ya existe, prueba con otro
INFO - 22:30:30,456 - main - es.deusto.grupo3.App - select * from COCHE where (matricula = '5678HHH')
INFO - 22:30:30,456 - main - es.deusto.grupo3.App - El coche ya existe, prueba con otro
INFO - 22:30:30,461 - main - es.deusto.grupo3.App - select * from MOTO where (matricula = '3344PPS')
INFO - 22:30:30,463 - main - es.deusto.grupo3.App - La moto ya existe, prueba con otro
INFO - 22:30:30,463 - main - es.deusto.grupo3.App - select * from MOTO where (matricula = '1212ABA')
INFO - 22:30:30,463 - main - es.deusto.grupo3.App - La moto ya existe, prueba con otro
INFO - 22:30:30,463 - main - es.deusto.grupo3.App - select * from MOTO where (matricula = '7892GFS')
INFO - 22:30:30,466 - main - es.deusto.grupo3.App - La moto ya existe, prueba con otro
INFO - 22:30:46,729 - AWT-EventQueue-0 - es.deusto.grupo3.App - select * from COCHE
INFO - 22:31:06,249 - main - es.deusto.grupo3.App - Nombre: nuestroBD.db / Base de datos conectada
INFO - 22:31:06,268 - main - es.deusto.grupo3.App - select * from COCHE where (matricula = '1234ABC')
INFO - 22:31:06,271 - main - es.deusto.grupo3.App - El coche ya existe, prueba con otro
INFO - 22:31:06,271 - main - es.deusto.grupo3.App - select * from COCHE where (matricula = '9999BBB')
INFO - 22:31:06,273 - main - es.deusto.grupo3.App - El coche ya existe, prueba con otro
INFO - 22:31:06,278 - main - es.deusto.grupo3.App - select * from COCHE where (matricula = '5678HHH')
INFO - 22:31:06,278 - main - es.deusto.grupo3.App - El coche ya existe, prueba con otro
INFO - 22:31:06,283 - main - es.deusto.grupo3.App - select * from MOTO where (matricula = '3344PPS')
INFO - 22:31:06,283 - main - es.deusto.grupo3.App - La moto ya existe, prueba con otro
INFO - 22:31:06,286 - main - es.deusto.grupo3.App - select * from MOTO where (matricula = '1212ABA')
INFO - 22:31:06,286 - main - es.deusto.grupo3.App - La moto ya existe, prueba con otro
INFO - 22:31:06,286 - main - es.deusto.grupo3.App - select * from MOTO where (matricula = '7892GFS')
INFO - 22:31:06,288 - main - es.deusto.grupo3.App - La moto ya existe, prueba con otro
INFO - 22:31:16,042 - AWT-EventQueue-0 - es.deusto.grupo3.App - select * from COCHE
INFO - 22:32:14,750 - main - es.deusto.grupo3.App - Nombre: nuestroBD.db / Base de datos conectada
INFO - 22:32:14,770 - main - es.deusto.grupo3.App - select * from COCHE where (matricula = '1234ABC')
INFO - 22:32:14,772 - main - es.deusto.grupo3.App - El coche ya existe, prueba con otro
INFO - 22:32:14,772 - main - es.deusto.grupo3.App - select * from COCHE where (matricula = '9999BBB')
INFO - 22:32:14,772 - main - es.deusto.grupo3.App - El coche ya existe, prueba con otro
INFO - 22:32:14,780 - main - es.deusto.grupo3.App - select * from COCHE where (matricula = '5678HHH')
INFO - 22:32:14,780 - main - es.deusto.grupo3.App - El coche ya existe, prueba con otro
INFO - 22:32:14,785 - main - es.deusto.grupo3.App - select * from MOTO where (matricula = '3344PPS')
INFO - 22:32:14,785 - main - es.deusto.grupo3.App - La moto ya existe, prueba con otro
INFO - 22:32:14,787 - main - es.deusto.grupo3.App - select * from MOTO where (matricula = '1212ABA')
INFO - 22:32:14,787 - main - es.deusto.grupo3.App - La moto ya existe, prueba con otro
INFO - 22:32:14,787 - main - es.deusto.grupo3.App - select * from MOTO where (matricula = '7892GFS')
INFO - 22:32:14,790 - main - es.deusto.grupo3.App - La moto ya existe, prueba con otro
INFO - 22:32:22,088 - AWT-EventQueue-0 - es.deusto.grupo3.App - select * from COCHE
INFO - 22:35:52,439 - main - es.deusto.grupo3.App - Nombre: nuestroBD.db / Base de datos conectada
INFO - 22:35:52,454 - main - es.deusto.grupo3.App - select * from COCHE where (matricula = '1234ABC')
INFO - 22:35:52,454 - main - es.deusto.grupo3.App - El coche ya existe, prueba con otro
INFO - 22:35:52,454 - main - es.deusto.grupo3.App - select * from COCHE where (matricula = '9999BBB')
INFO - 22:35:52,454 - main - es.deusto.grupo3.App - El coche ya existe, prueba con otro
INFO - 22:35:52,471 - main - es.deusto.grupo3.App - select * from COCHE where (matricula = '5678HHH')
INFO - 22:35:52,471 - main - es.deusto.grupo3.App - El coche ya existe, prueba con otro
INFO - 22:35:52,471 - main - es.deusto.grupo3.App - select * from MOTO where (matricula = '3344PPS')
INFO - 22:35:52,471 - main - es.deusto.grupo3.App - La moto ya existe, prueba con otro
INFO - 22:35:52,471 - main - es.deusto.grupo3.App - select * from MOTO where (matricula = '1212ABA')
INFO - 22:35:52,471 - main - es.deusto.grupo3.App - La moto ya existe, prueba con otro
INFO - 22:35:52,471 - main - es.deusto.grupo3.App - select * from MOTO where (matricula = '7892GFS')
INFO - 22:35:52,471 - main - es.deusto.grupo3.App - La moto ya existe, prueba con otro
INFO - 22:36:00,516 - AWT-EventQueue-0 - es.deusto.grupo3.App - select * from USUARIO where ( nombre = 'andrea' and contrasenya = 'andrea')
INFO - 22:36:02,800 - AWT-EventQueue-0 - es.deusto.grupo3.App - select * from COCHE
INFO - 22:36:13,320 - AWT-EventQueue-0 - es.deusto.grupo3.App - select * from USUARIO where (nombre = 'admin')
INFO - 22:36:13,335 - AWT-EventQueue-0 - es.deusto.grupo3.App - insert into USUARIO values('admin', 'admin')
INFO - 22:36:19,670 - AWT-EventQueue-0 - es.deusto.grupo3.App - select * from COCHE
INFO - 22:37:16,303 - main - es.deusto.grupo3.App - Nombre: nuestroBD.db / Base de datos conectada
INFO - 22:37:16,319 - main - es.deusto.grupo3.App - select * from COCHE where (matricula = '1234ABC')
INFO - 22:37:16,319 - main - es.deusto.grupo3.App - El coche ya existe, prueba con otro
INFO - 22:37:16,319 - main - es.deusto.grupo3.App - select * from COCHE where (matricula = '9999BBB')
INFO - 22:37:16,319 - main - es.deusto.grupo3.App - El coche ya existe, prueba con otro
INFO - 22:37:16,335 - main - es.deusto.grupo3.App - select * from COCHE where (matricula = '5678HHH')
INFO - 22:37:16,335 - main - es.deusto.grupo3.App - El coche ya existe, prueba con otro
INFO - 22:37:16,335 - main - es.deusto.grupo3.App - select * from MOTO where (matricula = '3344PPS')
INFO - 22:37:16,335 - main - es.deusto.grupo3.App - La moto ya existe, prueba con otro
INFO - 22:37:16,335 - main - es.deusto.grupo3.App - select * from MOTO where (matricula = '1212ABA')
INFO - 22:37:16,335 - main - es.deusto.grupo3.App - La moto ya existe, prueba con otro
INFO - 22:37:16,335 - main - es.deusto.grupo3.App - select * from MOTO where (matricula = '7892GFS')
INFO - 22:37:16,335 - main - es.deusto.grupo3.App - La moto ya existe, prueba con otro
INFO - 22:37:30,026 - main - es.deusto.grupo3.App - Nombre: nuestroBD.db / Base de datos conectada
INFO - 22:37:30,042 - main - es.deusto.grupo3.App - select * from COCHE where (matricula = '1234ABC')
INFO - 22:37:30,042 - main - es.deusto.grupo3.App - El coche ya existe, prueba con otro
INFO - 22:37:30,042 - main - es.deusto.grupo3.App - select * from COCHE where (matricula = '9999BBB')
INFO - 22:37:30,042 - main - es.deusto.grupo3.App - El coche ya existe, prueba con otro
INFO - 22:37:30,060 - main - es.deusto.grupo3.App - select * from COCHE where (matricula = '5678HHH')
INFO - 22:37:30,060 - main - es.deusto.grupo3.App - El coche ya existe, prueba con otro
INFO - 22:37:30,060 - main - es.deusto.grupo3.App - select * from MOTO where (matricula = '3344PPS')
INFO - 22:37:30,060 - main - es.deusto.grupo3.App - La moto ya existe, prueba con otro
INFO - 22:37:30,060 - main - es.deusto.grupo3.App - select * from MOTO where (matricula = '1212ABA')
INFO - 22:37:30,060 - main - es.deusto.grupo3.App - La moto ya existe, prueba con otro
INFO - 22:37:30,060 - main - es.deusto.grupo3.App - select * from MOTO where (matricula = '7892GFS')
INFO - 22:37:30,060 - main - es.deusto.grupo3.App - La moto ya existe, prueba con otro
INFO - 22:37:36,315 - AWT-EventQueue-0 - es.deusto.grupo3.App - select * from COCHE
INFO - 22:38:03,934 - main - es.deusto.grupo3.App - Nombre: nuestroBD.db / Base de datos conectada
INFO - 22:38:03,950 - main - es.deusto.grupo3.App - select * from COCHE where (matricula = '1234ABC')
INFO - 22:38:03,950 - main - es.deusto.grupo3.App - El coche ya existe, prueba con otro
INFO - 22:38:03,950 - main - es.deusto.grupo3.App - select * from COCHE where (matricula = '9999BBB')
INFO - 22:38:03,950 - main - es.deusto.grupo3.App - El coche ya existe, prueba con otro
INFO - 22:38:03,950 - main - es.deusto.grupo3.App - select * from COCHE where (matricula = '5678HHH')
INFO - 22:38:03,950 - main - es.deusto.grupo3.App - El coche ya existe, prueba con otro
INFO - 22:38:03,966 - main - es.deusto.grupo3.App - select * from MOTO where (matricula = '3344PPS')
INFO - 22:38:03,967 - main - es.deusto.grupo3.App - La moto ya existe, prueba con otro
INFO - 22:38:03,967 - main - es.deusto.grupo3.App - select * from MOTO where (matricula = '1212ABA')
INFO - 22:38:03,967 - main - es.deusto.grupo3.App - La moto ya existe, prueba con otro
INFO - 22:38:03,967 - main - es.deusto.grupo3.App - select * from MOTO where (matricula = '7892GFS')
INFO - 22:38:03,967 - main - es.deusto.grupo3.App - La moto ya existe, prueba con otro
INFO - 22:38:10,697 - AWT-EventQueue-0 - es.deusto.grupo3.App - select * from COCHE
INFO - 22:39:50,870 - main - es.deusto.grupo3.App - Nombre: nuestroBD.db / Base de datos conectada
INFO - 22:39:50,885 - main - es.deusto.grupo3.App - select * from COCHE where (matricula = '1234ABC')
INFO - 22:39:50,885 - main - es.deusto.grupo3.App - El coche ya existe, prueba con otro
INFO - 22:39:50,885 - main - es.deusto.grupo3.App - select * from COCHE where (matricula = '9999BBB')
INFO - 22:39:50,885 - main - es.deusto.grupo3.App - El coche ya existe, prueba con otro
INFO - 22:39:50,885 - main - es.deusto.grupo3.App - select * from COCHE where (matricula = '5678HHH')
INFO - 22:39:50,885 - main - es.deusto.grupo3.App - El coche ya existe, prueba con otro
INFO - 22:39:50,901 - main - es.deusto.grupo3.App - select * from MOTO where (matricula = '3344PPS')
INFO - 22:39:50,902 - main - es.deusto.grupo3.App - La moto ya existe, prueba con otro
INFO - 22:39:50,902 - main - es.deusto.grupo3.App - select * from MOTO where (matricula = '1212ABA')
INFO - 22:39:50,902 - main - es.deusto.grupo3.App - La moto ya existe, prueba con otro
INFO - 22:39:50,902 - main - es.deusto.grupo3.App - select * from MOTO where (matricula = '7892GFS')
INFO - 22:39:50,902 - main - es.deusto.grupo3.App - La moto ya existe, prueba con otro
INFO - 22:39:57,864 - AWT-EventQueue-0 - es.deusto.grupo3.App - select * from COCHE
INFO - 22:40:13,864 - main - es.deusto.grupo3.App - Nombre: nuestroBD.db / Base de datos conectada
INFO - 22:40:13,880 - main - es.deusto.grupo3.App - select * from COCHE where (matricula = '1234ABC')
INFO - 22:40:13,880 - main - es.deusto.grupo3.App - El coche ya existe, prueba con otro
INFO - 22:40:13,880 - main - es.deusto.grupo3.App - select * from COCHE where (matricula = '9999BBB')
INFO - 22:40:13,880 - main - es.deusto.grupo3.App - El coche ya existe, prueba con otro
INFO - 22:40:13,880 - main - es.deusto.grupo3.App - select * from COCHE where (matricula = '5678HHH')
INFO - 22:40:13,880 - main - es.deusto.grupo3.App - El coche ya existe, prueba con otro
INFO - 22:40:13,897 - main - es.deusto.grupo3.App - select * from MOTO where (matricula = '3344PPS')
INFO - 22:40:13,897 - main - es.deusto.grupo3.App - La moto ya existe, prueba con otro
INFO - 22:40:13,897 - main - es.deusto.grupo3.App - select * from MOTO where (matricula = '1212ABA')
INFO - 22:40:13,897 - main - es.deusto.grupo3.App - La moto ya existe, prueba con otro
INFO - 22:40:13,897 - main - es.deusto.grupo3.App - select * from MOTO where (matricula = '7892GFS')
INFO - 22:40:13,897 - main - es.deusto.grupo3.App - La moto ya existe, prueba con otro
INFO - 22:40:20,633 - AWT-EventQueue-0 - es.deusto.grupo3.App - select * from COCHE
INFO - 22:40:21,789 - AWT-EventQueue-0 - es.deusto.grupo3.App - select * from COCHE
INFO - 22:40:37,635 - main - es.deusto.grupo3.App - Nombre: nuestroBD.db / Base de datos conectada
INFO - 22:40:37,651 - main - es.deusto.grupo3.App - select * from COCHE where (matricula = '1234ABC')
INFO - 22:40:37,651 - main - es.deusto.grupo3.App - El coche ya existe, prueba con otro
INFO - 22:40:37,651 - main - es.deusto.grupo3.App - select * from COCHE where (matricula = '9999BBB')
INFO - 22:40:37,651 - main - es.deusto.grupo3.App - El coche ya existe, prueba con otro
INFO - 22:40:37,651 - main - es.deusto.grupo3.App - select * from COCHE where (matricula = '5678HHH')
INFO - 22:40:37,651 - main - es.deusto.grupo3.App - El coche ya existe, prueba con otro
INFO - 22:40:37,667 - main - es.deusto.grupo3.App - select * from MOTO where (matricula = '3344PPS')
INFO - 22:40:37,667 - main - es.deusto.grupo3.App - La moto ya existe, prueba con otro
INFO - 22:40:37,667 - main - es.deusto.grupo3.App - select * from MOTO where (matricula = '1212ABA')
INFO - 22:40:37,667 - main - es.deusto.grupo3.App - La moto ya existe, prueba con otro
INFO - 22:40:37,667 - main - es.deusto.grupo3.App - select * from MOTO where (matricula = '7892GFS')
INFO - 22:40:37,667 - main - es.deusto.grupo3.App - La moto ya existe, prueba con otro
INFO - 22:40:44,663 - AWT-EventQueue-0 - es.deusto.grupo3.App - select * from COCHE
INFO - 22:40:46,836 - AWT-EventQueue-0 - es.deusto.grupo3.App - select * from COCHE
INFO - 22:40:47,711 - AWT-EventQueue-0 - es.deusto.grupo3.App - select * from COCHE
INFO - 22:41:07,337 - main - es.deusto.grupo3.App - Nombre: nuestroBD.db / Base de datos conectada
INFO - 22:41:07,353 - main - es.deusto.grupo3.App - select * from COCHE where (matricula = '1234ABC')
INFO - 22:41:07,353 - main - es.deusto.grupo3.App - El coche ya existe, prueba con otro
INFO - 22:41:07,353 - main - es.deusto.grupo3.App - select * from COCHE where (matricula = '9999BBB')
INFO - 22:41:07,353 - main - es.deusto.grupo3.App - El coche ya existe, prueba con otro
INFO - 22:41:07,353 - main - es.deusto.grupo3.App - select * from COCHE where (matricula = '5678HHH')
INFO - 22:41:07,353 - main - es.deusto.grupo3.App - El coche ya existe, prueba con otro
INFO - 22:41:07,369 - main - es.deusto.grupo3.App - select * from MOTO where (matricula = '3344PPS')
INFO - 22:41:07,369 - main - es.deusto.grupo3.App - La moto ya existe, prueba con otro
INFO - 22:41:07,369 - main - es.deusto.grupo3.App - select * from MOTO where (matricula = '1212ABA')
INFO - 22:41:07,369 - main - es.deusto.grupo3.App - La moto ya existe, prueba con otro
INFO - 22:41:07,369 - main - es.deusto.grupo3.App - select * from MOTO where (matricula = '7892GFS')
INFO - 22:41:07,369 - main - es.deusto.grupo3.App - La moto ya existe, prueba con otro
INFO - 22:41:15,808 - AWT-EventQueue-0 - es.deusto.grupo3.App - select * from COCHE
INFO - 22:41:17,494 - AWT-EventQueue-0 - es.deusto.grupo3.App - select * from COCHE
INFO - 22:41:58,352 - AWT-EventQueue-0 - es.deusto.grupo3.App - select * from COCHE
INFO - 22:42:22,835 - main - es.deusto.grupo3.App - Nombre: nuestroBD.db / Base de datos conectada
INFO - 22:42:22,851 - main - es.deusto.grupo3.App - select * from COCHE where (matricula = '1234ABC')
INFO - 22:42:22,851 - main - es.deusto.grupo3.App - El coche ya existe, prueba con otro
INFO - 22:42:22,851 - main - es.deusto.grupo3.App - select * from COCHE where (matricula = '9999BBB')
INFO - 22:42:22,851 - main - es.deusto.grupo3.App - El coche ya existe, prueba con otro
INFO - 22:42:22,866 - main - es.deusto.grupo3.App - select * from COCHE where (matricula = '5678HHH')
INFO - 22:42:22,866 - main - es.deusto.grupo3.App - El coche ya existe, prueba con otro
INFO - 22:42:22,866 - main - es.deusto.grupo3.App - select * from MOTO where (matricula = '3344PPS')
INFO - 22:42:22,866 - main - es.deusto.grupo3.App - La moto ya existe, prueba con otro
INFO - 22:42:22,866 - main - es.deusto.grupo3.App - select * from MOTO where (matricula = '1212ABA')
INFO - 22:42:22,866 - main - es.deusto.grupo3.App - La moto ya existe, prueba con otro
INFO - 22:42:22,866 - main - es.deusto.grupo3.App - select * from MOTO where (matricula = '7892GFS')
INFO - 22:42:22,866 - main - es.deusto.grupo3.App - La moto ya existe, prueba con otro
INFO - 22:42:30,324 - AWT-EventQueue-0 - es.deusto.grupo3.App - select * from COCHE
INFO - 22:42:32,717 - AWT-EventQueue-0 - es.deusto.grupo3.App - select * from COCHE
INFO - 22:42:50,973 - main - es.deusto.grupo3.App - Nombre: nuestroBD.db / Base de datos conectada
INFO - 22:42:50,989 - main - es.deusto.grupo3.App - select * from COCHE where (matricula = '1234ABC')
INFO - 22:42:50,989 - main - es.deusto.grupo3.App - El coche ya existe, prueba con otro
INFO - 22:42:50,989 - main - es.deusto.grupo3.App - select * from COCHE where (matricula = '9999BBB')
INFO - 22:42:50,989 - main - es.deusto.grupo3.App - El coche ya existe, prueba con otro
INFO - 22:42:51,006 - main - es.deusto.grupo3.App - select * from COCHE where (matricula = '5678HHH')
INFO - 22:42:51,006 - main - es.deusto.grupo3.App - El coche ya existe, prueba con otro
INFO - 22:42:51,006 - main - es.deusto.grupo3.App - select * from MOTO where (matricula = '3344PPS')
INFO - 22:42:51,006 - main - es.deusto.grupo3.App - La moto ya existe, prueba con otro
INFO - 22:42:51,006 - main - es.deusto.grupo3.App - select * from MOTO where (matricula = '1212ABA')
INFO - 22:42:51,006 - main - es.deusto.grupo3.App - La moto ya existe, prueba con otro
INFO - 22:42:51,006 - main - es.deusto.grupo3.App - select * from MOTO where (matricula = '7892GFS')
INFO - 22:42:51,006 - main - es.deusto.grupo3.App - La moto ya existe, prueba con otro
INFO - 22:42:57,776 - AWT-EventQueue-0 - es.deusto.grupo3.App - select * from COCHE
INFO - 22:43:00,309 - AWT-EventQueue-0 - es.deusto.grupo3.App - select * from COCHE
INFO - 22:44:10,081 - main - es.deusto.grupo3.App - Nombre: nuestroBD.db / Base de datos conectada
INFO - 22:44:10,096 - main - es.deusto.grupo3.App - select * from COCHE where (matricula = '1234ABC')
INFO - 22:44:10,112 - main - es.deusto.grupo3.App - El coche ya existe, prueba con otro
INFO - 22:44:10,112 - main - es.deusto.grupo3.App - select * from COCHE where (matricula = '9999BBB')
INFO - 22:44:10,112 - main - es.deusto.grupo3.App - El coche ya existe, prueba con otro
INFO - 22:44:10,112 - main - es.deusto.grupo3.App - select * from COCHE where (matricula = '5678HHH')
INFO - 22:44:10,112 - main - es.deusto.grupo3.App - El coche ya existe, prueba con otro
INFO - 22:44:10,112 - main - es.deusto.grupo3.App - select * from MOTO where (matricula = '3344PPS')
INFO - 22:44:10,112 - main - es.deusto.grupo3.App - La moto ya existe, prueba con otro
INFO - 22:44:10,112 - main - es.deusto.grupo3.App - select * from MOTO where (matricula = '1212ABA')
INFO - 22:44:10,112 - main - es.deusto.grupo3.App - La moto ya existe, prueba con otro
INFO - 22:44:10,112 - main - es.deusto.grupo3.App - select * from MOTO where (matricula = '7892GFS')
INFO - 22:44:10,129 - main - es.deusto.grupo3.App - La moto ya existe, prueba con otro
INFO - 22:44:23,263 - AWT-EventQueue-0 - es.deusto.grupo3.App - select * from COCHE
INFO - 22:44:27,772 - AWT-EventQueue-0 - es.deusto.grupo3.App - select * from COCHE
INFO - 22:46:07,217 - main - es.deusto.grupo3.App - Nombre: nuestroBD.db / Base de datos conectada
INFO - 22:46:07,233 - main - es.deusto.grupo3.App - select * from COCHE where (matricula = '1234ABC')
INFO - 22:46:07,233 - main - es.deusto.grupo3.App - El coche ya existe, prueba con otro
INFO - 22:46:07,233 - main - es.deusto.grupo3.App - select * from COCHE where (matricula = '9999BBB')
INFO - 22:46:07,233 - main - es.deusto.grupo3.App - El coche ya existe, prueba con otro
INFO - 22:46:07,250 - main - es.deusto.grupo3.App - select * from COCHE where (matricula = '5678HHH')
INFO - 22:46:07,250 - main - es.deusto.grupo3.App - El coche ya existe, prueba con otro
INFO - 22:46:07,250 - main - es.deusto.grupo3.App - select * from MOTO where (matricula = '3344PPS')
INFO - 22:46:07,250 - main - es.deusto.grupo3.App - La moto ya existe, prueba con otro
INFO - 22:46:07,250 - main - es.deusto.grupo3.App - select * from MOTO where (matricula = '1212ABA')
INFO - 22:46:07,250 - main - es.deusto.grupo3.App - La moto ya existe, prueba con otro
INFO - 22:46:07,250 - main - es.deusto.grupo3.App - select * from MOTO where (matricula = '7892GFS')
INFO - 22:46:07,250 - main - es.deusto.grupo3.App - La moto ya existe, prueba con otro
INFO - 22:46:15,000 - AWT-EventQueue-0 - es.deusto.grupo3.App - select * from COCHE
INFO - 22:46:16,956 - AWT-EventQueue-0 - es.deusto.grupo3.App - select * from COCHE
INFO - 22:46:20,576 - AWT-EventQueue-0 - es.deusto.grupo3.App - select * from COCHE
INFO - 22:50:35,649 - main - es.deusto.grupo3.App - Nombre: nuestroBD.db / Base de datos conectada
INFO - 22:50:35,665 - main - es.deusto.grupo3.App - select * from COCHE where (matricula = '1234ABC')
INFO - 22:50:35,665 - main - es.deusto.grupo3.App - El coche ya existe, prueba con otro
INFO - 22:50:35,665 - main - es.deusto.grupo3.App - select * from COCHE where (matricula = '9999BBB')
INFO - 22:50:35,665 - main - es.deusto.grupo3.App - El coche ya existe, prueba con otro
INFO - 22:50:35,665 - main - es.deusto.grupo3.App - select * from COCHE where (matricula = '5678HHH')
INFO - 22:50:35,665 - main - es.deusto.grupo3.App - El coche ya existe, prueba con otro
INFO - 22:50:35,681 - main - es.deusto.grupo3.App - select * from MOTO where (matricula = '3344PPS')
INFO - 22:50:35,684 - main - es.deusto.grupo3.App - La moto ya existe, prueba con otro
INFO - 22:50:35,684 - main - es.deusto.grupo3.App - select * from MOTO where (matricula = '1212ABA')
INFO - 22:50:35,684 - main - es.deusto.grupo3.App - La moto ya existe, prueba con otro
INFO - 22:50:35,684 - main - es.deusto.grupo3.App - select * from MOTO where (matricula = '7892GFS')
INFO - 22:50:35,686 - main - es.deusto.grupo3.App - La moto ya existe, prueba con otro
INFO - 22:50:42,526 - AWT-EventQueue-0 - es.deusto.grupo3.App - select * from COCHE
INFO - 22:50:58,778 - main - es.deusto.grupo3.App - Nombre: nuestroBD.db / Base de datos conectada
INFO - 22:50:58,793 - main - es.deusto.grupo3.App - select * from COCHE where (matricula = '1234ABC')
INFO - 22:50:58,793 - main - es.deusto.grupo3.App - El coche ya existe, prueba con otro
INFO - 22:50:58,793 - main - es.deusto.grupo3.App - select * from COCHE where (matricula = '9999BBB')
INFO - 22:50:58,793 - main - es.deusto.grupo3.App - El coche ya existe, prueba con otro
INFO - 22:50:58,809 - main - es.deusto.grupo3.App - select * from COCHE where (matricula = '5678HHH')
INFO - 22:50:58,809 - main - es.deusto.grupo3.App - El coche ya existe, prueba con otro
INFO - 22:50:58,809 - main - es.deusto.grupo3.App - select * from MOTO where (matricula = '3344PPS')
INFO - 22:50:58,809 - main - es.deusto.grupo3.App - La moto ya existe, prueba con otro
INFO - 22:50:58,809 - main - es.deusto.grupo3.App - select * from MOTO where (matricula = '1212ABA')
INFO - 22:50:58,809 - main - es.deusto.grupo3.App - La moto ya existe, prueba con otro
INFO - 22:50:58,809 - main - es.deusto.grupo3.App - select * from MOTO where (matricula = '7892GFS')
INFO - 22:50:58,809 - main - es.deusto.grupo3.App - La moto ya existe, prueba con otro
INFO - 22:51:05,806 - AWT-EventQueue-0 - es.deusto.grupo3.App - select * from COCHE
INFO - 23:00:29,799 - main - es.deusto.grupo3.App - Nombre: nuestroBD.db / Base de datos conectada
INFO - 23:00:29,815 - main - es.deusto.grupo3.App - select * from COCHE where (matricula = '1234ABC')
INFO - 23:00:29,815 - main - es.deusto.grupo3.App - El coche ya existe, prueba con otro
INFO - 23:00:29,815 - main - es.deusto.grupo3.App - select * from COCHE where (matricula = '9999BBB')
INFO - 23:00:29,815 - main - es.deusto.grupo3.App - El coche ya existe, prueba con otro
INFO - 23:00:29,830 - main - es.deusto.grupo3.App - select * from COCHE where (matricula = '5678HHH')
INFO - 23:00:29,830 - main - es.deusto.grupo3.App - El coche ya existe, prueba con otro
INFO - 23:00:29,830 - main - es.deusto.grupo3.App - select * from MOTO where (matricula = '3344PPS')
INFO - 23:00:29,830 - main - es.deusto.grupo3.App - La moto ya existe, prueba con otro
INFO - 23:00:29,830 - main - es.deusto.grupo3.App - select * from MOTO where (matricula = '1212ABA')
INFO - 23:00:29,830 - main - es.deusto.grupo3.App - La moto ya existe, prueba con otro
INFO - 23:00:29,830 - main - es.deusto.grupo3.App - select * from MOTO where (matricula = '7892GFS')
INFO - 23:00:29,830 - main - es.deusto.grupo3.App - La moto ya existe, prueba con otro
INFO - 23:00:37,449 - AWT-EventQueue-0 - es.deusto.grupo3.App - select * from COCHE
INFO - 23:00:43,175 - AWT-EventQueue-0 - es.deusto.grupo3.App - select * from COCHE
INFO - 23:00:46,317 - AWT-EventQueue-0 - es.deusto.grupo3.App - select * from COCHE
INFO - 23:16:45,045 - main - es.deusto.grupo3.App - Nombre: nuestroBD.db / Base de datos conectada
INFO - 23:16:45,060 - main - es.deusto.grupo3.App - select * from COCHE where (matricula = '1234ABC')
INFO - 23:16:45,060 - main - es.deusto.grupo3.App - El coche ya existe, prueba con otro
INFO - 23:16:45,060 - main - es.deusto.grupo3.App - select * from COCHE where (matricula = '9999BBB')
INFO - 23:16:45,060 - main - es.deusto.grupo3.App - El coche ya existe, prueba con otro
INFO - 23:16:45,076 - main - es.deusto.grupo3.App - select * from COCHE where (matricula = '5678HHH')
INFO - 23:16:45,076 - main - es.deusto.grupo3.App - El coche ya existe, prueba con otro
INFO - 23:16:45,077 - main - es.deusto.grupo3.App - select * from MOTO where (matricula = '3344PPS')
INFO - 23:16:45,077 - main - es.deusto.grupo3.App - La moto ya existe, prueba con otro
INFO - 23:16:45,077 - main - es.deusto.grupo3.App - select * from MOTO where (matricula = '1212ABA')
INFO - 23:16:45,077 - main - es.deusto.grupo3.App - La moto ya existe, prueba con otro
INFO - 23:16:45,077 - main - es.deusto.grupo3.App - select * from MOTO where (matricula = '7892GFS')
INFO - 23:16:45,077 - main - es.deusto.grupo3.App - La moto ya existe, prueba con otro
INFO - 23:16:52,557 - AWT-EventQueue-0 - es.deusto.grupo3.App - select * from COCHE
INFO - 23:17:05,111 - AWT-EventQueue-0 - es.deusto.grupo3.App - select * from COCHE
INFO - 23:19:28,147 - main - es.deusto.grupo3.App - Nombre: nuestroBD.db / Base de datos conectada
INFO - 23:19:28,162 - main - es.deusto.grupo3.App - select * from COCHE where (matricula = '1234ABC')
INFO - 23:19:28,162 - main - es.deusto.grupo3.App - El coche ya existe, prueba con otro
INFO - 23:19:28,162 - main - es.deusto.grupo3.App - select * from COCHE where (matricula = '9999BBB')
INFO - 23:19:28,162 - main - es.deusto.grupo3.App - El coche ya existe, prueba con otro
INFO - 23:19:28,178 - main - es.deusto.grupo3.App - select * from COCHE where (matricula = '5678HHH')
INFO - 23:19:28,179 - main - es.deusto.grupo3.App - El coche ya existe, prueba con otro
INFO - 23:19:28,179 - main - es.deusto.grupo3.App - select * from MOTO where (matricula = '3344PPS')
INFO - 23:19:28,179 - main - es.deusto.grupo3.App - La moto ya existe, prueba con otro
INFO - 23:19:28,179 - main - es.deusto.grupo3.App - select * from MOTO where (matricula = '1212ABA')
INFO - 23:19:28,179 - main - es.deusto.grupo3.App - La moto ya existe, prueba con otro
INFO - 23:19:28,179 - main - es.deusto.grupo3.App - select * from MOTO where (matricula = '7892GFS')
INFO - 23:19:28,179 - main - es.deusto.grupo3.App - La moto ya existe, prueba con otro
INFO - 23:19:34,988 - AWT-EventQueue-0 - es.deusto.grupo3.App - select * from COCHE
INFO - 23:19:46,560 - AWT-EventQueue-0 - es.deusto.grupo3.App - select * from COCHE
INFO - 23:20:24,160 - main - es.deusto.grupo3.App - Nombre: nuestroBD.db / Base de datos conectada
INFO - 23:20:24,176 - main - es.deusto.grupo3.App - select * from COCHE where (matricula = '1234ABC')
INFO - 23:20:24,192 - main - es.deusto.grupo3.App - El coche ya existe, prueba con otro
INFO - 23:20:24,192 - main - es.deusto.grupo3.App - select * from COCHE where (matricula = '9999BBB')
INFO - 23:20:24,192 - main - es.deusto.grupo3.App - El coche ya existe, prueba con otro
INFO - 23:20:24,192 - main - es.deusto.grupo3.App - select * from COCHE where (matricula = '5678HHH')
INFO - 23:20:24,192 - main - es.deusto.grupo3.App - El coche ya existe, prueba con otro
INFO - 23:20:24,192 - main - es.deusto.grupo3.App - select * from MOTO where (matricula = '3344PPS')
INFO - 23:20:24,192 - main - es.deusto.grupo3.App - La moto ya existe, prueba con otro
INFO - 23:20:24,192 - main - es.deusto.grupo3.App - select * from MOTO where (matricula = '1212ABA')
INFO - 23:20:24,207 - main - es.deusto.grupo3.App - La moto ya existe, prueba con otro
INFO - 23:20:24,207 - main - es.deusto.grupo3.App - select * from MOTO where (matricula = '7892GFS')
INFO - 23:20:24,208 - main - es.deusto.grupo3.App - La moto ya existe, prueba con otro
INFO - 23:20:31,260 - AWT-EventQueue-0 - es.deusto.grupo3.App - select * from COCHE
INFO - 23:21:22,244 - main - es.deusto.grupo3.App - Nombre: nuestroBD.db / Base de datos conectada
INFO - 23:21:22,259 - main - es.deusto.grupo3.App - select * from COCHE where (matricula = '1234ABC')
INFO - 23:21:22,259 - main - es.deusto.grupo3.App - El coche ya existe, prueba con otro
INFO - 23:21:22,259 - main - es.deusto.grupo3.App - select * from COCHE where (matricula = '9999BBB')
INFO - 23:21:22,259 - main - es.deusto.grupo3.App - El coche ya existe, prueba con otro
INFO - 23:21:22,275 - main - es.deusto.grupo3.App - select * from COCHE where (matricula = '5678HHH')
INFO - 23:21:22,275 - main - es.deusto.grupo3.App - El coche ya existe, prueba con otro
INFO - 23:21:22,275 - main - es.deusto.grupo3.App - select * from MOTO where (matricula = '3344PPS')
INFO - 23:21:22,275 - main - es.deusto.grupo3.App - La moto ya existe, prueba con otro
INFO - 23:21:22,275 - main - es.deusto.grupo3.App - select * from MOTO where (matricula = '1212ABA')
INFO - 23:21:22,275 - main - es.deusto.grupo3.App - La moto ya existe, prueba con otro
INFO - 23:21:22,275 - main - es.deusto.grupo3.App - select * from MOTO where (matricula = '7892GFS')
INFO - 23:21:22,275 - main - es.deusto.grupo3.App - La moto ya existe, prueba con otro
INFO - 23:21:28,586 - AWT-EventQueue-0 - es.deusto.grupo3.App - select * from COCHE
INFO - 23:21:40,731 - AWT-EventQueue-0 - es.deusto.grupo3.App - select * from COCHE
INFO - 23:21:45,162 - AWT-EventQueue-0 - es.deusto.grupo3.App - select * from COCHE
INFO - 23:21:47,239 - AWT-EventQueue-0 - es.deusto.grupo3.App - select * from COCHE
INFO - 23:22:04,273 - AWT-EventQueue-0 - es.deusto.grupo3.App - select * from COCHE
INFO - 23:22:13,442 - main - es.deusto.grupo3.App - Nombre: nuestroBD.db / Base de datos conectada
INFO - 23:22:13,458 - main - es.deusto.grupo3.App - select * from COCHE where (matricula = '1234ABC')
INFO - 23:22:13,458 - main - es.deusto.grupo3.App - El coche ya existe, prueba con otro
INFO - 23:22:13,458 - main - es.deusto.grupo3.App - select * from COCHE where (matricula = '9999BBB')
INFO - 23:22:13,458 - main - es.deusto.grupo3.App - El coche ya existe, prueba con otro
INFO - 23:22:13,458 - main - es.deusto.grupo3.App - select * from COCHE where (matricula = '5678HHH')
INFO - 23:22:13,458 - main - es.deusto.grupo3.App - El coche ya existe, prueba con otro
INFO - 23:22:13,474 - main - es.deusto.grupo3.App - select * from MOTO where (matricula = '3344PPS')
INFO - 23:22:13,475 - main - es.deusto.grupo3.App - La moto ya existe, prueba con otro
INFO - 23:22:13,475 - main - es.deusto.grupo3.App - select * from MOTO where (matricula = '1212ABA')
INFO - 23:22:13,475 - main - es.deusto.grupo3.App - La moto ya existe, prueba con otro
INFO - 23:22:13,475 - main - es.deusto.grupo3.App - select * from MOTO where (matricula = '7892GFS')
INFO - 23:22:13,475 - main - es.deusto.grupo3.App - La moto ya existe, prueba con otro
INFO - 23:22:20,110 - AWT-EventQueue-0 - es.deusto.grupo3.App - select * from COCHE
INFO - 23:22:21,733 - AWT-EventQueue-0 - es.deusto.grupo3.App - select * from COCHE
INFO - 23:22:30,159 - AWT-EventQueue-0 - es.deusto.grupo3.App - select * from COCHE
INFO - 23:22:31,924 - AWT-EventQueue-0 - es.deusto.grupo3.App - select * from COCHE
INFO - 23:26:25,728 - main - es.deusto.grupo3.App - Nombre: nuestroBD.db / Base de datos conectada
INFO - 23:26:25,743 - main - es.deusto.grupo3.App - select * from COCHE where (matricula = '1234ABC')
INFO - 23:26:25,743 - main - es.deusto.grupo3.App - El coche ya existe, prueba con otro
INFO - 23:26:25,743 - main - es.deusto.grupo3.App - select * from COCHE where (matricula = '9999BBB')
INFO - 23:26:25,743 - main - es.deusto.grupo3.App - El coche ya existe, prueba con otro
INFO - 23:26:25,759 - main - es.deusto.grupo3.App - select * from COCHE where (matricula = '5678HHH')
INFO - 23:26:25,759 - main - es.deusto.grupo3.App - El coche ya existe, prueba con otro
INFO - 23:26:25,759 - main - es.deusto.grupo3.App - select * from MOTO where (matricula = '3344PPS')
INFO - 23:26:25,759 - main - es.deusto.grupo3.App - La moto ya existe, prueba con otro
INFO - 23:26:25,759 - main - es.deusto.grupo3.App - select * from MOTO where (matricula = '1212ABA')
INFO - 23:26:25,759 - main - es.deusto.grupo3.App - La moto ya existe, prueba con otro
INFO - 23:26:25,759 - main - es.deusto.grupo3.App - select * from MOTO where (matricula = '7892GFS')
INFO - 23:26:25,759 - main - es.deusto.grupo3.App - La moto ya existe, prueba con otro
INFO - 23:26:41,100 - AWT-EventQueue-0 - es.deusto.grupo3.App - select * from COCHE
INFO - 23:26:52,426 - main - es.deusto.grupo3.App - Nombre: nuestroBD.db / Base de datos conectada
INFO - 23:26:52,442 - main - es.deusto.grupo3.App - select * from COCHE where (matricula = '1234ABC')
INFO - 23:26:52,442 - main - es.deusto.grupo3.App - El coche ya existe, prueba con otro
INFO - 23:26:52,442 - main - es.deusto.grupo3.App - select * from COCHE where (matricula = '9999BBB')
INFO - 23:26:52,442 - main - es.deusto.grupo3.App - El coche ya existe, prueba con otro
INFO - 23:26:52,458 - main - es.deusto.grupo3.App - select * from COCHE where (matricula = '5678HHH')
INFO - 23:26:52,458 - main - es.deusto.grupo3.App - El coche ya existe, prueba con otro
INFO - 23:26:52,458 - main - es.deusto.grupo3.App - select * from MOTO where (matricula = '3344PPS')
INFO - 23:26:52,458 - main - es.deusto.grupo3.App - La moto ya existe, prueba con otro
INFO - 23:26:52,458 - main - es.deusto.grupo3.App - select * from MOTO where (matricula = '1212ABA')
INFO - 23:26:52,458 - main - es.deusto.grupo3.App - La moto ya existe, prueba con otro
INFO - 23:26:52,458 - main - es.deusto.grupo3.App - select * from MOTO where (matricula = '7892GFS')
INFO - 23:26:52,458 - main - es.deusto.grupo3.App - La moto ya existe, prueba con otro
INFO - 23:27:04,515 - main - es.deusto.grupo3.App - Nombre: nuestroBD.db / Base de datos conectada
INFO - 23:27:04,531 - main - es.deusto.grupo3.App - select * from COCHE where (matricula = '1234ABC')
INFO - 23:27:04,547 - main - es.deusto.grupo3.App - El coche ya existe, prueba con otro
INFO - 23:27:04,547 - main - es.deusto.grupo3.App - select * from COCHE where (matricula = '9999BBB')
INFO - 23:27:04,547 - main - es.deusto.grupo3.App - El coche ya existe, prueba con otro
INFO - 23:27:04,547 - main - es.deusto.grupo3.App - select * from COCHE where (matricula = '5678HHH')
INFO - 23:27:04,547 - main - es.deusto.grupo3.App - El coche ya existe, prueba con otro
INFO - 23:27:04,547 - main - es.deusto.grupo3.App - select * from MOTO where (matricula = '3344PPS')
INFO - 23:27:04,547 - main - es.deusto.grupo3.App - La moto ya existe, prueba con otro
INFO - 23:27:04,547 - main - es.deusto.grupo3.App - select * from MOTO where (matricula = '1212ABA')
INFO - 23:27:04,547 - main - es.deusto.grupo3.App - La moto ya existe, prueba con otro
INFO - 23:27:04,547 - main - es.deusto.grupo3.App - select * from MOTO where (matricula = '7892GFS')
INFO - 23:27:04,547 - main - es.deusto.grupo3.App - La moto ya existe, prueba con otro
INFO - 23:27:11,874 - AWT-EventQueue-0 - es.deusto.grupo3.App - select * from COCHE
INFO - 23:27:14,060 - AWT-EventQueue-0 - es.deusto.grupo3.App - select * from COCHE
INFO - 23:27:29,641 - AWT-EventQueue-0 - es.deusto.grupo3.App - select * from COCHE
INFO - 23:27:30,986 - AWT-EventQueue-0 - es.deusto.grupo3.App - select * from COCHE
INFO - 23:27:39,850 - main - es.deusto.grupo3.App - Nombre: nuestroBD.db / Base de datos conectada
INFO - 23:27:39,865 - main - es.deusto.grupo3.App - select * from COCHE where (matricula = '1234ABC')
INFO - 23:27:39,865 - main - es.deusto.grupo3.App - El coche ya existe, prueba con otro
INFO - 23:27:39,865 - main - es.deusto.grupo3.App - select * from COCHE where (matricula = '9999BBB')
INFO - 23:27:39,865 - main - es.deusto.grupo3.App - El coche ya existe, prueba con otro
INFO - 23:27:39,881 - main - es.deusto.grupo3.App - select * from COCHE where (matricula = '5678HHH')
INFO - 23:27:39,881 - main - es.deusto.grupo3.App - El coche ya existe, prueba con otro
INFO - 23:27:39,881 - main - es.deusto.grupo3.App - select * from MOTO where (matricula = '3344PPS')
INFO - 23:27:39,881 - main - es.deusto.grupo3.App - La moto ya existe, prueba con otro
INFO - 23:27:39,881 - main - es.deusto.grupo3.App - select * from MOTO where (matricula = '1212ABA')
INFO - 23:27:39,881 - main - es.deusto.grupo3.App - La moto ya existe, prueba con otro
INFO - 23:27:39,881 - main - es.deusto.grupo3.App - select * from MOTO where (matricula = '7892GFS')
INFO - 23:27:39,881 - main - es.deusto.grupo3.App - La moto ya existe, prueba con otro
INFO - 23:27:46,566 - AWT-EventQueue-0 - es.deusto.grupo3.App - select * from COCHE
INFO - 23:27:48,970 - AWT-EventQueue-0 - es.deusto.grupo3.App - select * from COCHE
INFO - 23:27:59,868 - AWT-EventQueue-0 - es.deusto.grupo3.App - select * from COCHE
INFO - 23:28:01,664 - AWT-EventQueue-0 - es.deusto.grupo3.App - select * from COCHE
INFO - 23:28:25,117 - main - es.deusto.grupo3.App - Nombre: nuestroBD.db / Base de datos conectada
INFO - 23:28:25,132 - main - es.deusto.grupo3.App - select * from COCHE where (matricula = '1234ABC')
INFO - 23:28:25,132 - main - es.deusto.grupo3.App - El coche ya existe, prueba con otro
INFO - 23:28:25,132 - main - es.deusto.grupo3.App - select * from COCHE where (matricula = '9999BBB')
INFO - 23:28:25,132 - main - es.deusto.grupo3.App - El coche ya existe, prueba con otro
INFO - 23:28:25,148 - main - es.deusto.grupo3.App - select * from COCHE where (matricula = '5678HHH')
INFO - 23:28:25,148 - main - es.deusto.grupo3.App - El coche ya existe, prueba con otro
INFO - 23:28:25,148 - main - es.deusto.grupo3.App - select * from MOTO where (matricula = '3344PPS')
INFO - 23:28:25,148 - main - es.deusto.grupo3.App - La moto ya existe, prueba con otro
INFO - 23:28:25,148 - main - es.deusto.grupo3.App - select * from MOTO where (matricula = '1212ABA')
INFO - 23:28:25,148 - main - es.deusto.grupo3.App - La moto ya existe, prueba con otro
INFO - 23:28:25,148 - main - es.deusto.grupo3.App - select * from MOTO where (matricula = '7892GFS')
INFO - 23:28:25,148 - main - es.deusto.grupo3.App - La moto ya existe, prueba con otro
INFO - 23:28:32,157 - AWT-EventQueue-0 - es.deusto.grupo3.App - select * from COCHE
INFO - 23:28:36,089 - AWT-EventQueue-0 - es.deusto.grupo3.App - select * from COCHE
INFO - 23:28:38,555 - AWT-EventQueue-0 - es.deusto.grupo3.App - select * from COCHE
INFO - 23:28:42,690 - AWT-EventQueue-0 - es.deusto.grupo3.App - select * from COCHE
INFO - 23:28:44,298 - AWT-EventQueue-0 - es.deusto.grupo3.App - select * from COCHE
INFO - 23:29:11,843 - main - es.deusto.grupo3.App - Nombre: nuestroBD.db / Base de datos conectada
INFO - 23:29:11,859 - main - es.deusto.grupo3.App - select * from COCHE where (matricula = '1234ABC')
INFO - 23:29:11,859 - main - es.deusto.grupo3.App - El coche ya existe, prueba con otro
INFO - 23:29:11,859 - main - es.deusto.grupo3.App - select * from COCHE where (matricula = '9999BBB')
INFO - 23:29:11,859 - main - es.deusto.grupo3.App - El coche ya existe, prueba con otro
INFO - 23:29:11,874 - main - es.deusto.grupo3.App - select * from COCHE where (matricula = '5678HHH')
INFO - 23:29:11,875 - main - es.deusto.grupo3.App - El coche ya existe, prueba con otro
INFO - 23:29:11,875 - main - es.deusto.grupo3.App - select * from MOTO where (matricula = '3344PPS')
INFO - 23:29:11,875 - main - es.deusto.grupo3.App - La moto ya existe, prueba con otro
INFO - 23:29:11,875 - main - es.deusto.grupo3.App - select * from MOTO where (matricula = '1212ABA')
INFO - 23:29:11,875 - main - es.deusto.grupo3.App - La moto ya existe, prueba con otro
INFO - 23:29:11,875 - main - es.deusto.grupo3.App - select * from MOTO where (matricula = '7892GFS')
INFO - 23:29:11,875 - main - es.deusto.grupo3.App - La moto ya existe, prueba con otro
INFO - 23:29:19,431 - AWT-EventQueue-0 - es.deusto.grupo3.App - select * from COCHE
INFO - 23:29:21,898 - AWT-EventQueue-0 - es.deusto.grupo3.App - select * from COCHE
INFO - 23:29:28,615 - AWT-EventQueue-0 - es.deusto.grupo3.App - select * from COCHE
INFO - 23:29:30,411 - AWT-EventQueue-0 - es.deusto.grupo3.App - select * from COCHE
INFO - 23:30:23,618 - main - es.deusto.grupo3.App - Nombre: nuestroBD.db / Base de datos conectada
INFO - 23:30:23,634 - main - es.deusto.grupo3.App - select * from COCHE where (matricula = '1234ABC')
INFO - 23:30:23,634 - main - es.deusto.grupo3.App - El coche ya existe, prueba con otro
INFO - 23:30:23,634 - main - es.deusto.grupo3.App - select * from COCHE where (matricula = '9999BBB')
INFO - 23:30:23,634 - main - es.deusto.grupo3.App - El coche ya existe, prueba con otro
INFO - 23:30:23,650 - main - es.deusto.grupo3.App - select * from COCHE where (matricula = '5678HHH')
INFO - 23:30:23,650 - main - es.deusto.grupo3.App - El coche ya existe, prueba con otro
INFO - 23:30:23,650 - main - es.deusto.grupo3.App - select * from MOTO where (matricula = '3344PPS')
INFO - 23:30:23,650 - main - es.deusto.grupo3.App - La moto ya existe, prueba con otro
INFO - 23:30:23,650 - main - es.deusto.grupo3.App - select * from MOTO where (matricula = '1212ABA')
INFO - 23:30:23,650 - main - es.deusto.grupo3.App - La moto ya existe, prueba con otro
INFO - 23:30:23,650 - main - es.deusto.grupo3.App - select * from MOTO where (matricula = '7892GFS')
INFO - 23:30:23,650 - main - es.deusto.grupo3.App - La moto ya existe, prueba con otro
INFO - 23:30:30,225 - AWT-EventQueue-0 - es.deusto.grupo3.App - select * from COCHE
INFO - 23:31:29,328 - main - es.deusto.grupo3.App - Nombre: nuestroBD.db / Base de datos conectada
INFO - 23:31:29,344 - main - es.deusto.grupo3.App - select * from COCHE where (matricula = '1234ABC')
INFO - 23:31:29,360 - main - es.deusto.grupo3.App - El coche ya existe, prueba con otro
INFO - 23:31:29,360 - main - es.deusto.grupo3.App - select * from COCHE where (matricula = '9999BBB')
INFO - 23:31:29,360 - main - es.deusto.grupo3.App - El coche ya existe, prueba con otro
INFO - 23:31:29,360 - main - es.deusto.grupo3.App - select * from COCHE where (matricula = '5678HHH')
INFO - 23:31:29,360 - main - es.deusto.grupo3.App - El coche ya existe, prueba con otro
INFO - 23:31:29,360 - main - es.deusto.grupo3.App - select * from MOTO where (matricula = '3344PPS')
INFO - 23:31:29,360 - main - es.deusto.grupo3.App - La moto ya existe, prueba con otro
INFO - 23:31:29,360 - main - es.deusto.grupo3.App - select * from MOTO where (matricula = '1212ABA')
INFO - 23:31:29,375 - main - es.deusto.grupo3.App - La moto ya existe, prueba con otro
INFO - 23:31:29,376 - main - es.deusto.grupo3.App - select * from MOTO where (matricula = '7892GFS')
INFO - 23:31:29,376 - main - es.deusto.grupo3.App - La moto ya existe, prueba con otro
INFO - 23:31:35,964 - AWT-EventQueue-0 - es.deusto.grupo3.App - select * from COCHE
INFO - 23:31:39,276 - AWT-EventQueue-0 - es.deusto.grupo3.App - select * from COCHE
INFO - 23:31:42,210 - AWT-EventQueue-0 - es.deusto.grupo3.App - select * from COCHE where (matricula = '9999BBB')
INFO - 23:31:42,210 - AWT-EventQueue-0 - es.deusto.grupo3.App - El coche ya existe, prueba con otro
INFO - 23:31:42,226 - AWT-EventQueue-0 - es.deusto.grupo3.App - update COCHE set precio = '44000.0'imagen = '/es/deusto/grupo3/img/Audi_Q3.jpg' WHERE matricula = '9999BBB'
INFO - 23:36:48,459 - main - es.deusto.grupo3.App - Nombre: nuestroBD.db / Base de datos conectada
INFO - 23:36:48,490 - main - es.deusto.grupo3.App - select * from COCHE where (matricula = '1234ABC')
INFO - 23:36:48,490 - main - es.deusto.grupo3.App - El coche ya existe, prueba con otro
INFO - 23:36:48,490 - main - es.deusto.grupo3.App - select * from COCHE where (matricula = '9999BBB')
INFO - 23:36:48,490 - main - es.deusto.grupo3.App - El coche ya existe, prueba con otro
INFO - 23:36:48,490 - main - es.deusto.grupo3.App - select * from COCHE where (matricula = '5678HHH')
INFO - 23:36:48,490 - main - es.deusto.grupo3.App - El coche ya existe, prueba con otro
INFO - 23:36:48,490 - main - es.deusto.grupo3.App - select * from MOTO where (matricula = '3344PPS')
INFO - 23:36:48,490 - main - es.deusto.grupo3.App - La moto ya existe, prueba con otro
INFO - 23:36:48,490 - main - es.deusto.grupo3.App - select * from MOTO where (matricula = '1212ABA')
INFO - 23:36:48,505 - main - es.deusto.grupo3.App - La moto ya existe, prueba con otro
INFO - 23:36:48,505 - main - es.deusto.grupo3.App - select * from MOTO where (matricula = '7892GFS')
INFO - 23:36:48,506 - main - es.deusto.grupo3.App - La moto ya existe, prueba con otro
INFO - 23:37:01,129 - AWT-EventQueue-0 - es.deusto.grupo3.App - select * from COCHE
INFO - 23:37:05,910 - AWT-EventQueue-0 - es.deusto.grupo3.App - select * from COCHE
INFO - 23:37:09,408 - AWT-EventQueue-0 - es.deusto.grupo3.App - select * from COCHE where (matricula = '9999BBB')
INFO - 23:37:09,408 - AWT-EventQueue-0 - es.deusto.grupo3.App - El coche ya existe, prueba con otro
INFO - 23:37:09,423 - AWT-EventQueue-0 - es.deusto.grupo3.App - update COCHE set  precio = '44000.0' imagen = '/es/deusto/grupo3/img/Audi_Q3.jpg' where matricula = '9999BBB'
INFO - 23:39:08,376 - main - es.deusto.grupo3.App - Nombre: nuestroBD.db / Base de datos conectada
INFO - 23:39:08,392 - main - es.deusto.grupo3.App - select * from COCHE where (matricula = '1234ABC')
INFO - 23:39:08,392 - main - es.deusto.grupo3.App - El coche ya existe, prueba con otro
INFO - 23:39:08,392 - main - es.deusto.grupo3.App - select * from COCHE where (matricula = '9999BBB')
INFO - 23:39:08,392 - main - es.deusto.grupo3.App - El coche ya existe, prueba con otro
INFO - 23:39:08,392 - main - es.deusto.grupo3.App - select * from COCHE where (matricula = '5678HHH')
INFO - 23:39:08,392 - main - es.deusto.grupo3.App - El coche ya existe, prueba con otro
INFO - 23:39:08,408 - main - es.deusto.grupo3.App - select * from MOTO where (matricula = '3344PPS')
INFO - 23:39:08,424 - main - es.deusto.grupo3.App - La moto ya existe, prueba con otro
INFO - 23:39:08,424 - main - es.deusto.grupo3.App - select * from MOTO where (matricula = '1212ABA')
INFO - 23:39:08,424 - main - es.deusto.grupo3.App - La moto ya existe, prueba con otro
INFO - 23:39:08,424 - main - es.deusto.grupo3.App - select * from MOTO where (matricula = '7892GFS')
INFO - 23:39:08,424 - main - es.deusto.grupo3.App - La moto ya existe, prueba con otro
INFO - 23:39:16,790 - AWT-EventQueue-0 - es.deusto.grupo3.App - select * from COCHE
INFO - 23:39:18,554 - AWT-EventQueue-0 - es.deusto.grupo3.App - select * from COCHE
INFO - 23:39:21,613 - AWT-EventQueue-0 - es.deusto.grupo3.App - select * from COCHE where (matricula = '9999BBB')
INFO - 23:39:21,613 - AWT-EventQueue-0 - es.deusto.grupo3.App - El coche ya existe, prueba con otro
INFO - 23:39:21,628 - AWT-EventQueue-0 - es.deusto.grupo3.App - update COCHE set  precio = 44000.0 imagen = '/es/deusto/grupo3/img/Audi_Q3.jpg' where matricula = '9999BBB'
INFO - 23:43:40,972 - main - es.deusto.grupo3.App - Nombre: nuestroBD.db / Base de datos conectada
INFO - 23:43:40,988 - main - es.deusto.grupo3.App - select * from COCHE where (matricula = '1234ABC')
INFO - 23:43:40,988 - main - es.deusto.grupo3.App - El coche ya existe, prueba con otro
INFO - 23:43:40,988 - main - es.deusto.grupo3.App - select * from COCHE where (matricula = '9999BBB')
INFO - 23:43:41,004 - main - es.deusto.grupo3.App - El coche ya existe, prueba con otro
INFO - 23:43:41,004 - main - es.deusto.grupo3.App - select * from COCHE where (matricula = '5678HHH')
INFO - 23:43:41,004 - main - es.deusto.grupo3.App - El coche ya existe, prueba con otro
INFO - 23:43:41,004 - main - es.deusto.grupo3.App - select * from MOTO where (matricula = '3344PPS')
INFO - 23:43:41,004 - main - es.deusto.grupo3.App - La moto ya existe, prueba con otro
INFO - 23:43:41,004 - main - es.deusto.grupo3.App - select * from MOTO where (matricula = '1212ABA')
INFO - 23:43:41,004 - main - es.deusto.grupo3.App - La moto ya existe, prueba con otro
INFO - 23:43:41,004 - main - es.deusto.grupo3.App - select * from MOTO where (matricula = '7892GFS')
INFO - 23:43:41,019 - main - es.deusto.grupo3.App - La moto ya existe, prueba con otro
INFO - 23:43:47,450 - AWT-EventQueue-0 - es.deusto.grupo3.App - select * from COCHE
INFO - 23:43:48,996 - AWT-EventQueue-0 - es.deusto.grupo3.App - select * from COCHE
INFO - 23:43:51,930 - AWT-EventQueue-0 - es.deusto.grupo3.App - select * from COCHE where (matricula = '9999BBB')
INFO - 23:43:51,930 - AWT-EventQueue-0 - es.deusto.grupo3.App - El coche ya existe, prueba con otro
INFO - 23:43:51,930 - AWT-EventQueue-0 - es.deusto.grupo3.App - update COCHE set ( precio = 53000.0 imagen = '/es/deusto/grupo3/img/Audi_Q3.jpg') where matricula = '9999BBB'
INFO - 23:44:17,563 - main - es.deusto.grupo3.App - Nombre: nuestroBD.db / Base de datos conectada
INFO - 23:44:17,578 - main - es.deusto.grupo3.App - select * from COCHE where (matricula = '1234ABC')
INFO - 23:44:17,578 - main - es.deusto.grupo3.App - El coche ya existe, prueba con otro
INFO - 23:44:17,578 - main - es.deusto.grupo3.App - select * from COCHE where (matricula = '9999BBB')
INFO - 23:44:17,578 - main - es.deusto.grupo3.App - El coche ya existe, prueba con otro
INFO - 23:44:17,595 - main - es.deusto.grupo3.App - select * from COCHE where (matricula = '5678HHH')
INFO - 23:44:17,595 - main - es.deusto.grupo3.App - El coche ya existe, prueba con otro
INFO - 23:44:17,595 - main - es.deusto.grupo3.App - select * from MOTO where (matricula = '3344PPS')
INFO - 23:44:17,595 - main - es.deusto.grupo3.App - La moto ya existe, prueba con otro
INFO - 23:44:17,595 - main - es.deusto.grupo3.App - select * from MOTO where (matricula = '1212ABA')
INFO - 23:44:17,595 - main - es.deusto.grupo3.App - La moto ya existe, prueba con otro
INFO - 23:44:17,595 - main - es.deusto.grupo3.App - select * from MOTO where (matricula = '7892GFS')
INFO - 23:44:17,595 - main - es.deusto.grupo3.App - La moto ya existe, prueba con otro
INFO - 23:44:25,383 - AWT-EventQueue-0 - es.deusto.grupo3.App - select * from COCHE
INFO - 23:44:28,787 - AWT-EventQueue-0 - es.deusto.grupo3.App - select * from COCHE
INFO - 23:44:33,283 - AWT-EventQueue-0 - es.deusto.grupo3.App - select * from COCHE where (matricula = '9999BBB')
INFO - 23:44:33,299 - AWT-EventQueue-0 - es.deusto.grupo3.App - El coche ya existe, prueba con otro
INFO - 23:44:33,299 - AWT-EventQueue-0 - es.deusto.grupo3.App - update COCHE set  precio = 53000.0 imagen = '/es/deusto/grupo3/img/Audi_Q3.jpg' where matricula = '9999BBB'
INFO - 23:45:03,480 - main - es.deusto.grupo3.App - Nombre: nuestroBD.db / Base de datos conectada
INFO - 23:45:03,496 - main - es.deusto.grupo3.App - select * from COCHE where (matricula = '1234ABC')
INFO - 23:45:03,496 - main - es.deusto.grupo3.App - El coche ya existe, prueba con otro
INFO - 23:45:03,496 - main - es.deusto.grupo3.App - select * from COCHE where (matricula = '9999BBB')
INFO - 23:45:03,496 - main - es.deusto.grupo3.App - El coche ya existe, prueba con otro
INFO - 23:45:03,496 - main - es.deusto.grupo3.App - select * from COCHE where (matricula = '5678HHH')
INFO - 23:45:03,496 - main - es.deusto.grupo3.App - El coche ya existe, prueba con otro
INFO - 23:45:03,513 - main - es.deusto.grupo3.App - select * from MOTO where (matricula = '3344PPS')
INFO - 23:45:03,513 - main - es.deusto.grupo3.App - La moto ya existe, prueba con otro
INFO - 23:45:03,513 - main - es.deusto.grupo3.App - select * from MOTO where (matricula = '1212ABA')
INFO - 23:45:03,513 - main - es.deusto.grupo3.App - La moto ya existe, prueba con otro
INFO - 23:45:03,513 - main - es.deusto.grupo3.App - select * from MOTO where (matricula = '7892GFS')
INFO - 23:45:03,513 - main - es.deusto.grupo3.App - La moto ya existe, prueba con otro
INFO - 23:45:09,976 - AWT-EventQueue-0 - es.deusto.grupo3.App - select * from COCHE
INFO - 23:45:11,833 - AWT-EventQueue-0 - es.deusto.grupo3.App - select * from COCHE
INFO - 23:45:15,588 - AWT-EventQueue-0 - es.deusto.grupo3.App - select * from COCHE where (matricula = '9999BBB')
INFO - 23:45:15,588 - AWT-EventQueue-0 - es.deusto.grupo3.App - El coche ya existe, prueba con otro
INFO - 23:47:35,037 - main - es.deusto.grupo3.App - Nombre: nuestroBD.db / Base de datos conectada
INFO - 23:47:35,052 - main - es.deusto.grupo3.App - select * from COCHE where (matricula = '1234ABC')
INFO - 23:47:35,052 - main - es.deusto.grupo3.App - El coche ya existe, prueba con otro
INFO - 23:47:35,052 - main - es.deusto.grupo3.App - select * from COCHE where (matricula = '9999BBB')
INFO - 23:47:35,052 - main - es.deusto.grupo3.App - El coche ya existe, prueba con otro
INFO - 23:47:35,052 - main - es.deusto.grupo3.App - select * from COCHE where (matricula = '5678HHH')
INFO - 23:47:35,052 - main - es.deusto.grupo3.App - El coche ya existe, prueba con otro
INFO - 23:47:35,068 - main - es.deusto.grupo3.App - select * from MOTO where (matricula = '3344PPS')
INFO - 23:47:35,069 - main - es.deusto.grupo3.App - La moto ya existe, prueba con otro
INFO - 23:47:35,069 - main - es.deusto.grupo3.App - select * from MOTO where (matricula = '1212ABA')
INFO - 23:47:35,069 - main - es.deusto.grupo3.App - La moto ya existe, prueba con otro
INFO - 23:47:35,069 - main - es.deusto.grupo3.App - select * from MOTO where (matricula = '7892GFS')
INFO - 23:47:35,069 - main - es.deusto.grupo3.App - La moto ya existe, prueba con otro
INFO - 23:47:42,173 - AWT-EventQueue-0 - es.deusto.grupo3.App - select * from COCHE
INFO - 23:47:43,562 - AWT-EventQueue-0 - es.deusto.grupo3.App - select * from COCHE
INFO - 23:47:47,496 - AWT-EventQueue-0 - es.deusto.grupo3.App - select * from COCHE where (matricula = '9999BBB')
INFO - 23:47:47,496 - AWT-EventQueue-0 - es.deusto.grupo3.App - El coche ya existe, prueba con otro
INFO - 23:47:47,511 - AWT-EventQueue-0 - es.deusto.grupo3.App - update COCHE set  precio = 53000.0 imagen = '/es/deusto/grupo3/img/Audi_Q3.jpg' where matricula = '9999BBB'
INFO - 23:49:15,406 - main - es.deusto.grupo3.App - Nombre: nuestroBD.db / Base de datos conectada
INFO - 23:49:15,421 - main - es.deusto.grupo3.App - select * from COCHE where (matricula = '1234ABC')
INFO - 23:49:15,421 - main - es.deusto.grupo3.App - El coche ya existe, prueba con otro
INFO - 23:49:15,421 - main - es.deusto.grupo3.App - select * from COCHE where (matricula = '9999BBB')
INFO - 23:49:15,421 - main - es.deusto.grupo3.App - El coche ya existe, prueba con otro
INFO - 23:49:15,438 - main - es.deusto.grupo3.App - select * from COCHE where (matricula = '5678HHH')
INFO - 23:49:15,438 - main - es.deusto.grupo3.App - El coche ya existe, prueba con otro
INFO - 23:49:15,438 - main - es.deusto.grupo3.App - select * from MOTO where (matricula = '3344PPS')
INFO - 23:49:15,438 - main - es.deusto.grupo3.App - La moto ya existe, prueba con otro
INFO - 23:49:15,438 - main - es.deusto.grupo3.App - select * from MOTO where (matricula = '1212ABA')
INFO - 23:49:15,438 - main - es.deusto.grupo3.App - La moto ya existe, prueba con otro
INFO - 23:49:15,438 - main - es.deusto.grupo3.App - select * from MOTO where (matricula = '7892GFS')
INFO - 23:49:15,438 - main - es.deusto.grupo3.App - La moto ya existe, prueba con otro
INFO - 23:49:22,213 - AWT-EventQueue-0 - es.deusto.grupo3.App - select * from COCHE
INFO - 23:49:25,431 - AWT-EventQueue-0 - es.deusto.grupo3.App - select * from COCHE
INFO - 23:49:28,398 - AWT-EventQueue-0 - es.deusto.grupo3.App - select * from COCHE where (matricula = '9999BBB')
INFO - 23:49:28,398 - AWT-EventQueue-0 - es.deusto.grupo3.App - El coche ya existe, prueba con otro
INFO - 23:49:28,414 - AWT-EventQueue-0 - es.deusto.grupo3.App - update COCHE set  precio = 44000.0 imagen = '/es/deusto/grupo3/img/Audi_Q3.jpg' where matricula = '9999BBB'
INFO - 23:50:09,278 - main - es.deusto.grupo3.App - Nombre: nuestroBD.db / Base de datos conectada
INFO - 23:50:09,294 - main - es.deusto.grupo3.App - select * from COCHE where (matricula = '1234ABC')
INFO - 23:50:09,294 - main - es.deusto.grupo3.App - El coche ya existe, prueba con otro
INFO - 23:50:09,294 - main - es.deusto.grupo3.App - select * from COCHE where (matricula = '9999BBB')
INFO - 23:50:09,294 - main - es.deusto.grupo3.App - El coche ya existe, prueba con otro
INFO - 23:50:09,311 - main - es.deusto.grupo3.App - select * from COCHE where (matricula = '5678HHH')
INFO - 23:50:09,311 - main - es.deusto.grupo3.App - El coche ya existe, prueba con otro
INFO - 23:50:09,311 - main - es.deusto.grupo3.App - select * from MOTO where (matricula = '3344PPS')
INFO - 23:50:09,311 - main - es.deusto.grupo3.App - La moto ya existe, prueba con otro
INFO - 23:50:09,311 - main - es.deusto.grupo3.App - select * from MOTO where (matricula = '1212ABA')
INFO - 23:50:09,311 - main - es.deusto.grupo3.App - La moto ya existe, prueba con otro
INFO - 23:50:09,311 - main - es.deusto.grupo3.App - select * from MOTO where (matricula = '7892GFS')
INFO - 23:50:09,311 - main - es.deusto.grupo3.App - La moto ya existe, prueba con otro
INFO - 23:50:15,678 - AWT-EventQueue-0 - es.deusto.grupo3.App - select * from COCHE
INFO - 23:50:17,053 - AWT-EventQueue-0 - es.deusto.grupo3.App - select * from COCHE
INFO - 23:50:19,722 - AWT-EventQueue-0 - es.deusto.grupo3.App - select * from COCHE where (matricula = '9999BBB')
INFO - 23:50:19,722 - AWT-EventQueue-0 - es.deusto.grupo3.App - El coche ya existe, prueba con otro
INFO - 23:50:19,737 - AWT-EventQueue-0 - es.deusto.grupo3.App - update COCHE set  imagen = '/es/deusto/grupo3/img/Audi_Q3.jpg' precio = 44000.0 where matricula = '9999BBB'
